This is pdfTeX, Version 3.14159265-2.6-1.40.18 (TeX Live 2017) (preloaded format=pdflatex 2017.5.23)  8 MAR 2019 09:21
entering extended mode
 restricted \write18 enabled.
 %&-line parsing enabled.
**/Users/jamesfranke/Documents/GitHub/PhaseIIPaper/main.tex
(/Users/jamesfranke/Documents/GitHub/PhaseIIPaper/main.tex
LaTeX2e <2017-04-15>
Babel <3.10> and hyphenation patterns for 84 language(s) loaded.
(/Users/jamesfranke/Documents/GitHub/PhaseIIPaper/copernicus.cls
Document Class: copernicus 2018/10/08 8.82 Copernicus papers
(/usr/local/texlive/2017/texmf-dist/tex/latex/base/fixltx2e.sty
Package: fixltx2e 2016/12/29 v2.1a fixes to LaTeX (obsolete)
Applying: [2015/01/01] Old fixltx2e package on input line 46.

Package fixltx2e Warning: fixltx2e is not required with releases after 2015
(fixltx2e)                All fixes are now in the LaTeX kernel.
(fixltx2e)                See the latexrelease package for details.

Already applied: [0000/00/00] Old fixltx2e package on input line 53.
)
Additional configuration file copernicus.cfg used
(/Users/jamesfranke/Documents/GitHub/PhaseIIPaper/copernicus.cfg) (/usr/local/t
exlive/2017/texmf-dist/tex/latex/base/article.cls
Document Class: article 2014/09/29 v1.4h Standard LaTeX document class
(/usr/local/texlive/2017/texmf-dist/tex/latex/base/fleqn.clo
File: fleqn.clo 2016/12/29 v1.2a Standard LaTeX option (flush left equations)
\mathindent=\dimen102
Applying: [2015/01/01] Make \[ robust on input line 50.
LaTeX Info: Redefining \[ on input line 51.
Already applied: [0000/00/00] Make \[ robust on input line 62.
Applying: [2015/01/01] Make \] robust on input line 74.
LaTeX Info: Redefining \] on input line 75.
Already applied: [0000/00/00] Make \] robust on input line 83.
) (/usr/local/texlive/2017/texmf-dist/tex/latex/base/size10.clo
File: size10.clo 2014/09/29 v1.4h Standard LaTeX file (size option)
)
\c@part=\count79
\c@section=\count80
\c@subsection=\count81
\c@subsubsection=\count82
\c@paragraph=\count83
\c@subparagraph=\count84
\c@figure=\count85
\c@table=\count86
\abovecaptionskip=\skip41
\belowcaptionskip=\skip42
\bibindent=\dimen103
)
\bleed=\dimen104
\longtwo@top=\skip43
\longtwo@bottom=\skip44
\longtwo@box=\box26
(/usr/local/texlive/2017/texmf-dist/tex/generic/ulem/ulem.sty
\UL@box=\box27
\UL@hyphenbox=\box28
\UL@skip=\skip45
\UL@hook=\toks14
\UL@height=\dimen105
\UL@pe=\count87
\UL@pixel=\dimen106
\ULC@box=\box29
Package: ulem 2012/05/18
\ULdepth=\dimen107
) (/usr/local/texlive/2017/texmf-dist/tex/latex/base/fontenc.sty
Package: fontenc 2017/04/05 v2.0i Standard LaTeX package
(/usr/local/texlive/2017/texmf-dist/tex/latex/base/t1enc.def
File: t1enc.def 2017/04/05 v2.0i Standard LaTeX file
LaTeX Font Info:    Redeclaring font encoding T1 on input line 48.
)) (/usr/local/texlive/2017/texmf-dist/tex/latex/base/textcomp.sty
Package: textcomp 2017/04/05 v2.0i Standard LaTeX package
Package textcomp Info: Sub-encoding information:
(textcomp)               5 = only ISO-Adobe without \textcurrency
(textcomp)               4 = 5 + \texteuro
(textcomp)               3 = 4 + \textohm
(textcomp)               2 = 3 + \textestimated + \textcurrency
(textcomp)               1 = TS1 - \textcircled - \t
(textcomp)               0 = TS1 (full)
(textcomp)             Font families with sub-encoding setting implement
(textcomp)             only a restricted character set as indicated.
(textcomp)             Family '?' is the default used for unknown fonts.
(textcomp)             See the documentation for details.
Package textcomp Info: Setting ? sub-encoding to TS1/1 on input line 79.
(/usr/local/texlive/2017/texmf-dist/tex/latex/base/ts1enc.def
File: ts1enc.def 2001/06/05 v3.0e (jk/car/fm) Standard LaTeX file
)
LaTeX Info: Redefining \oldstylenums on input line 334.
Package textcomp Info: Setting cmr sub-encoding to TS1/0 on input line 349.
Package textcomp Info: Setting cmss sub-encoding to TS1/0 on input line 350.
Package textcomp Info: Setting cmtt sub-encoding to TS1/0 on input line 351.
Package textcomp Info: Setting cmvtt sub-encoding to TS1/0 on input line 352.
Package textcomp Info: Setting cmbr sub-encoding to TS1/0 on input line 353.
Package textcomp Info: Setting cmtl sub-encoding to TS1/0 on input line 354.
Package textcomp Info: Setting ccr sub-encoding to TS1/0 on input line 355.
Package textcomp Info: Setting ptm sub-encoding to TS1/4 on input line 356.
Package textcomp Info: Setting pcr sub-encoding to TS1/4 on input line 357.
Package textcomp Info: Setting phv sub-encoding to TS1/4 on input line 358.
Package textcomp Info: Setting ppl sub-encoding to TS1/3 on input line 359.
Package textcomp Info: Setting pag sub-encoding to TS1/4 on input line 360.
Package textcomp Info: Setting pbk sub-encoding to TS1/4 on input line 361.
Package textcomp Info: Setting pnc sub-encoding to TS1/4 on input line 362.
Package textcomp Info: Setting pzc sub-encoding to TS1/4 on input line 363.
Package textcomp Info: Setting bch sub-encoding to TS1/4 on input line 364.
Package textcomp Info: Setting put sub-encoding to TS1/5 on input line 365.
Package textcomp Info: Setting uag sub-encoding to TS1/5 on input line 366.
Package textcomp Info: Setting ugq sub-encoding to TS1/5 on input line 367.
Package textcomp Info: Setting ul8 sub-encoding to TS1/4 on input line 368.
Package textcomp Info: Setting ul9 sub-encoding to TS1/4 on input line 369.
Package textcomp Info: Setting augie sub-encoding to TS1/5 on input line 370.
Package textcomp Info: Setting dayrom sub-encoding to TS1/3 on input line 371.
Package textcomp Info: Setting dayroms sub-encoding to TS1/3 on input line 372.

Package textcomp Info: Setting pxr sub-encoding to TS1/0 on input line 373.
Package textcomp Info: Setting pxss sub-encoding to TS1/0 on input line 374.
Package textcomp Info: Setting pxtt sub-encoding to TS1/0 on input line 375.
Package textcomp Info: Setting txr sub-encoding to TS1/0 on input line 376.
Package textcomp Info: Setting txss sub-encoding to TS1/0 on input line 377.
Package textcomp Info: Setting txtt sub-encoding to TS1/0 on input line 378.
Package textcomp Info: Setting lmr sub-encoding to TS1/0 on input line 379.
Package textcomp Info: Setting lmdh sub-encoding to TS1/0 on input line 380.
Package textcomp Info: Setting lmss sub-encoding to TS1/0 on input line 381.
Package textcomp Info: Setting lmssq sub-encoding to TS1/0 on input line 382.
Package textcomp Info: Setting lmvtt sub-encoding to TS1/0 on input line 383.
Package textcomp Info: Setting lmtt sub-encoding to TS1/0 on input line 384.
Package textcomp Info: Setting qhv sub-encoding to TS1/0 on input line 385.
Package textcomp Info: Setting qag sub-encoding to TS1/0 on input line 386.
Package textcomp Info: Setting qbk sub-encoding to TS1/0 on input line 387.
Package textcomp Info: Setting qcr sub-encoding to TS1/0 on input line 388.
Package textcomp Info: Setting qcs sub-encoding to TS1/0 on input line 389.
Package textcomp Info: Setting qpl sub-encoding to TS1/0 on input line 390.
Package textcomp Info: Setting qtm sub-encoding to TS1/0 on input line 391.
Package textcomp Info: Setting qzc sub-encoding to TS1/0 on input line 392.
Package textcomp Info: Setting qhvc sub-encoding to TS1/0 on input line 393.
Package textcomp Info: Setting futs sub-encoding to TS1/4 on input line 394.
Package textcomp Info: Setting futx sub-encoding to TS1/4 on input line 395.
Package textcomp Info: Setting futj sub-encoding to TS1/4 on input line 396.
Package textcomp Info: Setting hlh sub-encoding to TS1/3 on input line 397.
Package textcomp Info: Setting hls sub-encoding to TS1/3 on input line 398.
Package textcomp Info: Setting hlst sub-encoding to TS1/3 on input line 399.
Package textcomp Info: Setting hlct sub-encoding to TS1/5 on input line 400.
Package textcomp Info: Setting hlx sub-encoding to TS1/5 on input line 401.
Package textcomp Info: Setting hlce sub-encoding to TS1/5 on input line 402.
Package textcomp Info: Setting hlcn sub-encoding to TS1/5 on input line 403.
Package textcomp Info: Setting hlcw sub-encoding to TS1/5 on input line 404.
Package textcomp Info: Setting hlcf sub-encoding to TS1/5 on input line 405.
Package textcomp Info: Setting pplx sub-encoding to TS1/3 on input line 406.
Package textcomp Info: Setting pplj sub-encoding to TS1/3 on input line 407.
Package textcomp Info: Setting ptmx sub-encoding to TS1/4 on input line 408.
Package textcomp Info: Setting ptmj sub-encoding to TS1/4 on input line 409.
) (/usr/local/texlive/2017/texmf-dist/tex/latex/base/inputenc.sty
Package: inputenc 2015/03/17 v1.2c Input encoding file
\inpenc@prehook=\toks15
\inpenc@posthook=\toks16
(/usr/local/texlive/2017/texmf-dist/tex/latex/base/utf8.def
File: utf8.def 2017/01/28 v1.1t UTF-8 support for inputenc
Now handling font encoding OML ...
... no UTF-8 mapping file for font encoding OML
Now handling font encoding T1 ...
... processing UTF-8 mapping file for font encoding T1
(/usr/local/texlive/2017/texmf-dist/tex/latex/base/t1enc.dfu
File: t1enc.dfu 2017/01/28 v1.1t UTF-8 support for inputenc
   defining Unicode char U+00A0 (decimal 160)
   defining Unicode char U+00A1 (decimal 161)
   defining Unicode char U+00A3 (decimal 163)
   defining Unicode char U+00AB (decimal 171)
   defining Unicode char U+00AD (decimal 173)
   defining Unicode char U+00BB (decimal 187)
   defining Unicode char U+00BF (decimal 191)
   defining Unicode char U+00C0 (decimal 192)
   defining Unicode char U+00C1 (decimal 193)
   defining Unicode char U+00C2 (decimal 194)
   defining Unicode char U+00C3 (decimal 195)
   defining Unicode char U+00C4 (decimal 196)
   defining Unicode char U+00C5 (decimal 197)
   defining Unicode char U+00C6 (decimal 198)
   defining Unicode char U+00C7 (decimal 199)
   defining Unicode char U+00C8 (decimal 200)
   defining Unicode char U+00C9 (decimal 201)
   defining Unicode char U+00CA (decimal 202)
   defining Unicode char U+00CB (decimal 203)
   defining Unicode char U+00CC (decimal 204)
   defining Unicode char U+00CD (decimal 205)
   defining Unicode char U+00CE (decimal 206)
   defining Unicode char U+00CF (decimal 207)
   defining Unicode char U+00D0 (decimal 208)
   defining Unicode char U+00D1 (decimal 209)
   defining Unicode char U+00D2 (decimal 210)
   defining Unicode char U+00D3 (decimal 211)
   defining Unicode char U+00D4 (decimal 212)
   defining Unicode char U+00D5 (decimal 213)
   defining Unicode char U+00D6 (decimal 214)
   defining Unicode char U+00D8 (decimal 216)
   defining Unicode char U+00D9 (decimal 217)
   defining Unicode char U+00DA (decimal 218)
   defining Unicode char U+00DB (decimal 219)
   defining Unicode char U+00DC (decimal 220)
   defining Unicode char U+00DD (decimal 221)
   defining Unicode char U+00DE (decimal 222)
   defining Unicode char U+00DF (decimal 223)
   defining Unicode char U+00E0 (decimal 224)
   defining Unicode char U+00E1 (decimal 225)
   defining Unicode char U+00E2 (decimal 226)
   defining Unicode char U+00E3 (decimal 227)
   defining Unicode char U+00E4 (decimal 228)
   defining Unicode char U+00E5 (decimal 229)
   defining Unicode char U+00E6 (decimal 230)
   defining Unicode char U+00E7 (decimal 231)
   defining Unicode char U+00E8 (decimal 232)
   defining Unicode char U+00E9 (decimal 233)
   defining Unicode char U+00EA (decimal 234)
   defining Unicode char U+00EB (decimal 235)
   defining Unicode char U+00EC (decimal 236)
   defining Unicode char U+00ED (decimal 237)
   defining Unicode char U+00EE (decimal 238)
   defining Unicode char U+00EF (decimal 239)
   defining Unicode char U+00F0 (decimal 240)
   defining Unicode char U+00F1 (decimal 241)
   defining Unicode char U+00F2 (decimal 242)
   defining Unicode char U+00F3 (decimal 243)
   defining Unicode char U+00F4 (decimal 244)
   defining Unicode char U+00F5 (decimal 245)
   defining Unicode char U+00F6 (decimal 246)
   defining Unicode char U+00F8 (decimal 248)
   defining Unicode char U+00F9 (decimal 249)
   defining Unicode char U+00FA (decimal 250)
   defining Unicode char U+00FB (decimal 251)
   defining Unicode char U+00FC (decimal 252)
   defining Unicode char U+00FD (decimal 253)
   defining Unicode char U+00FE (decimal 254)
   defining Unicode char U+00FF (decimal 255)
   defining Unicode char U+0100 (decimal 256)
   defining Unicode char U+0101 (decimal 257)
   defining Unicode char U+0102 (decimal 258)
   defining Unicode char U+0103 (decimal 259)
   defining Unicode char U+0104 (decimal 260)
   defining Unicode char U+0105 (decimal 261)
   defining Unicode char U+0106 (decimal 262)
   defining Unicode char U+0107 (decimal 263)
   defining Unicode char U+0108 (decimal 264)
   defining Unicode char U+0109 (decimal 265)
   defining Unicode char U+010A (decimal 266)
   defining Unicode char U+010B (decimal 267)
   defining Unicode char U+010C (decimal 268)
   defining Unicode char U+010D (decimal 269)
   defining Unicode char U+010E (decimal 270)
   defining Unicode char U+010F (decimal 271)
   defining Unicode char U+0110 (decimal 272)
   defining Unicode char U+0111 (decimal 273)
   defining Unicode char U+0112 (decimal 274)
   defining Unicode char U+0113 (decimal 275)
   defining Unicode char U+0114 (decimal 276)
   defining Unicode char U+0115 (decimal 277)
   defining Unicode char U+0116 (decimal 278)
   defining Unicode char U+0117 (decimal 279)
   defining Unicode char U+0118 (decimal 280)
   defining Unicode char U+0119 (decimal 281)
   defining Unicode char U+011A (decimal 282)
   defining Unicode char U+011B (decimal 283)
   defining Unicode char U+011C (decimal 284)
   defining Unicode char U+011D (decimal 285)
   defining Unicode char U+011E (decimal 286)
   defining Unicode char U+011F (decimal 287)
   defining Unicode char U+0120 (decimal 288)
   defining Unicode char U+0121 (decimal 289)
   defining Unicode char U+0122 (decimal 290)
   defining Unicode char U+0123 (decimal 291)
   defining Unicode char U+0124 (decimal 292)
   defining Unicode char U+0125 (decimal 293)
   defining Unicode char U+0128 (decimal 296)
   defining Unicode char U+0129 (decimal 297)
   defining Unicode char U+012A (decimal 298)
   defining Unicode char U+012B (decimal 299)
   defining Unicode char U+012C (decimal 300)
   defining Unicode char U+012D (decimal 301)
   defining Unicode char U+012E (decimal 302)
   defining Unicode char U+012F (decimal 303)
   defining Unicode char U+0130 (decimal 304)
   defining Unicode char U+0131 (decimal 305)
   defining Unicode char U+0132 (decimal 306)
   defining Unicode char U+0133 (decimal 307)
   defining Unicode char U+0134 (decimal 308)
   defining Unicode char U+0135 (decimal 309)
   defining Unicode char U+0136 (decimal 310)
   defining Unicode char U+0137 (decimal 311)
   defining Unicode char U+0139 (decimal 313)
   defining Unicode char U+013A (decimal 314)
   defining Unicode char U+013B (decimal 315)
   defining Unicode char U+013C (decimal 316)
   defining Unicode char U+013D (decimal 317)
   defining Unicode char U+013E (decimal 318)
   defining Unicode char U+0141 (decimal 321)
   defining Unicode char U+0142 (decimal 322)
   defining Unicode char U+0143 (decimal 323)
   defining Unicode char U+0144 (decimal 324)
   defining Unicode char U+0145 (decimal 325)
   defining Unicode char U+0146 (decimal 326)
   defining Unicode char U+0147 (decimal 327)
   defining Unicode char U+0148 (decimal 328)
   defining Unicode char U+014A (decimal 330)
   defining Unicode char U+014B (decimal 331)
   defining Unicode char U+014C (decimal 332)
   defining Unicode char U+014D (decimal 333)
   defining Unicode char U+014E (decimal 334)
   defining Unicode char U+014F (decimal 335)
   defining Unicode char U+0150 (decimal 336)
   defining Unicode char U+0151 (decimal 337)
   defining Unicode char U+0152 (decimal 338)
   defining Unicode char U+0153 (decimal 339)
   defining Unicode char U+0154 (decimal 340)
   defining Unicode char U+0155 (decimal 341)
   defining Unicode char U+0156 (decimal 342)
   defining Unicode char U+0157 (decimal 343)
   defining Unicode char U+0158 (decimal 344)
   defining Unicode char U+0159 (decimal 345)
   defining Unicode char U+015A (decimal 346)
   defining Unicode char U+015B (decimal 347)
   defining Unicode char U+015C (decimal 348)
   defining Unicode char U+015D (decimal 349)
   defining Unicode char U+015E (decimal 350)
   defining Unicode char U+015F (decimal 351)
   defining Unicode char U+0160 (decimal 352)
   defining Unicode char U+0161 (decimal 353)
   defining Unicode char U+0162 (decimal 354)
   defining Unicode char U+0163 (decimal 355)
   defining Unicode char U+0164 (decimal 356)
   defining Unicode char U+0165 (decimal 357)
   defining Unicode char U+0168 (decimal 360)
   defining Unicode char U+0169 (decimal 361)
   defining Unicode char U+016A (decimal 362)
   defining Unicode char U+016B (decimal 363)
   defining Unicode char U+016C (decimal 364)
   defining Unicode char U+016D (decimal 365)
   defining Unicode char U+016E (decimal 366)
   defining Unicode char U+016F (decimal 367)
   defining Unicode char U+0170 (decimal 368)
   defining Unicode char U+0171 (decimal 369)
   defining Unicode char U+0172 (decimal 370)
   defining Unicode char U+0173 (decimal 371)
   defining Unicode char U+0174 (decimal 372)
   defining Unicode char U+0175 (decimal 373)
   defining Unicode char U+0176 (decimal 374)
   defining Unicode char U+0177 (decimal 375)
   defining Unicode char U+0178 (decimal 376)
   defining Unicode char U+0179 (decimal 377)
   defining Unicode char U+017A (decimal 378)
   defining Unicode char U+017B (decimal 379)
   defining Unicode char U+017C (decimal 380)
   defining Unicode char U+017D (decimal 381)
   defining Unicode char U+017E (decimal 382)
   defining Unicode char U+01CD (decimal 461)
   defining Unicode char U+01CE (decimal 462)
   defining Unicode char U+01CF (decimal 463)
   defining Unicode char U+01D0 (decimal 464)
   defining Unicode char U+01D1 (decimal 465)
   defining Unicode char U+01D2 (decimal 466)
   defining Unicode char U+01D3 (decimal 467)
   defining Unicode char U+01D4 (decimal 468)
   defining Unicode char U+01E2 (decimal 482)
   defining Unicode char U+01E3 (decimal 483)
   defining Unicode char U+01E6 (decimal 486)
   defining Unicode char U+01E7 (decimal 487)
   defining Unicode char U+01E8 (decimal 488)
   defining Unicode char U+01E9 (decimal 489)
   defining Unicode char U+01EA (decimal 490)
   defining Unicode char U+01EB (decimal 491)
   defining Unicode char U+01F0 (decimal 496)
   defining Unicode char U+01F4 (decimal 500)
   defining Unicode char U+01F5 (decimal 501)
   defining Unicode char U+0218 (decimal 536)
   defining Unicode char U+0219 (decimal 537)
   defining Unicode char U+021A (decimal 538)
   defining Unicode char U+021B (decimal 539)
   defining Unicode char U+0232 (decimal 562)
   defining Unicode char U+0233 (decimal 563)
   defining Unicode char U+1E02 (decimal 7682)
   defining Unicode char U+1E03 (decimal 7683)
   defining Unicode char U+200C (decimal 8204)
   defining Unicode char U+2010 (decimal 8208)
   defining Unicode char U+2011 (decimal 8209)
   defining Unicode char U+2012 (decimal 8210)
   defining Unicode char U+2013 (decimal 8211)
   defining Unicode char U+2014 (decimal 8212)
   defining Unicode char U+2015 (decimal 8213)
   defining Unicode char U+2018 (decimal 8216)
   defining Unicode char U+2019 (decimal 8217)
   defining Unicode char U+201A (decimal 8218)
   defining Unicode char U+201C (decimal 8220)
   defining Unicode char U+201D (decimal 8221)
   defining Unicode char U+201E (decimal 8222)
   defining Unicode char U+2030 (decimal 8240)
   defining Unicode char U+2031 (decimal 8241)
   defining Unicode char U+2039 (decimal 8249)
   defining Unicode char U+203A (decimal 8250)
   defining Unicode char U+2423 (decimal 9251)
   defining Unicode char U+1E20 (decimal 7712)
   defining Unicode char U+1E21 (decimal 7713)
)
Now handling font encoding OT1 ...
... processing UTF-8 mapping file for font encoding OT1
(/usr/local/texlive/2017/texmf-dist/tex/latex/base/ot1enc.dfu
File: ot1enc.dfu 2017/01/28 v1.1t UTF-8 support for inputenc
   defining Unicode char U+00A0 (decimal 160)
   defining Unicode char U+00A1 (decimal 161)
   defining Unicode char U+00A3 (decimal 163)
   defining Unicode char U+00AD (decimal 173)
   defining Unicode char U+00B8 (decimal 184)
   defining Unicode char U+00BF (decimal 191)
   defining Unicode char U+00C5 (decimal 197)
   defining Unicode char U+00C6 (decimal 198)
   defining Unicode char U+00D8 (decimal 216)
   defining Unicode char U+00DF (decimal 223)
   defining Unicode char U+00E6 (decimal 230)
   defining Unicode char U+00EC (decimal 236)
   defining Unicode char U+00ED (decimal 237)
   defining Unicode char U+00EE (decimal 238)
   defining Unicode char U+00EF (decimal 239)
   defining Unicode char U+00F8 (decimal 248)
   defining Unicode char U+0131 (decimal 305)
   defining Unicode char U+0141 (decimal 321)
   defining Unicode char U+0142 (decimal 322)
   defining Unicode char U+0152 (decimal 338)
   defining Unicode char U+0153 (decimal 339)
   defining Unicode char U+0174 (decimal 372)
   defining Unicode char U+0175 (decimal 373)
   defining Unicode char U+0176 (decimal 374)
   defining Unicode char U+0177 (decimal 375)
   defining Unicode char U+0218 (decimal 536)
   defining Unicode char U+0219 (decimal 537)
   defining Unicode char U+021A (decimal 538)
   defining Unicode char U+021B (decimal 539)
   defining Unicode char U+2013 (decimal 8211)
   defining Unicode char U+2014 (decimal 8212)
   defining Unicode char U+2018 (decimal 8216)
   defining Unicode char U+2019 (decimal 8217)
   defining Unicode char U+201C (decimal 8220)
   defining Unicode char U+201D (decimal 8221)
)
Now handling font encoding OMS ...
... processing UTF-8 mapping file for font encoding OMS
(/usr/local/texlive/2017/texmf-dist/tex/latex/base/omsenc.dfu
File: omsenc.dfu 2017/01/28 v1.1t UTF-8 support for inputenc
   defining Unicode char U+00A7 (decimal 167)
   defining Unicode char U+00B6 (decimal 182)
   defining Unicode char U+00B7 (decimal 183)
   defining Unicode char U+2020 (decimal 8224)
   defining Unicode char U+2021 (decimal 8225)
   defining Unicode char U+2022 (decimal 8226)
)
Now handling font encoding OMX ...
... no UTF-8 mapping file for font encoding OMX
Now handling font encoding U ...
... no UTF-8 mapping file for font encoding U
Now handling font encoding TS1 ...
... processing UTF-8 mapping file for font encoding TS1
(/usr/local/texlive/2017/texmf-dist/tex/latex/base/ts1enc.dfu
File: ts1enc.dfu 2017/01/28 v1.1t UTF-8 support for inputenc
   defining Unicode char U+00A2 (decimal 162)
   defining Unicode char U+00A3 (decimal 163)
   defining Unicode char U+00A4 (decimal 164)
   defining Unicode char U+00A5 (decimal 165)
   defining Unicode char U+00A6 (decimal 166)
   defining Unicode char U+00A7 (decimal 167)
   defining Unicode char U+00A8 (decimal 168)
   defining Unicode char U+00A9 (decimal 169)
   defining Unicode char U+00AA (decimal 170)
   defining Unicode char U+00AC (decimal 172)
   defining Unicode char U+00AE (decimal 174)
   defining Unicode char U+00AF (decimal 175)
   defining Unicode char U+00B0 (decimal 176)
   defining Unicode char U+00B1 (decimal 177)
   defining Unicode char U+00B2 (decimal 178)
   defining Unicode char U+00B3 (decimal 179)
   defining Unicode char U+00B4 (decimal 180)
   defining Unicode char U+00B5 (decimal 181)
   defining Unicode char U+00B6 (decimal 182)
   defining Unicode char U+00B7 (decimal 183)
   defining Unicode char U+00B9 (decimal 185)
   defining Unicode char U+00BA (decimal 186)
   defining Unicode char U+00BC (decimal 188)
   defining Unicode char U+00BD (decimal 189)
   defining Unicode char U+00BE (decimal 190)
   defining Unicode char U+00D7 (decimal 215)
   defining Unicode char U+00F7 (decimal 247)
   defining Unicode char U+0192 (decimal 402)
   defining Unicode char U+02C7 (decimal 711)
   defining Unicode char U+02D8 (decimal 728)
   defining Unicode char U+02DD (decimal 733)
   defining Unicode char U+0E3F (decimal 3647)
   defining Unicode char U+2016 (decimal 8214)
   defining Unicode char U+2020 (decimal 8224)
   defining Unicode char U+2021 (decimal 8225)
   defining Unicode char U+2022 (decimal 8226)
   defining Unicode char U+2030 (decimal 8240)
   defining Unicode char U+2031 (decimal 8241)
   defining Unicode char U+203B (decimal 8251)
   defining Unicode char U+203D (decimal 8253)
   defining Unicode char U+2044 (decimal 8260)
   defining Unicode char U+204E (decimal 8270)
   defining Unicode char U+2052 (decimal 8274)
   defining Unicode char U+20A1 (decimal 8353)
   defining Unicode char U+20A4 (decimal 8356)
   defining Unicode char U+20A6 (decimal 8358)
   defining Unicode char U+20A9 (decimal 8361)
   defining Unicode char U+20AB (decimal 8363)
   defining Unicode char U+20AC (decimal 8364)
   defining Unicode char U+20B1 (decimal 8369)
   defining Unicode char U+2103 (decimal 8451)
   defining Unicode char U+2116 (decimal 8470)
   defining Unicode char U+2117 (decimal 8471)
   defining Unicode char U+211E (decimal 8478)
   defining Unicode char U+2120 (decimal 8480)
   defining Unicode char U+2122 (decimal 8482)
   defining Unicode char U+2126 (decimal 8486)
   defining Unicode char U+2127 (decimal 8487)
   defining Unicode char U+212E (decimal 8494)
   defining Unicode char U+2190 (decimal 8592)
   defining Unicode char U+2191 (decimal 8593)
   defining Unicode char U+2192 (decimal 8594)
   defining Unicode char U+2193 (decimal 8595)
   defining Unicode char U+2329 (decimal 9001)
   defining Unicode char U+232A (decimal 9002)
   defining Unicode char U+2422 (decimal 9250)
   defining Unicode char U+25E6 (decimal 9702)
   defining Unicode char U+25EF (decimal 9711)
   defining Unicode char U+266A (decimal 9834)
)
   defining Unicode char U+00A9 (decimal 169)
   defining Unicode char U+00AA (decimal 170)
   defining Unicode char U+00AE (decimal 174)
   defining Unicode char U+00BA (decimal 186)
   defining Unicode char U+02C6 (decimal 710)
   defining Unicode char U+02DC (decimal 732)
   defining Unicode char U+200C (decimal 8204)
   defining Unicode char U+2026 (decimal 8230)
   defining Unicode char U+2122 (decimal 8482)
   defining Unicode char U+2423 (decimal 9251)
))
   defining Unicode char U+0394 (decimal 916)
   defining Unicode char U+8710 (decimal 34576)
   defining Unicode char U+0331 (decimal 817)
   defining Unicode char U+014B (decimal 331)
   defining Unicode char U+2032 (decimal 8242)
(/usr/local/texlive/2017/texmf-dist/tex/generic/babel/babel.sty
Package: babel 2017/05/19 3.10 The Babel package
(/usr/local/texlive/2017/texmf-dist/tex/generic/babel-english/english.ldf
Language: english 2017/01/24 v3.3q English support from the babel system
(/usr/local/texlive/2017/texmf-dist/tex/generic/babel/babel.def
File: babel.def 2017/05/19 3.10 Babel common definitions
\babel@savecnt=\count88
\U@D=\dimen108
)
\l@canadian = a dialect from \language\l@american 
\l@australian = a dialect from \language\l@british 
\l@newzealand = a dialect from \language\l@british 
)) (/usr/local/texlive/2017/texmf-dist/tex/latex/tools/array.sty
Package: array 2016/10/06 v2.4d Tabular extension package (FMi)
\col@sep=\dimen109
\extrarowheight=\dimen110
\NC@list=\toks17
\extratabsurround=\skip46
\backup@length=\skip47
) (/usr/local/texlive/2017/texmf-dist/tex/latex/tools/tabularx.sty
Package: tabularx 2016/02/03 v2.11 `tabularx' package (DPC)
\TX@col@width=\dimen111
\TX@old@table=\dimen112
\TX@old@col=\dimen113
\TX@target=\dimen114
\TX@delta=\dimen115
\TX@cols=\count89
\TX@ftn=\toks18
) (/usr/local/texlive/2017/texmf-dist/tex/latex/graphics/graphicx.sty
Package: graphicx 2014/10/28 v1.0g Enhanced LaTeX Graphics (DPC,SPQR)
(/usr/local/texlive/2017/texmf-dist/tex/latex/graphics/keyval.sty
Package: keyval 2014/10/28 v1.15 key=value parser (DPC)
\KV@toks@=\toks19
) (/usr/local/texlive/2017/texmf-dist/tex/latex/graphics/graphics.sty
Package: graphics 2017/04/14 v1.1b Standard LaTeX Graphics (DPC,SPQR)
(/usr/local/texlive/2017/texmf-dist/tex/latex/graphics/trig.sty
Package: trig 2016/01/03 v1.10 sin cos tan (DPC)
) (/usr/local/texlive/2017/texmf-dist/tex/latex/graphics-cfg/graphics.cfg
File: graphics.cfg 2016/06/04 v1.11 sample graphics configuration
)
Package graphics Info: Driver file: pdftex.def on input line 99.
(/usr/local/texlive/2017/texmf-dist/tex/latex/graphics-def/pdftex.def
File: pdftex.def 2017/01/12 v0.06k Graphics/color for pdfTeX
(/usr/local/texlive/2017/texmf-dist/tex/generic/oberdiek/infwarerr.sty
Package: infwarerr 2016/05/16 v1.4 Providing info/warning/error messages (HO)
) (/usr/local/texlive/2017/texmf-dist/tex/generic/oberdiek/ltxcmds.sty
Package: ltxcmds 2016/05/16 v1.23 LaTeX kernel commands for general use (HO)
)
\Gread@gobject=\count90
))
\Gin@req@height=\dimen116
\Gin@req@width=\dimen117
) (/usr/local/texlive/2017/texmf-dist/tex/latex/graphics/color.sty
Package: color 2016/07/10 v1.1e Standard LaTeX Color (DPC)
(/usr/local/texlive/2017/texmf-dist/tex/latex/graphics-cfg/color.cfg
File: color.cfg 2016/01/02 v1.6 sample color configuration
)
Package color Info: Driver file: pdftex.def on input line 147.
) (/usr/local/texlive/2017/texmf-dist/tex/latex/amsfonts/amssymb.sty
Package: amssymb 2013/01/14 v3.01 AMS font symbols
(/usr/local/texlive/2017/texmf-dist/tex/latex/amsfonts/amsfonts.sty
Package: amsfonts 2013/01/14 v3.01 Basic AMSFonts support
\@emptytoks=\toks20
\symAMSa=\mathgroup4
\symAMSb=\mathgroup5
LaTeX Font Info:    Overwriting math alphabet `\mathfrak' in version `bold'
(Font)                  U/euf/m/n --> U/euf/b/n on input line 106.
)) (/usr/local/texlive/2017/texmf-dist/tex/latex/amsmath/amsmath.sty
Package: amsmath 2016/11/05 v2.16a AMS math features
\@mathmargin=\skip48
For additional information on amsmath, use the `?' option.
(/usr/local/texlive/2017/texmf-dist/tex/latex/amsmath/amstext.sty
Package: amstext 2000/06/29 v2.01 AMS text
(/usr/local/texlive/2017/texmf-dist/tex/latex/amsmath/amsgen.sty
File: amsgen.sty 1999/11/30 v2.0 generic functions
\@emptytoks=\toks21
\ex@=\dimen118
)) (/usr/local/texlive/2017/texmf-dist/tex/latex/amsmath/amsbsy.sty
Package: amsbsy 1999/11/29 v1.2d Bold Symbols
\pmbraise@=\dimen119
) (/usr/local/texlive/2017/texmf-dist/tex/latex/amsmath/amsopn.sty
Package: amsopn 2016/03/08 v2.02 operator names
)
\inf@bad=\count91
LaTeX Info: Redefining \frac on input line 213.
\uproot@=\count92
\leftroot@=\count93
LaTeX Info: Redefining \overline on input line 375.
\classnum@=\count94
\DOTSCASE@=\count95
LaTeX Info: Redefining \ldots on input line 472.
LaTeX Info: Redefining \dots on input line 475.
LaTeX Info: Redefining \cdots on input line 596.
\Mathstrutbox@=\box30
\strutbox@=\box31
\big@size=\dimen120
LaTeX Font Info:    Redeclaring font encoding OML on input line 712.
LaTeX Font Info:    Redeclaring font encoding OMS on input line 713.
\macc@depth=\count96
\c@MaxMatrixCols=\count97
\dotsspace@=\muskip10
\c@parentequation=\count98
\dspbrk@lvl=\count99
\tag@help=\toks22
\row@=\count100
\column@=\count101
\maxfields@=\count102
\andhelp@=\toks23
\eqnshift@=\dimen121
\alignsep@=\dimen122
\tagshift@=\dimen123
\tagwidth@=\dimen124
\totwidth@=\dimen125
\lineht@=\dimen126
\@envbody=\toks24
\multlinegap=\skip49
\multlinetaggap=\skip50
\mathdisplay@stack=\toks25
LaTeX Info: Redefining \[ on input line 2817.
LaTeX Info: Redefining \] on input line 2818.
) (/usr/local/texlive/2017/texmf-dist/tex/latex/amscls/amsthm.sty
Package: amsthm 2015/03/04 v2.20.2
\thm@style=\toks26
\thm@bodyfont=\toks27
\thm@headfont=\toks28
\thm@notefont=\toks29
\thm@headpunct=\toks30
\thm@preskip=\skip51
\thm@postskip=\skip52
\thm@headsep=\skip53
\dth@everypar=\toks31
)
\affilsep=\skip54
\@affilsep=\skip55
\c@Maxaffil=\count103
\c@authors=\count104
\c@affil=\count105
(/usr/local/texlive/2017/texmf-dist/tex/latex/url/url.sty
\Urlmuskip=\muskip11
Package: url 2013/09/16  ver 3.4  Verb mode for urls, etc.
) (/usr/local/texlive/2017/texmf-dist/tex/latex/bezos/accents.sty
Package: accents 2006/05/12 v1.3 Math Accent Tools
\cc@skew=\dimen127
\cc@wd=\dimen128
\cc@code=\count106
\cc@group=\count107
\cc@skewchar=\count108
) (/usr/local/texlive/2017/texmf-dist/tex/latex/cancel/cancel.sty
Package: cancel 2013/04/12 v2.2 Cancel math terms
) (/usr/local/texlive/2017/texmf-dist/tex/latex/multirow/multirow.sty
Package: multirow 2016/11/25 v2.2 Span multiple rows of a table
\multirow@colwidth=\skip56
\multirow@cntb=\count109
\multirow@dima=\skip57
\bigstrutjot=\dimen129
) (/usr/local/texlive/2017/texmf-dist/tex/latex/supertabular/supertabular.sty
Package: supertabular 2004/02/20 v4.1e the supertabular environment
\c@tracingst=\count110
\ST@wd=\dimen130
\ST@rightskip=\skip58
\ST@leftskip=\skip59
\ST@parfillskip=\skip60
\ST@pageleft=\dimen131
\ST@headht=\dimen132
\ST@tailht=\dimen133
\ST@pagesofar=\dimen134
\ST@pboxht=\dimen135
\ST@lineht=\dimen136
\ST@stretchht=\dimen137
\ST@prevht=\dimen138
\ST@toadd=\dimen139
\ST@dimen=\dimen140
\ST@pbox=\box32
) (/usr/local/texlive/2017/texmf-dist/tex/latex/algorithms/algorithmic.sty
Package: algorithmic 2009/08/24 v0.1 Document Style `algorithmic'
(/usr/local/texlive/2017/texmf-dist/tex/latex/base/ifthen.sty
Package: ifthen 2014/09/29 v1.1c Standard LaTeX ifthen package (DPC)
)
\c@ALC@unique=\count111
\c@ALC@line=\count112
\c@ALC@rem=\count113
\c@ALC@depth=\count114
\ALC@tlm=\skip61
\algorithmicindent=\skip62
) (/usr/local/texlive/2017/texmf-dist/tex/latex/algorithms/algorithm.sty
Package: algorithm 2009/08/24 v0.1 Document Style `algorithm' - floating enviro
nment
(/usr/local/texlive/2017/texmf-dist/tex/latex/float/float.sty
Package: float 2001/11/08 v1.3d Float enhancements (AL)
\c@float@type=\count115
\float@exts=\toks32
\float@box=\box33
\@float@everytoks=\toks33
\@floatcapt=\box34
)
\@float@every@algorithm=\toks34
\c@algorithm=\count116
) (/usr/local/texlive/2017/texmf-dist/tex/latex/caption/caption.sty
Package: caption 2016/02/21 v3.3-144 Customizing captions (AR)
(/usr/local/texlive/2017/texmf-dist/tex/latex/caption/caption3.sty
Package: caption3 2016/05/22 v1.7-166 caption3 kernel (AR)
Package caption3 Info: TeX engine: e-TeX on input line 67.
\captionmargin=\dimen141
\captionmargin@=\dimen142
\captionwidth=\dimen143
\caption@tempdima=\dimen144
\caption@indent=\dimen145
\caption@parindent=\dimen146
\caption@hangindent=\dimen147
Package caption Info: Unknown document class (or package),
(caption)             standard defaults will be used.
)

Package caption Warning: Unsupported document class (or package) detected,
(caption)                usage of the caption package is not recommended.
See the caption package documentation for explanation.

Package caption Info: \@makecaption = \long macro:#1#2->\def \@tempa {figure}\i
fx \@captype \@tempa \if@stage@final \vskip 0.7\abovecaptionskip \else \vskip \
abovecaptionskip \goodbreak \fi \fi {\reset@font \small {\bfseries #1.} #2\par 
}\if@cop@home \ifonline \ifnum \csname c@\@captype \endcsname =1 \immediate \wr
ite \@auxout {\string \gdef \string \@num \@captype {}}\hypertarget {\@captype 
}{}\fi \fi \fi \def \@tempa {table}\ifx \@captype \@tempa \vskip \abovecaptions
kip \if@stage@final \else \goodbreak \fi \fi .
\c@ContinuedFloat=\count117
Package caption Info: float package is loaded.
Package caption Info: supertabular package is loaded.
) (/usr/local/texlive/2017/texmf-dist/tex/latex/subfloat/subfloat.sty
Package: subfloat 2003/08/21 version 2.14
Package `subfloat', Version 2.14 of 2003/08/21.

Package subfloat Warning: Numbers of floats not counted:
(subfloat)                If you use one of the counters subfloatfiguremax or
(subfloat)                subfloattablemax you will get strange error messages
(subfloat)                containing \c@subfloatfiguremax or
(subfloat)                \c@subfloattablemax:
(subfloat)                Please switch on countmax or remove the code using
(subfloat)                the counter then..

) (/Users/jamesfranke/Documents/GitHub/PhaseIIPaper/natbib.sty
Package: natbib 2006/09/06 7.4a (PWD)
\bibhang=\skip63
\bibsep=\skip64
LaTeX Info: Redefining \cite on input line 541.
\c@NAT@ctr=\count118
) (/usr/local/texlive/2017/texmf-dist/tex/latex/graphics/rotating.sty
Package: rotating 2016/08/11 v2.16d rotated objects in LaTeX
\c@r@tfl@t=\count119
\rotFPtop=\skip65
\rotFPbot=\skip66
\rot@float@box=\box35
\rot@mess@toks=\toks35
) (/usr/local/texlive/2017/texmf-dist/tex/latex/lineno/lineno.sty
Package: lineno 2005/11/02 line numbers on paragraphs v4.41
\linenopenalty=\count120
\output=\toks36
\linenoprevgraf=\count121
\linenumbersep=\dimen148
\linenumberwidth=\dimen149
\c@linenumber=\count122
\c@pagewiselinenumber=\count123
\c@LN@truepage=\count124
\c@internallinenumber=\count125
\c@internallinenumbers=\count126
\quotelinenumbersep=\dimen150
\bframerule=\dimen151
\bframesep=\dimen152
\bframebox=\box36
LaTeX Info: Redefining \\ on input line 3056.
) (/usr/local/texlive/2017/texmf-dist/tex/latex/psnfss/times.sty
Package: times 2005/04/12 PSNFSS-v9.2a (SPQR) 
)
\c@mv@sans=\count127
\c@mv@sansbold=\count128
LaTeX Font Info:    Overwriting symbol font `operators' in version `sansbold'
(Font)                  OT1/cmr/m/n --> OT1/cmr/bx/n on input line 1827.
LaTeX Font Info:    Overwriting symbol font `letters' in version `sansbold'
(Font)                  OML/cmm/m/it --> OML/cmm/b/it on input line 1828.
LaTeX Font Info:    Overwriting symbol font `symbols' in version `sansbold'
(Font)                  OMS/cmsy/m/n --> OMS/cmsy/b/n on input line 1829.
LaTeX Font Info:    Overwriting math alphabet `\mathsf' in version `sansbold'
(Font)                  OT1/cmss/m/n --> OT1/cmss/bx/n on input line 1830.
LaTeX Font Info:    Overwriting math alphabet `\mathit' in version `sansbold'
(Font)                  OT1/cmr/m/it --> OT1/cmr/bx/it on input line 1831.
(/usr/local/texlive/2017/texmf-dist/tex/latex/psnfss/pifont.sty
Package: pifont 2005/04/12 PSNFSS-v9.2a Pi font support (SPQR) 
LaTeX Font Info:    Try loading font information for U+pzd on input line 63.
(/usr/local/texlive/2017/texmf-dist/tex/latex/psnfss/upzd.fd
File: upzd.fd 2001/06/04 font definitions for U/pzd.
)
LaTeX Font Info:    Try loading font information for U+psy on input line 64.
(/usr/local/texlive/2017/texmf-dist/tex/latex/psnfss/upsy.fd
File: upsy.fd 2001/06/04 font definitions for U/psy.
)) (/usr/local/texlive/2017/texmf-dist/tex/latex/hyperref/hyperref.sty
Package: hyperref 2017/03/14 v6.85a Hypertext links for LaTeX
(/usr/local/texlive/2017/texmf-dist/tex/generic/oberdiek/hobsub-hyperref.sty
Package: hobsub-hyperref 2016/05/16 v1.14 Bundle oberdiek, subset hyperref (HO)

(/usr/local/texlive/2017/texmf-dist/tex/generic/oberdiek/hobsub-generic.sty
Package: hobsub-generic 2016/05/16 v1.14 Bundle oberdiek, subset generic (HO)
Package: hobsub 2016/05/16 v1.14 Construct package bundles (HO)
Package hobsub Info: Skipping package `infwarerr' (already loaded).
Package hobsub Info: Skipping package `ltxcmds' (already loaded).
Package: ifluatex 2016/05/16 v1.4 Provides the ifluatex switch (HO)
Package ifluatex Info: LuaTeX not detected.
Package: ifvtex 2016/05/16 v1.6 Detect VTeX and its facilities (HO)
Package ifvtex Info: VTeX not detected.
Package: intcalc 2016/05/16 v1.2 Expandable calculations with integers (HO)
Package: ifpdf 2017/03/15 v3.2 Provides the ifpdf switch
Package: etexcmds 2016/05/16 v1.6 Avoid name clashes with e-TeX commands (HO)
Package etexcmds Info: Could not find \expanded.
(etexcmds)             That can mean that you are not using pdfTeX 1.50 or
(etexcmds)             that some package has redefined \expanded.
(etexcmds)             In the latter case, load this package earlier.
Package: kvsetkeys 2016/05/16 v1.17 Key value parser (HO)
Package: kvdefinekeys 2016/05/16 v1.4 Define keys (HO)
Package: pdftexcmds 2017/03/19 v0.25 Utility functions of pdfTeX for LuaTeX (HO
)
Package pdftexcmds Info: LuaTeX not detected.
Package pdftexcmds Info: \pdf@primitive is available.
Package pdftexcmds Info: \pdf@ifprimitive is available.
Package pdftexcmds Info: \pdfdraftmode found.
Package: pdfescape 2016/05/16 v1.14 Implements pdfTeX's escape features (HO)
Package: bigintcalc 2016/05/16 v1.4 Expandable calculations on big integers (HO
)
Package: bitset 2016/05/16 v1.2 Handle bit-vector datatype (HO)
Package: uniquecounter 2016/05/16 v1.3 Provide unlimited unique counter (HO)
)
Package hobsub Info: Skipping package `hobsub' (already loaded).
Package: letltxmacro 2016/05/16 v1.5 Let assignment for LaTeX macros (HO)
Package: hopatch 2016/05/16 v1.3 Wrapper for package hooks (HO)
Package: xcolor-patch 2016/05/16 xcolor patch
Package: atveryend 2016/05/16 v1.9 Hooks at the very end of document (HO)
Package atveryend Info: \enddocument detected (standard20110627).
Package: atbegshi 2016/06/09 v1.18 At begin shipout hook (HO)
Package: refcount 2016/05/16 v3.5 Data extraction from label references (HO)
Package: hycolor 2016/05/16 v1.8 Color options for hyperref/bookmark (HO)
) (/usr/local/texlive/2017/texmf-dist/tex/generic/ifxetex/ifxetex.sty
Package: ifxetex 2010/09/12 v0.6 Provides ifxetex conditional
) (/usr/local/texlive/2017/texmf-dist/tex/latex/oberdiek/auxhook.sty
Package: auxhook 2016/05/16 v1.4 Hooks for auxiliary files (HO)
) (/usr/local/texlive/2017/texmf-dist/tex/latex/oberdiek/kvoptions.sty
Package: kvoptions 2016/05/16 v3.12 Key value format for package options (HO)
)
\@linkdim=\dimen153
\Hy@linkcounter=\count129
\Hy@pagecounter=\count130
(/usr/local/texlive/2017/texmf-dist/tex/latex/hyperref/pd1enc.def
File: pd1enc.def 2017/03/14 v6.85a Hyperref: PDFDocEncoding definition (HO)
Now handling font encoding PD1 ...
... no UTF-8 mapping file for font encoding PD1
)
\Hy@SavedSpaceFactor=\count131
(/usr/local/texlive/2017/texmf-dist/tex/latex/latexconfig/hyperref.cfg
File: hyperref.cfg 2002/06/06 v1.2 hyperref configuration of TeXLive
)
Package hyperref Info: Option `final' set `true' on input line 4374.
Package hyperref Info: Option `bookmarks' set `false' on input line 4374.
Package hyperref Info: Hyper figures OFF on input line 4498.
Package hyperref Info: Link nesting OFF on input line 4503.
Package hyperref Info: Hyper index ON on input line 4506.
Package hyperref Info: Plain pages OFF on input line 4513.
Package hyperref Info: Backreferencing OFF on input line 4518.
Package hyperref Info: Implicit mode ON; LaTeX internals redefined.
Package hyperref Info: Bookmarks OFF on input line 4757.
\c@Hy@tempcnt=\count132
LaTeX Info: Redefining \url on input line 5104.
\XeTeXLinkMargin=\dimen154
\Fld@menulength=\count133
\Field@Width=\dimen155
\Fld@charsize=\dimen156
Package hyperref Info: Hyper figures OFF on input line 6358.
Package hyperref Info: Link nesting OFF on input line 6363.
Package hyperref Info: Hyper index ON on input line 6366.
Package hyperref Info: backreferencing OFF on input line 6373.
Package hyperref Info: Link coloring OFF on input line 6378.
Package hyperref Info: Link coloring with OCG OFF on input line 6383.
Package hyperref Info: PDF/A mode OFF on input line 6388.
LaTeX Info: Redefining \ref on input line 6428.
LaTeX Info: Redefining \pageref on input line 6432.
\Hy@abspage=\count134
\c@Item=\count135
\c@Hfootnote=\count136
)

Package hyperref Message: Driver (autodetected): hpdftex.

(/usr/local/texlive/2017/texmf-dist/tex/latex/hyperref/hpdftex.def
File: hpdftex.def 2017/03/14 v6.85a Hyperref driver for pdfTeX
\Fld@listcount=\count137
\c@bookmark@seq@number=\count138
(/usr/local/texlive/2017/texmf-dist/tex/latex/oberdiek/rerunfilecheck.sty
Package: rerunfilecheck 2016/05/16 v1.8 Rerun checks for auxiliary files (HO)
Package uniquecounter Info: New unique counter `rerunfilecheck' on input line 2
82.
)
\Hy@SectionHShift=\skip67
)
\c@reaction=\count139
\tabularwidth=\dimen157
Package color Info: Redefining color textcol on input line 2486.
Package color Info: Redefining color bgcol on input line 2486.
Package color Info: Redefining color barcol on input line 2486.
)
LaTeX Info: Redefining \vec on input line 9.
(/usr/local/texlive/2017/texmf-dist/tex/latex/tools/xr.sty
Package: xr 1994/05/28 v5.02 eXternal References (DPC)
)
Package xr Info: IMPORTING LABELS FROM ../PhaseIIPaper/supdocs/supdocs.aux on i
nput line 10.
(/Users/jamesfranke/Documents/GitHub/PhaseIIPaper/main.aux)
\openout1 = `main.aux'.

LaTeX Font Info:    Checking defaults for OML/cmm/m/it on input line 12.
LaTeX Font Info:    ... okay on input line 12.
LaTeX Font Info:    Checking defaults for T1/cmr/m/n on input line 12.
LaTeX Font Info:    ... okay on input line 12.
LaTeX Font Info:    Checking defaults for OT1/cmr/m/n on input line 12.
LaTeX Font Info:    ... okay on input line 12.
LaTeX Font Info:    Checking defaults for OMS/cmsy/m/n on input line 12.
LaTeX Font Info:    ... okay on input line 12.
LaTeX Font Info:    Checking defaults for OMX/cmex/m/n on input line 12.
LaTeX Font Info:    ... okay on input line 12.
LaTeX Font Info:    Checking defaults for U/cmr/m/n on input line 12.
LaTeX Font Info:    ... okay on input line 12.
LaTeX Font Info:    Checking defaults for TS1/cmr/m/n on input line 12.
LaTeX Font Info:    Try loading font information for TS1+cmr on input line 12.
(/usr/local/texlive/2017/texmf-dist/tex/latex/base/ts1cmr.fd
File: ts1cmr.fd 2014/09/29 v2.5h Standard LaTeX font definitions
)
LaTeX Font Info:    ... okay on input line 12.
LaTeX Font Info:    Checking defaults for PD1/pdf/m/n on input line 12.
LaTeX Font Info:    ... okay on input line 12.
LaTeX Font Info:    Try loading font information for T1+ptm on input line 12.
(/usr/local/texlive/2017/texmf-dist/tex/latex/psnfss/t1ptm.fd
File: t1ptm.fd 2001/06/04 font definitions for T1/ptm.
) (/usr/local/texlive/2017/texmf-dist/tex/context/base/mkii/supp-pdf.mkii
[Loading MPS to PDF converter (version 2006.09.02).]
\scratchcounter=\count140
\scratchdimen=\dimen158
\scratchbox=\box37
\nofMPsegments=\count141
\nofMParguments=\count142
\everyMPshowfont=\toks37
\MPscratchCnt=\count143
\MPscratchDim=\dimen159
\MPnumerator=\count144
\makeMPintoPDFobject=\count145
\everyMPtoPDFconversion=\toks38
) (/usr/local/texlive/2017/texmf-dist/tex/latex/oberdiek/epstopdf-base.sty
Package: epstopdf-base 2016/05/15 v2.6 Base part for package epstopdf
(/usr/local/texlive/2017/texmf-dist/tex/latex/oberdiek/grfext.sty
Package: grfext 2016/05/16 v1.2 Manage graphics extensions (HO)
)
Package epstopdf-base Info: Redefining graphics rule for `.eps' on input line 4
38.
Package grfext Info: Graphics extension search list:
(grfext)             [.pdf,.png,.jpg,.eps]
(grfext)             \AppendGraphicsExtensions on input line 456.
(/usr/local/texlive/2017/texmf-dist/tex/latex/latexconfig/epstopdf-sys.cfg
File: epstopdf-sys.cfg 2010/07/13 v1.3 Configuration of (r)epstopdf for TeX Liv
e
))
Package caption Info: Begin \AtBeginDocument code.
Package caption Info: hyperref package is loaded.
Package caption Info: rotating package is loaded.
Package caption Info: End \AtBeginDocument code.
\AtBeginShipoutBox=\box38
Package hyperref Info: Link coloring OFF on input line 12.
(/usr/local/texlive/2017/texmf-dist/tex/latex/hyperref/nameref.sty
Package: nameref 2016/05/21 v2.44 Cross-referencing by name of section
(/usr/local/texlive/2017/texmf-dist/tex/generic/oberdiek/gettitlestring.sty
Package: gettitlestring 2016/05/16 v1.5 Cleanup title references (HO)
)
\c@section@level=\count146
)
LaTeX Info: Redefining \ref on input line 12.
LaTeX Info: Redefining \pageref on input line 12.
LaTeX Info: Redefining \nameref on input line 12.
LaTeX Font Info:    Font shape `T1/ptm/bx/n' in size <17.28> not available
(Font)              Font shape `T1/ptm/b/n' tried instead on input line 82.
LaTeX Font Info:    Try loading font information for T1+phv on input line 82.
(/usr/local/texlive/2017/texmf-dist/tex/latex/psnfss/t1phv.fd
File: t1phv.fd 2001/06/04 scalable font definitions for T1/phv.
)
LaTeX Font Info:    Font shape `T1/phv/bx/n' in size <17.28> not available
(Font)              Font shape `T1/phv/b/n' tried instead on input line 82.
LaTeX Font Info:    Font shape `T1/phv/b/n' will be
(Font)              scaled to size 16.41594pt on input line 82.
LaTeX Font Info:    Try loading font information for U+msa on input line 82.
(/usr/local/texlive/2017/texmf-dist/tex/latex/amsfonts/umsa.fd
File: umsa.fd 2013/01/14 v3.01 AMS symbols A
)
LaTeX Font Info:    Try loading font information for U+msb on input line 82.
(/usr/local/texlive/2017/texmf-dist/tex/latex/amsfonts/umsb.fd
File: umsb.fd 2013/01/14 v3.01 AMS symbols B
)
LaTeX Font Info:    Font shape `T1/ptm/bx/n' in size <10> not available
(Font)              Font shape `T1/ptm/b/n' tried instead on input line 82.
LaTeX Font Info:    Font shape `T1/ptm/bx/n' in size <7> not available
(Font)              Font shape `T1/ptm/b/n' tried instead on input line 82.
LaTeX Font Info:    Font shape `T1/phv/bx/n' in size <10> not available
(Font)              Font shape `T1/phv/b/n' tried instead on input line 82.
LaTeX Font Info:    Font shape `T1/phv/b/n' will be
(Font)              scaled to size 9.49997pt on input line 82.
LaTeX Font Info:    Font shape `T1/phv/m/n' will be
(Font)              scaled to size 9.49997pt on input line 82.

Underfull \hbox (badness 10000) has occurred while \output is active
[]
 []

[1{/usr/local/texlive/2017/texmf-var/fonts/map/pdftex/updmap/pdftex.map}



]
LaTeX Font Info:    Font shape `T1/phv/m/n' will be
(Font)              scaled to size 8.54997pt on input line 98.
LaTeX Font Info:    Font shape `T1/phv/bx/n' in size <9> not available
(Font)              Font shape `T1/phv/b/n' tried instead on input line 98.
LaTeX Font Info:    Font shape `T1/phv/b/n' will be
(Font)              scaled to size 8.54997pt on input line 98.
LaTeX Font Info:    Font shape `T1/phv/m/n' will be
(Font)              scaled to size 4.74998pt on input line 98.

Underfull \vbox (badness 10000) has occurred while \output is active []

[2

] [3] <figures/croparea.png, id=255, 262.9022pt x 492.0784pt>
File: figures/croparea.png Graphic file (type png)
<use figures/croparea.png>
Package pdftex.def Info: figures/croparea.png used on input line 130.
(pdftex.def)             Requested size: 236.15796pt x 442.03302pt.
LaTeX Font Info:    Font shape `T1/ptm/bx/n' in size <9> not available
(Font)              Font shape `T1/ptm/b/n' tried instead on input line 131.
Runaway argument?
{\@firstoffive }\fi .
! Paragraph ended before \Hy@setref@link was complete.
<to be read again> 
                   \par 
l.131 ...ted crops, see Figure \ref{fig:irrarea}.}
                                                  
I suspect you've forgotten a `}', causing me to apply this
control sequence to too much text. How can we recover?
My plan is to forget the whole thing and hope for the best.


LaTeX Warning: `h' float specifier changed to `ht'.


Overfull \hbox (2.25343pt too wide) in paragraph at lines 138--147
$[]$ 
 []


Underfull \hbox (badness 10000) in paragraph at lines 138--147

 []

! Extra }, or forgotten \endgroup.
\@endfloatbox ...pagefalse \outer@nobreak \egroup 
                                                  \color@endbox 
l.147 \end{table}
                 
I've deleted a group-closing symbol because it seems to be
spurious, as in `$x}$'. But perhaps the } is legitimate and
you forgot something else, as in `\hbox{$x}'. In such cases
the way to recover is to insert both the forgotten and the
deleted material, e.g., by typing `I$}'.

LaTeX Font Info:    Try loading font information for TS1+ptm on input line 152.

(/usr/local/texlive/2017/texmf-dist/tex/latex/psnfss/ts1ptm.fd
File: ts1ptm.fd 2001/06/04 font definitions for TS1/ptm.
)
Underfull \hbox (badness 10000) in paragraph at lines 156--156
[]|\T1/ptm/b/n/9 Winter
 []


Underfull \hbox (badness 10000) in paragraph at lines 156--156
[]|\T1/ptm/b/n/9 Spring
 []


Overfull \hbox (2.83324pt too wide) in paragraph at lines 156--156
[]|\T1/ptm/b/n/9 Simulations
 []

LaTeX Font Info:    Font shape `TS1/ptm/bx/n' in size <9> not available
(Font)              Font shape `TS1/ptm/b/n' tried instead on input line 168.

Underfull \hbox (badness 10000) in paragraph at lines 169--170
[]|\T1/ptm/m/n/9 3993
 []

[4 </Users/jamesfranke/Documents/GitHub/PhaseIIPaper/figures/croparea.png>]
Underfull \vbox (badness 1168) has occurred while \output is active []


Underfull \vbox (badness 10000) has occurred while \output is active []

[5] <figures/global_sim_CG.png, id=371, 4516.875pt x 1806.75pt>
File: figures/global_sim_CG.png Graphic file (type png)
<use figures/global_sim_CG.png>
Package pdftex.def Info: figures/global_sim_CG.png used on input line 196.
(pdftex.def)             Requested size: 398.33858pt x 159.3198pt.
Runaway argument?
{\@firstoffive }\fi  in the supplemental material for only currently-\ETC.
! Paragraph ended before \Hy@setref@link was complete.
<to be read again> 
                   \par 
l.197 ...rf) maize currently grow in each region.}
                                                  
I suspect you've forgotten a `}', causing me to apply this
control sequence to too much text. How can we recover?
My plan is to forget the whole thing and hope for the best.


LaTeX Warning: `h' float specifier changed to `ht'.

Runaway argument?
{\@firstoffive }\fi  in the Supplemental Material for irrigated crops\ETC.
! Paragraph ended before \Hy@setref@link was complete.
<to be read again> 
                   \par 
l.205 
      
I suspect you've forgotten a `}', causing me to apply this
control sequence to too much text. How can we recover?
My plan is to forget the whole thing and hope for the best.

<figures/baselinecomp_yield_3.png, id=378, 527.42645pt x 347.47417pt>
File: figures/baselinecomp_yield_3.png Graphic file (type png)
<use figures/baselinecomp_yield_3.png>
Package pdftex.def Info: figures/baselinecomp_yield_3.png used on input line 21
8.
(pdftex.def)             Requested size: 398.33858pt x 262.43417pt.
Runaway argument?
{\@firstoffive }\fi  in the supplemental material.) White stippling i\ETC.
! Paragraph ended before \Hy@setref@link was complete.
<to be read again> 
                   \par 
l.219 ...tive, also have the highest uncertainty.}
                                                  
I suspect you've forgotten a `}', causing me to apply this
control sequence to too much text. How can we recover?
My plan is to forget the whole thing and hope for the best.


LaTeX Warning: `h' float specifier changed to `ht'.

Runaway argument?
{\@firstoffive }\fi ). 
! Paragraph ended before \Hy@setref@link was complete.
<to be read again> 
                   \par 
l.224 
      
I suspect you've forgotten a `}', causing me to apply this
control sequence to too much text. How can we recover?
My plan is to forget the whole thing and hope for the best.

Runaway argument?
{\@firstoffive }\fi  for the irrigated case. As expected, irrigated c\ETC.
! Paragraph ended before \Hy@setref@link was complete.
<to be read again> 
                   \par 
l.226 
      
I suspect you've forgotten a `}', causing me to apply this
control sequence to too much text. How can we recover?
My plan is to forget the whole thing and hope for the best.

Runaway argument?
{\@firstoffive }\fi ; wheat projections are more uncertain, possibly \ETC.
! Paragraph ended before \Hy@setref@link was complete.
<to be read again> 
                   \par 
l.228 
      
I suspect you've forgotten a `}', causing me to apply this
control sequence to too much text. How can we recover?
My plan is to forget the whole thing and hope for the best.

<figures/tempyearvclim.png, id=384, 322.9666pt x 333.0844pt>
File: figures/tempyearvclim.png Graphic file (type png)
<use figures/tempyearvclim.png>
Package pdftex.def Info: figures/tempyearvclim.png used on input line 238.
(pdftex.def)             Requested size: 236.15796pt x 243.56125pt.

LaTeX Warning: `h' float specifier changed to `ht'.

<figures/hist_year.png, id=385, 326.4998pt x 328.1058pt>
File: figures/hist_year.png Graphic file (type png)
<use figures/hist_year.png>
Package pdftex.def Info: figures/hist_year.png used on input line 245.
(pdftex.def)             Requested size: 236.15796pt x 237.32741pt.

LaTeX Warning: `h' float specifier changed to `ht'.

[6]
Underfull \vbox (badness 10000) has occurred while \output is active []


Underfull \vbox (badness 10000) has occurred while \output is active []

[7 </Users/jamesfranke/Documents/GitHub/PhaseIIPaper/figures/global_sim_CG.png>
 </Users/jamesfranke/Documents/GitHub/PhaseIIPaper/figures/baselinecomp_yield_3
.png>]
Underfull \hbox (badness 2173) in paragraph at lines 254--255
[]\T1/ptm/m/n/10 We do not fo-cus on com-par-ing dif-fer-ent func-tional
 []


Underfull \vbox (badness 10000) has occurred while \output is active []

[8 </Users/jamesfranke/Documents/GitHub/PhaseIIPaper/figures/tempyearvclim.png>
 </Users/jamesfranke/Documents/GitHub/PhaseIIPaper/figures/hist_year.png>]
Overfull \hbox (0.51535pt too wide) in paragraph at lines 272--272
[] 
 []

<figures/regression_areas.png, id=457, 5420.25pt x 2258.4375pt>
File: figures/regression_areas.png Graphic file (type png)
<use figures/regression_areas.png>
Package pdftex.def Info: figures/regression_areas.png used on input line 284.
(pdftex.def)             Requested size: 455.24408pt x 189.67299pt.

LaTeX Warning: `h' float specifier changed to `ht'.

<figures/regression_model.png, id=459, 5420.25pt x 2258.4375pt>
File: figures/regression_model.png Graphic file (type png)
<use figures/regression_model.png>
Package pdftex.def Info: figures/regression_model.png used on input line 291.
(pdftex.def)             Requested size: 455.24408pt x 189.67299pt.

LaTeX Warning: `h' float specifier changed to `ht'.

<figures/global_em_maize.png, id=462, 2710.125pt x 3161.8125pt>
File: figures/global_em_maize.png Graphic file (type png)
<use figures/global_em_maize.png>
Package pdftex.def Info: figures/global_em_maize.png used on input line 299.
(pdftex.def)             Requested size: 236.15796pt x 275.48073pt.
Runaway argument?
{\@firstoffive }\fi - \ref {fig:nitrogen} in the supplemental materia\ETC.
! Paragraph ended before \Hy@setref@link was complete.
<to be read again> 
                   \par 
l.300 ...:nitrogen} in the supplemental material.}
                                                  
I suspect you've forgotten a `}', causing me to apply this
control sequence to too much text. How can we recover?
My plan is to forget the whole thing and hope for the best.


LaTeX Warning: `h' float specifier changed to `ht'.

[9]
Runaway argument?
{\@firstoffive }\fi - \ref {fig:nitrogen} for other crops and dimensi\ETC.
! Paragraph ended before \Hy@setref@link was complete.
<to be read again> 
                   \par 
l.311 
      
I suspect you've forgotten a `}', causing me to apply this
control sequence to too much text. How can we recover?
My plan is to forget the whole thing and hope for the best.


Underfull \vbox (badness 10000) has occurred while \output is active []


Underfull \vbox (badness 10000) has occurred while \output is active []

[10 </Users/jamesfranke/Documents/GitHub/PhaseIIPaper/figures/regression_areas.
png> </Users/jamesfranke/Documents/GitHub/PhaseIIPaper/figures/regression_model
.png>]
Runaway argument?
{\@firstoffive }\fi ). For example, uncertainty in the response to CO\ETC.
! Paragraph ended before \Hy@setref@link was complete.
<to be read again> 
                   \par 
l.320 
      
I suspect you've forgotten a `}', causing me to apply this
control sequence to too much text. How can we recover?
My plan is to forget the whole thing and hope for the best.

Runaway argument?
{\@firstoffive }\fi --\ref {fig:KGirr_currentcult}). The same behavio\ETC.
! Paragraph ended before \Hy@setref@link was complete.
<to be read again> 
                   \par 
l.322 
      
I suspect you've forgotten a `}', causing me to apply this
control sequence to too much text. How can we recover?
My plan is to forget the whole thing and hope for the best.


Underfull \vbox (badness 10000) has occurred while \output is active []

[11 </Users/jamesfranke/Documents/GitHub/PhaseIIPaper/figures/global_em_maize.p
ng>] <figures/Agformet_validation.png, id=510, 632.50703pt x 617.61942pt>
File: figures/Agformet_validation.png Graphic file (type png)
<use figures/Agformet_validation.png>
Package pdftex.def Info: figures/Agformet_validation.png used on input line 346
.
(pdftex.def)             Requested size: 455.24408pt x 444.52542pt.
<figures/error_360.png, id=524, 2258.4375pt x 4968.5625pt>
File: figures/error_360.png Graphic file (type png)
<use figures/error_360.png>
Package pdftex.def Info: figures/error_360.png used on input line 361.
(pdftex.def)             Requested size: 199.16928pt x 438.12947pt.
Runaway argument?
{\@firstoffive }\fi ). JULES did not simulate spring wheat and LPJ-GU\ETC.
! Paragraph ended before \Hy@setref@link was complete.
<to be read again> 
                   \par 
l.362 ...grading for hotter and wetter scenarios.}
                                                  
I suspect you've forgotten a `}', causing me to apply this
control sequence to too much text. How can we recover?
My plan is to forget the whole thing and hope for the best.


LaTeX Warning: `h' float specifier changed to `ht'.

<figures/em_err.png, id=527, 265.08636pt x 561.82698pt>
File: figures/em_err.png Graphic file (type png)
<use figures/em_err.png>
Package pdftex.def Info: figures/em_err.png used on input line 368.
(pdftex.def)             Requested size: 199.16928pt x 422.13217pt.

LaTeX Warning: `h' float specifier changed to `ht'.

Runaway argument?
{\@firstoffive }\fi ). 
! Paragraph ended before \Hy@setref@link was complete.
<to be read again> 
                   \par 
l.386 
      
I suspect you've forgotten a `}', causing me to apply this
control sequence to too much text. How can we recover?
My plan is to forget the whole thing and hope for the best.

[12]
Underfull \vbox (badness 10000) has occurred while \output is active []

Runaway argument?
{\@firstoffive }\fi --\ref {fig:errorpromet}). Normalized errors for \ETC.
! Paragraph ended before \Hy@setref@link was complete.
<to be read again> 
                   \par 
l.388 
      
I suspect you've forgotten a `}', causing me to apply this
control sequence to too much text. How can we recover?
My plan is to forget the whole thing and hope for the best.


Underfull \vbox (badness 10000) has occurred while \output is active []

[13 </Users/jamesfranke/Documents/GitHub/PhaseIIPaper/figures/Agformet_validati
on.png>]
Runaway argument?
{\@firstoffive }\fi ) because models disagree on the magnitude of CO$\ETC.
! Paragraph ended before \Hy@setref@link was complete.
<to be read again> 
                   \par 
l.390 
      
I suspect you've forgotten a `}', causing me to apply this
control sequence to too much text. How can we recover?
My plan is to forget the whole thing and hope for the best.


Underfull \vbox (badness 10000) has occurred while \output is active []

[14 </Users/jamesfranke/Documents/GitHub/PhaseIIPaper/figures/error_360.png> </
Users/jamesfranke/Documents/GitHub/PhaseIIPaper/figures/em_err.png>]
Underfull \hbox (badness 7777) in paragraph at lines 419--420
[]\T1/ptm/m/n/9 We thank Michael Stein and Kevin
 []

(/Users/jamesfranke/Documents/GitHub/PhaseIIPaper/main.bbl
Underfull \hbox (badness 10000) in paragraph at lines 12--16
[]\T1/ptm/m/n/9 Angulo, C., Rt-ter, R., Lock, R., En-ders, A., Fronzek,
 []


Underfull \hbox (badness 6575) in paragraph at lines 12--16
\T1/ptm/m/n/9 S., and Ew-ert, F.: Im-pli-ca-tion of crop model cal-i-bra-
 []


Underfull \hbox (badness 4205) in paragraph at lines 12--16
\T1/ptm/m/n/9 tion strate-gies for as-sess-ing re-gional im-pacts of cli-mate
 []


Underfull \hbox (badness 2600) in paragraph at lines 12--16
\T1/ptm/m/n/9 change in Eu-rope, Agric. For. Me-te-o-rol., 170, 32 -- 46,
 []


Underfull \hbox (badness 2359) in paragraph at lines 20--26
\T1/ptm/m/n/9 der cli-mate change, Na-ture Cli-mate Change, 3, 827^^U832,
 []


Underfull \hbox (badness 3942) in paragraph at lines 47--52
[]\T1/ptm/m/n/9 Balkovi, J., van der Velde, M., Skalsk, R., Xiong, W.,
 []


Underfull \hbox (badness 1946) in paragraph at lines 47--52
\T1/ptm/m/n/9 Fol-berth, C., Khabarov, N., Smirnov, A., Mueller, N. D.,
 []


Underfull \hbox (badness 1552) in paragraph at lines 47--52
\T1/ptm/m/n/9 path-ways, Global and Plan-e-tary Change, 122, 107 -- 121,
 []


Underfull \hbox (badness 10000) in paragraph at lines 54--57
[]\T1/ptm/m/n/9 Blanc, E.: Sta-tis-ti-cal em-u-la-tors of maize, rice, soy-bean

 []


Underfull \hbox (badness 10000) in paragraph at lines 54--57
\T1/ptm/m/n/9 and wheat yields from global grid-ded crop mod-els,
 []


Underfull \hbox (badness 7064) in paragraph at lines 54--57
\T1/ptm/m/n/9 Agri-cul-tural and For-est Me-te-o-rol-ogy, 236, 145 -- 161,
 []


Underfull \hbox (badness 7649) in paragraph at lines 59--62
[]\T1/ptm/m/n/9 Blanc, E. and Sul-tan, B.: Em-u-lat-ing maize yields from
 []


Underfull \hbox (badness 7064) in paragraph at lines 59--62
\T1/ptm/m/n/9 cul-tural and For-est Me-te-o-rol-ogy, 214-215, 134 -- 147,
 []


Underfull \hbox (badness 1199) in paragraph at lines 87--90
[]\T1/ptm/m/n/9 Chang, W., Stein, M., Wang, J., Ko-ta-marthi, V., and Moyer,
 []


Underfull \hbox (badness 5189) in paragraph at lines 87--90
\T1/ptm/m/n/9 E.: Changes in Spatio-temporal Pre-cip-i-ta-tion Pat-terns in
 []


Underfull \hbox (badness 10000) in paragraph at lines 87--90
\T1/ptm/m/n/9 Chang-ing Cli-mate Con-di-tions, Jour-nal of Cli-mate, 29,
 []


Underfull \vbox (badness 10000) has occurred while \output is active []

[15]
Underfull \hbox (badness 3780) in paragraph at lines 120--124
\T1/ptm/m/n/9 jh-nuwala, K., Best, N., Wilde, M., and Fos-ter, I.: The
 []


Underfull \hbox (badness 2142) in paragraph at lines 120--124
\T1/ptm/m/n/9 par-al-lel sys-tem for in-te-grat-ing im-pact mod-els and sec-tor
s
 []


Underfull \hbox (badness 1205) in paragraph at lines 128--134
\T1/ptm/m/n/9 T., Iza-u-r-ralde, R. C., Mueller, N. D., Ray, D. K., Rosen-
 []


Underfull \vbox (badness 10000) has occurred while \output is active []


Underfull \hbox (badness 2582) in paragraph at lines 184--188
[]\T1/ptm/m/n/9 Glotter, M., El-liott, J., McIn-er-ney, D., Best, N., Fos-ter, 
I.,
 []


Underfull \hbox (badness 6204) in paragraph at lines 184--188
\T1/ptm/m/n/9 and Moyer, E. J.: Eval-u-at-ing the util-ity of dy-nam-i-cal
 []


Underfull \hbox (badness 4013) in paragraph at lines 184--188
\T1/ptm/m/n/9 of the Na-tional Academy of Sci-ences, 111, 8776--8781,
 []


Underfull \hbox (badness 1831) in paragraph at lines 203--207
[]\T1/ptm/m/n/9 Haugen, M., Stein, M., Moyer, E., and Sriver, R.: Es-ti-mat-
 []


Underfull \hbox (badness 1057) in paragraph at lines 203--207
\T1/ptm/m/n/9 ing changes in tem-per-a-ture dis-tri-bu-tions in a large en-sem-

 []


Underfull \vbox (badness 10000) has occurred while \output is active []

[16]
Underfull \hbox (badness 10000) in paragraph at lines 275--279
[]\T1/ptm/m/n/9 Izaurralde, R., Williams, J., Mcgill, W., Rosen-berg, N.,
 []


Underfull \hbox (badness 10000) in paragraph at lines 275--279
\T1/ptm/m/n/9 and Quiroga Jakas, M.: Sim-u-lat-ing soil C dy-nam-
 []


Underfull \hbox (badness 10000) in paragraph at lines 275--279
\T1/ptm/m/n/9 ics with EPIC: Model de-scrip-tion and test-ing against
 []


Underfull \hbox (badness 10000) in paragraph at lines 275--279
\T1/ptm/m/n/9 long-term data, Eco-log-i-cal Mod-elling, 192, 362--384,
 []


Underfull \hbox (badness 1565) in paragraph at lines 307--314
\T1/ptm/m/n/9 M., Holz-worth, D., Huth, N., Har-g-reaves, J., Meinke, H.,
 []


Underfull \vbox (badness 10000) has occurred while \output is active []


Underfull \hbox (badness 3158) in paragraph at lines 336--340
[]\T1/ptm/m/n/9 Liu, W., Yang, H., Fol-berth, C., Wang, X., Luo, Q., and
 []


Underfull \hbox (badness 10000) in paragraph at lines 336--340
\T1/ptm/m/n/9 Schulin, R.: Global in-ves-ti-ga-tion of im-pacts of PET
 []


Underfull \hbox (badness 10000) in paragraph at lines 336--340
\T1/ptm/m/n/9 meth-ods on sim-u-lat-ing crop-water re-la-tions for maize,
 []


Underfull \hbox (badness 7064) in paragraph at lines 336--340
\T1/ptm/m/n/9 Agri-cul-tural and For-est Me-te-o-rol-ogy, 221, 164 -- 175,
 []


Underfull \hbox (badness 2057) in paragraph at lines 349--352
[]\T1/ptm/m/n/9 Lobell, D. B. and Burke, M. B.: On the use of sta-tis-ti-cal
 []


Underfull \hbox (badness 1337) in paragraph at lines 349--352
\T1/ptm/m/n/9 mod-els to pre-dict crop yield re-sponses to cli-mate change,
 []


Underfull \hbox (badness 3219) in paragraph at lines 349--352
\T1/ptm/m/n/9 Agri-cul-tural and For-est Me-te-o-rol-ogy, 150, 1443 -- 1452,
 []


Underfull \hbox (badness 2922) in paragraph at lines 365--371
\T1/ptm/m/n/9 Ef-fects, p. 1100, https://doi.org/[]10.13140/RG.2.1.5173.8328[],

 []


Underfull \hbox (badness 2894) in paragraph at lines 380--384
[]\T1/ptm/m/n/9 Mauser, W., Klep-per, G., Zabel, F., Delzeit, R., Hank, T.,
 []


Underfull \hbox (badness 1052) in paragraph at lines 380--384
\T1/ptm/m/n/9 Putzen-lech-ner, B., and Calzadilla, A.: Global biomass pro-
 []


Underfull \hbox (badness 2042) in paragraph at lines 380--384
\T1/ptm/m/n/9 duc-tion po-ten-tials ex-ceed ex-pected fu-ture de-mand with-out
 []


Underfull \vbox (badness 10000) has occurred while \output is active []

[17]
Underfull \hbox (badness 3333) in paragraph at lines 400--403
[]\T1/ptm/m/n/9 Moore, F. C., Bal-dos, U., Her-tel, T., and Diaz, D.: New
 []


Underfull \hbox (badness 2495) in paragraph at lines 400--403
\T1/ptm/m/n/9 sci-ence of cli-mate change im-pacts on agri-cul-ture im-plies
 []


Underfull \hbox (badness 2698) in paragraph at lines 400--403
\T1/ptm/m/n/9 higher so-cial cost of car-bon, Na-ture Com-mu-ni-ca-tions, 8,
 []


Underfull \hbox (badness 3514) in paragraph at lines 408--416
[]\T1/ptm/m/n/9 Mller, C., El-liott, J., Chrys-san-tha-copou-los, J., Ar-neth,
 A.,
 []


Underfull \hbox (badness 1383) in paragraph at lines 444--448
[]\T1/ptm/m/n/9 Osborne, T., Gor-nall, J., Hooker, J., Williams, K., Wilt-shire
,
 []


Underfull \hbox (badness 1675) in paragraph at lines 444--448
\T1/ptm/m/n/9 A., Betts, R., and Wheeler, T.: JULES-crop: a parametri-
 []


Underfull \hbox (badness 1817) in paragraph at lines 444--448
\T1/ptm/m/n/9 sa-tion of crops in the Joint UK Land En-vi-ron-ment Sim-
 []


Underfull \hbox (badness 6284) in paragraph at lines 444--448
\T1/ptm/m/n/9 u-la-tor, Geo-sci-en-tific Model De-vel-op-ment, 8, 1139--1155,
 []


Underfull \hbox (badness 7308) in paragraph at lines 451--454
\T1/ptm/m/n/9 in crop yields and their vari-abil-ity at dif-fer-ent lev-els
 []


Underfull \hbox (badness 2253) in paragraph at lines 451--454
\T1/ptm/m/n/9 of global warm-ing, Earth Sys-tem Dy-nam-ics, 9, 479--496,
 []


Underfull \vbox (badness 10000) has occurred while \output is active []


Underfull \hbox (badness 2150) in paragraph at lines 550--556
\T1/ptm/m/n/9 As-seng, S., Basso, B., Ew-ert, F., Wal-lach, D., Baig-or-ria,
 []


Underfull \hbox (badness 1178) in paragraph at lines 550--556
\T1/ptm/m/n/9 ies, Agri-cul-tural and For-est Me-te-o-rol-ogy, 170, 166 -- 182,

 []


Underfull \hbox (badness 3386) in paragraph at lines 560--566
\T1/ptm/m/n/9 C., Ar-neth, A., Boote, K. J., Fol-berth, C., Glot-ter, M.,
 []


Underfull \hbox (badness 1184) in paragraph at lines 560--566
\T1/ptm/m/n/9 Khabarov, N., Neu-mann, K., Pi-o-ntek, F., Pugh, T. A. M.,
 []


Underfull \hbox (badness 1107) in paragraph at lines 560--566
\T1/ptm/m/n/9 Schmid, E., Ste-hfest, E., Yang, H., and Jones, J. W.: As-
 []


Underfull \vbox (badness 10000) has occurred while \output is active []

[18]
Underfull \hbox (badness 3525) in paragraph at lines 571--580
[]\T1/ptm/m/n/9 Rosenzweig, C., Ru-ane, A. C., An-tle, J., El-liott, J., Ash-
 []


Underfull \hbox (badness 1661) in paragraph at lines 571--580
\T1/ptm/m/n/9 A: Math-e-mat-i-cal, Phys-i-cal and En-gi-neer-ing Sci-ences, 376
,
 []


Underfull \hbox (badness 1960) in paragraph at lines 601--606
\T1/ptm/m/n/9 Jones, J. W., Romero, C. C., and Ce-cil, L. D.: Carbon-
 []


Underfull \hbox (badness 10000) in paragraph at lines 609--613
[]\T1/ptm/m/n/9 Ruane, A. C., Gold-berg, R., and Chrys-san-tha-copou-los,
 []


Underfull \hbox (badness 10000) in paragraph at lines 609--613
\T1/ptm/m/n/9 J.: Cli-mate forc-ing datasets for agri-cul-tural mod-el-ing:
 []


Underfull \hbox (badness 2042) in paragraph at lines 609--613
\T1/ptm/m/n/9 Merged prod-ucts for gap-filling and his-tor-i-cal cli-mate se-
 []


Underfull \hbox (badness 7064) in paragraph at lines 609--613
\T1/ptm/m/n/9 ries es-ti-ma-tion, Agric. For-est Me-te-o-rol., 200, 233--248,
 []


Underfull \vbox (badness 10000) has occurred while \output is active []


Underfull \hbox (badness 4391) in paragraph at lines 649--652
[]\T1/ptm/m/n/9 Sacks, W. J., Deryng, D., Fo-ley, J. A., and Ra-mankutty,
 []


Underfull \hbox (badness 10000) in paragraph at lines 649--652
\T1/ptm/m/n/9 N.: Crop plant-ing dates: an anal-y-sis of global pat-
 []


Underfull \hbox (badness 7064) in paragraph at lines 649--652
\T1/ptm/m/n/9 terns, Global Ecol-ogy and Bio-geog-ra-phy, 19, 607--620,
 []


Underfull \hbox (badness 10000) in paragraph at lines 704--707
[]\T1/ptm/m/n/9 Taylor, K. E., Stouf-fer, R. J., and Meehl, G. A.: An
 []


Underfull \hbox (badness 1681) in paragraph at lines 704--707
\T1/ptm/m/n/9 Overview of CMIP5 and the Ex-per-i-ment De-sign, Bul-letin
 []


Underfull \hbox (badness 10000) in paragraph at lines 704--707
\T1/ptm/m/n/9 of the Amer-i-can Me-te-o-ro-log-i-cal So-ci-ety, 93, 485--498,
 []


Underfull \hbox (badness 1297) in paragraph at lines 709--712
\T1/ptm/m/n/9 Re-search Let-ters, 35, https://doi.org/[]10.1029/2008GL033423[],

 []


Underfull \vbox (badness 10000) has occurred while \output is active []

[19]
Underfull \hbox (badness 2221) in paragraph at lines 729--732
[]\T1/ptm/m/n/9 White, J. W., Hoogen-boom, G., Kim-ball, B. A., and Wall,
 []


Underfull \hbox (badness 2671) in paragraph at lines 748--751
[]\T1/ptm/m/n/9 Wolf, J. and Oi-jen, M.: Mod-elling the de-pen-dence of Eu-
 []


Underfull \hbox (badness 5711) in paragraph at lines 748--751
\T1/ptm/m/n/9 ro-pean potato yields on changes in cli-mate and CO2,
 []


Underfull \hbox (badness 7064) in paragraph at lines 748--751
\T1/ptm/m/n/9 Agri-cul-tural and For-est Me-te-o-rol-ogy, 112, 217 -- 231,
 []


Underfull \hbox (badness 1418) in paragraph at lines 756--763
\T1/ptm/m/n/9 lec, T., Bern-hofer, C., Grn-wald, T., Moureaux, C., Man-
 []


Underfull \hbox (badness 1603) in paragraph at lines 756--763
\T1/ptm/m/n/9 agro-land sur-face model: model de-scrip-tion and eval-u-a-tion
 []

) [20

]
Package atveryend Info: Empty hook `BeforeClearDocument' on input line 426.
Package atveryend Info: Empty hook `AfterLastShipout' on input line 426.
(/Users/jamesfranke/Documents/GitHub/PhaseIIPaper/main.aux)
Package atveryend Info: Executing hook `AtVeryEndDocument' on input line 426.
Package atveryend Info: Empty hook `AtEndAfterFileList' on input line 426.
Package atveryend Info: Empty hook `AtVeryVeryEnd' on input line 426.
 )
(\end occurred when \ifx on line 389 was incomplete)
(\end occurred when \ifx on line 387 was incomplete)
(\end occurred when \ifx on line 385 was incomplete)
(\end occurred when \ifx on line 362 was incomplete)
(\end occurred when \ifx on line 321 was incomplete)
(\end occurred when \ifx on line 319 was incomplete)
(\end occurred when \ifx on line 310 was incomplete)
(\end occurred when \ifx on line 300 was incomplete)
(\end occurred when \ifx on line 227 was incomplete)
(\end occurred when \ifx on line 225 was incomplete)
(\end occurred when \ifx on line 223 was incomplete)
(\end occurred when \ifx on line 219 was incomplete)
(\end occurred when \ifx on line 204 was incomplete)
(\end occurred when \ifx on line 197 was incomplete)
(\end occurred when \ifx on line 131 was incomplete) 
Here is how much of TeX's memory you used:
 10904 strings out of 492995
 154827 string characters out of 6132704
 333925 words of memory out of 5000000
 14074 multiletter control sequences out of 15000+600000
 46783 words of font info for 65 fonts, out of 8000000 for 9000
 1141 hyphenation exceptions out of 8191
 43i,10n,40p,2114b,666s stack positions out of 5000i,500n,10000p,200000b,80000s
{/usr/local/texlive/2017/te
xmf-dist/fonts/enc/dvips/base/8r.enc}</usr/local/texlive/2017/texmf-dist/fonts/
type1/public/amsfonts/cm/cmmi10.pfb></usr/local/texlive/2017/texmf-dist/fonts/t
ype1/public/amsfonts/cm/cmmi6.pfb></usr/local/texlive/2017/texmf-dist/fonts/typ
e1/public/amsfonts/cm/cmmi7.pfb></usr/local/texlive/2017/texmf-dist/fonts/type1
/public/amsfonts/cm/cmmi9.pfb></usr/local/texlive/2017/texmf-dist/fonts/type1/p
ublic/amsfonts/cm/cmr10.pfb></usr/local/texlive/2017/texmf-dist/fonts/type1/pub
lic/amsfonts/cm/cmr6.pfb></usr/local/texlive/2017/texmf-dist/fonts/type1/public
/amsfonts/cm/cmr7.pfb></usr/local/texlive/2017/texmf-dist/fonts/type1/public/am
sfonts/cm/cmr9.pfb></usr/local/texlive/2017/texmf-dist/fonts/type1/public/amsfo
nts/cm/cmsy10.pfb></usr/local/texlive/2017/texmf-dist/fonts/type1/public/amsfon
ts/cm/cmsy6.pfb></usr/local/texlive/2017/texmf-dist/fonts/type1/public/amsfonts
/cm/cmsy7.pfb></usr/local/texlive/2017/texmf-dist/fonts/type1/public/amsfonts/c
m/cmsy9.pfb></usr/local/texlive/2017/texmf-dist/fonts/type1/urw/helvetic/uhvb8a
.pfb></usr/local/texlive/2017/texmf-dist/fonts/type1/urw/helvetic/uhvr8a.pfb></
usr/local/texlive/2017/texmf-dist/fonts/type1/urw/times/utmb8a.pfb></usr/local/
texlive/2017/texmf-dist/fonts/type1/urw/times/utmr8a.pfb>
Output written on /Users/jamesfranke/Documents/GitHub/PhaseIIPaper/main.pdf (20
 pages, 10167257 bytes).
PDF statistics:
 795 PDF objects out of 1000 (max. 8388607)
 727 compressed objects within 8 object streams
 156 named destinations out of 1000 (max. 500000)
 56 words of extra memory for PDF output out of 10000 (max. 10000000)

