This is pdfTeX, Version 3.14159265-2.6-1.40.20 (TeX Live 2019) (preloaded format=pdflatex 2020.2.12)  2 JUL 2020 07:47
entering extended mode
 restricted \write18 enabled.
 file:line:error style messages enabled.
 %&-line parsing enabled.
**/Users/jamesfranke/Documents/GitHub/PhaseIIPaper/Part2/supdocs/supdoc.tex
(/Users/jamesfranke/Documents/GitHub/PhaseIIPaper/Part2/supdocs/supdoc.tex
LaTeX2e <2020-02-02> patch level 1
L3 programming layer <2020-02-11> (/usr/local/texlive/2017/texmf-dist/tex/latex/base/article.cls
Document Class: article 2019/12/20 v1.4l Standard LaTeX document class
(/usr/local/texlive/2017/texmf-dist/tex/latex/base/size12.clo
File: size12.clo 2019/12/20 v1.4l Standard LaTeX file (size option)
)
\c@part=\count167
\c@section=\count168
\c@subsection=\count169
\c@subsubsection=\count170
\c@paragraph=\count171
\c@subparagraph=\count172
\c@figure=\count173
\c@table=\count174
\abovecaptionskip=\skip47
\belowcaptionskip=\skip48
\bibindent=\dimen134
) (/usr/local/texlive/2017/texmf-dist/tex/latex/geometry/geometry.sty
Package: geometry 2020/01/02 v5.9 Page Geometry
 (/usr/local/texlive/2017/texmf-dist/tex/latex/graphics/keyval.sty
Package: keyval 2014/10/28 v1.15 key=value parser (DPC)
\KV@toks@=\toks14
) (/usr/local/texlive/2017/texmf-dist/tex/generic/iftex/ifvtex.sty
Package: ifvtex 2019/10/25 v1.7 ifvtex legacy package. Use iftex instead.
 (/usr/local/texlive/2017/texmf-dist/tex/generic/iftex/iftex.sty
Package: iftex 2019/11/07 v1.0c TeX engine tests
))
\Gm@cnth=\count175
\Gm@cntv=\count176
\c@Gm@tempcnt=\count177
\Gm@bindingoffset=\dimen135
\Gm@wd@mp=\dimen136
\Gm@odd@mp=\dimen137
\Gm@even@mp=\dimen138
\Gm@layoutwidth=\dimen139
\Gm@layoutheight=\dimen140
\Gm@layouthoffset=\dimen141
\Gm@layoutvoffset=\dimen142
\Gm@dimlist=\toks15
) (/usr/local/texlive/2017/texmf-dist/tex/latex/base/inputenc.sty
Package: inputenc 2018/08/11 v1.3c Input encoding file
\inpenc@prehook=\toks16
\inpenc@posthook=\toks17
) (/usr/local/texlive/2017/texmf-dist/tex/latex/tools/multicol.sty
Package: multicol 2019/12/09 v1.8y multicolumn formatting (FMi)
\c@tracingmulticols=\count178
\mult@box=\box45
\multicol@leftmargin=\dimen143
\c@unbalance=\count179
\c@collectmore=\count180
\doublecol@number=\count181
\multicoltolerance=\count182
\multicolpretolerance=\count183
\full@width=\dimen144
\page@free=\dimen145
\premulticols=\dimen146
\postmulticols=\dimen147
\multicolsep=\skip49
\multicolbaselineskip=\skip50
\partial@page=\box46
\last@line=\box47
\maxbalancingoverflow=\dimen148
\mult@rightbox=\box48
\mult@grightbox=\box49
\mult@gfirstbox=\box50
\mult@firstbox=\box51
\@tempa=\box52
\@tempa=\box53
\@tempa=\box54
\@tempa=\box55
\@tempa=\box56
\@tempa=\box57
\@tempa=\box58
\@tempa=\box59
\@tempa=\box60
\@tempa=\box61
\@tempa=\box62
\@tempa=\box63
\@tempa=\box64
\@tempa=\box65
\@tempa=\box66
\@tempa=\box67
\@tempa=\box68
\@tempa=\box69
\@tempa=\box70
\@tempa=\box71
\@tempa=\box72
\@tempa=\box73
\@tempa=\box74
\@tempa=\box75
\@tempa=\box76
\@tempa=\box77
\@tempa=\box78
\@tempa=\box79
\@tempa=\box80
\@tempa=\box81
\@tempa=\box82
\@tempa=\box83
\@tempa=\box84
\@tempa=\box85
\@tempa=\box86
\@tempa=\box87
\@tempa=\box88
\c@minrows=\count184
\c@columnbadness=\count185
\c@finalcolumnbadness=\count186
\last@try=\dimen149
\multicolovershoot=\dimen150
\multicolundershoot=\dimen151
\mult@nat@firstbox=\box89
\colbreak@box=\box90
\mc@col@check@num=\count187
) (/usr/local/texlive/2017/texmf-dist/tex/latex/amsfonts/amsfonts.sty
Package: amsfonts 2013/01/14 v3.01 Basic AMSFonts support
\@emptytoks=\toks18
\symAMSa=\mathgroup4
\symAMSb=\mathgroup5
LaTeX Font Info:    Redeclaring math symbol \hbar on input line 98.
LaTeX Font Info:    Overwriting math alphabet `\mathfrak' in version `bold'
(Font)                  U/euf/m/n --> U/euf/b/n on input line 106.
) (/usr/local/texlive/2017/texmf-dist/tex/latex/booktabs/booktabs.sty
Package: booktabs 2020/01/12 v1.61803398 Publication quality tables
\heavyrulewidth=\dimen152
\lightrulewidth=\dimen153
\cmidrulewidth=\dimen154
\belowrulesep=\dimen155
\belowbottomsep=\dimen156
\aboverulesep=\dimen157
\abovetopsep=\dimen158
\cmidrulesep=\dimen159
\cmidrulekern=\dimen160
\defaultaddspace=\dimen161
\@cmidla=\count188
\@cmidlb=\count189
\@aboverulesep=\dimen162
\@belowrulesep=\dimen163
\@thisruleclass=\count190
\@lastruleclass=\count191
\@thisrulewidth=\dimen164
) (/usr/local/texlive/2017/texmf-dist/tex/latex/siunitx/siunitx.sty (/usr/local/texlive/2017/texmf-dist/tex/latex/l3kernel/expl3.sty
Package: expl3 2020-02-11 L3 programming layer (loader) 
 (/usr/local/texlive/2017/texmf-dist/tex/latex/l3backend/l3backend-pdfmode.def
File: l3backend-pdfmode.def 2020-02-03 L3 backend support: PDF mode
\l__kernel_color_stack_int=\count192
\l__pdf_internal_box=\box91
)) (/usr/local/texlive/2017/texmf-dist/tex/latex/l3packages/xparse/xparse.sty
Package: xparse 2020-02-08 L3 Experimental document command parser
\l__xparse_current_arg_int=\count193
\g__xparse_grabber_int=\count194
\l__xparse_m_args_int=\count195
\l__xparse_v_nesting_int=\count196
)
Package: siunitx 2020/01/15 v2.7u A comprehensive (SI) units package
 (/usr/local/texlive/2017/texmf-dist/tex/latex/amsmath/amstext.sty
Package: amstext 2000/06/29 v2.01 AMS text
 (/usr/local/texlive/2017/texmf-dist/tex/latex/amsmath/amsgen.sty
File: amsgen.sty 1999/11/30 v2.0 generic functions
\@emptytoks=\toks19
\ex@=\dimen165
)) (/usr/local/texlive/2017/texmf-dist/tex/latex/tools/array.sty
Package: array 2019/08/31 v2.4l Tabular extension package (FMi)
\col@sep=\dimen166
\ar@mcellbox=\box92
\extrarowheight=\dimen167
\NC@list=\toks20
\extratabsurround=\skip51
\backup@length=\skip52
\ar@cellbox=\box93
) (/usr/local/texlive/2017/texmf-dist/tex/latex/l3packages/l3keys2e/l3keys2e.sty
Package: l3keys2e 2020-02-08 LaTeX2e option processing using LaTeX3 keys
)
\l__siunitx_tmp_box=\box94
\l__siunitx_tmp_dim=\dimen168
\l__siunitx_tmp_int=\count197
\l__siunitx_number_mantissa_length_int=\count198
\l__siunitx_number_uncert_length_int=\count199
\l__siunitx_round_int=\count266
\l__siunitx_process_decimal_int=\count267
\l__siunitx_process_uncertainty_int=\count268
\l__siunitx_process_fixed_int=\count269
\l__siunitx_process_integer_min_int=\count270
\l__siunitx_process_precision_int=\count271
\l__siunitx_group_min_int=\count272
\l__siunitx_angle_marker_box=\box95
\l__siunitx_angle_unit_box=\box96
\l__siunitx_angle_marker_dim=\dimen169
\l__siunitx_angle_unit_dim=\dimen170
\l__siunitx_unit_int=\count273
\l__siunitx_unit_denominator_int=\count274
\l__siunitx_unit_numerator_int=\count275
\l__siunitx_unit_prefix_int=\count276
\l__siunitx_unit_prefix_base_int=\count277
\l__siunitx_unit_prefix_gram_int=\count278
\l__siunitx_number_product_int=\count279
\c__siunitx_one_fill_skip=\skip53
\l__siunitx_table_unit_align_skip=\skip54
\l__siunitx_table_exponent_dim=\dimen171
\l__siunitx_table_integer_dim=\dimen172
\l__siunitx_table_mantissa_dim=\dimen173
\l__siunitx_table_marker_dim=\dimen174
\l__siunitx_table_result_dim=\dimen175
\l__siunitx_table_uncert_dim=\dimen176
\l__siunitx_table_fill_pre_dim=\dimen177
\l__siunitx_table_fill_post_dim=\dimen178
\l__siunitx_table_fill_mid_dim=\dimen179
\l__siunitx_table_pre_box=\box97
\l__siunitx_table_post_box=\box98
\l__siunitx_table_mantissa_box=\box99
\l__siunitx_table_result_box=\box100
\l__siunitx_table_number_align_skip=\skip55
\l__siunitx_table_text_align_skip=\skip56
 (/usr/local/texlive/2017/texmf-dist/tex/latex/translator/translator.sty
Package: translator 2019-05-31 v1.12a Easy translation of strings in LaTeX
)) (/usr/local/texlive/2017/texmf-dist/tex/latex/float/float.sty
Package: float 2001/11/08 v1.3d Float enhancements (AL)
\c@float@type=\count280
\float@exts=\toks21
\float@box=\box101
\@float@everytoks=\toks22
\@floatcapt=\box102
) (/usr/local/texlive/2017/texmf-dist/tex/latex/caption/caption.sty
Package: caption 2020/01/03 v3.4h Customizing captions (AR)
 (/usr/local/texlive/2017/texmf-dist/tex/latex/caption/caption3.sty
Package: caption3 2020/01/03 v1.8h caption3 kernel (AR)
Package caption3 Info: TeX engine: e-TeX on input line 61.
\captionmargin=\dimen180
\captionmargin@=\dimen181
\captionwidth=\dimen182
\caption@tempdima=\dimen183
\caption@indent=\dimen184
\caption@parindent=\dimen185
\caption@hangindent=\dimen186
Package caption Info: Standard document class detected.
)
\c@caption@flags=\count281
\c@continuedfloat=\count282
Package caption Info: float package is loaded.
) (/usr/local/texlive/2017/texmf-dist/tex/latex/lineno/lineno.sty
Package: lineno 2005/11/02 line numbers on paragraphs v4.41
\linenopenalty=\count283
\output=\toks23
\linenoprevgraf=\count284
\linenumbersep=\dimen187
\linenumberwidth=\dimen188
\c@linenumber=\count285
\c@pagewiselinenumber=\count286
\c@LN@truepage=\count287
\c@internallinenumber=\count288
\c@internallinenumbers=\count289
\quotelinenumbersep=\dimen189
\bframerule=\dimen190
\bframesep=\dimen191
\bframebox=\box103
LaTeX Info: Redefining \\ on input line 3056.
) (/usr/local/texlive/2017/texmf-dist/tex/latex/amsmath/amsmath.sty
Package: amsmath 2020/01/20 v2.17e AMS math features
\@mathmargin=\skip57

For additional information on amsmath, use the `?' option.
(/usr/local/texlive/2017/texmf-dist/tex/latex/amsmath/amsbsy.sty
Package: amsbsy 1999/11/29 v1.2d Bold Symbols
\pmbraise@=\dimen192
) (/usr/local/texlive/2017/texmf-dist/tex/latex/amsmath/amsopn.sty
Package: amsopn 2016/03/08 v2.02 operator names
)
\inf@bad=\count290
LaTeX Info: Redefining \frac on input line 227.
\uproot@=\count291
\leftroot@=\count292
LaTeX Info: Redefining \overline on input line 389.
\classnum@=\count293
\DOTSCASE@=\count294
LaTeX Info: Redefining \ldots on input line 486.
LaTeX Info: Redefining \dots on input line 489.
LaTeX Info: Redefining \cdots on input line 610.
\Mathstrutbox@=\box104
\strutbox@=\box105
\big@size=\dimen193
LaTeX Font Info:    Redeclaring font encoding OML on input line 733.
LaTeX Font Info:    Redeclaring font encoding OMS on input line 734.
\macc@depth=\count295
\c@MaxMatrixCols=\count296
\dotsspace@=\muskip16
\c@parentequation=\count297
\dspbrk@lvl=\count298
\tag@help=\toks24
\row@=\count299
\column@=\count300
\maxfields@=\count301
\andhelp@=\toks25
\eqnshift@=\dimen194
\alignsep@=\dimen195
\tagshift@=\dimen196
\tagwidth@=\dimen197
\totwidth@=\dimen198
\lineht@=\dimen199
\@envbody=\toks26
\multlinegap=\skip58
\multlinetaggap=\skip59
\mathdisplay@stack=\toks27
LaTeX Info: Redefining \[ on input line 2859.
LaTeX Info: Redefining \] on input line 2860.
) (/usr/local/texlive/2017/texmf-dist/tex/latex/amsfonts/amssymb.sty
Package: amssymb 2013/01/14 v3.01 AMS font symbols
) (/usr/local/texlive/2017/texmf-dist/tex/latex/setspace/setspace.sty
Package: setspace 2011/12/19 v6.7a set line spacing
) (/usr/local/texlive/2017/texmf-dist/tex/latex/fancyhdr/fancyhdr.sty
Package: fancyhdr 2019/01/31 v3.10 Extensive control of page headers and footers
\f@nch@headwidth=\skip60
\f@nch@O@elh=\skip61
\f@nch@O@erh=\skip62
\f@nch@O@olh=\skip63
\f@nch@O@orh=\skip64
\f@nch@O@elf=\skip65
\f@nch@O@erf=\skip66
\f@nch@O@olf=\skip67
\f@nch@O@orf=\skip68
) (/usr/local/texlive/2017/texmf-dist/tex/latex/url/url.sty
\Urlmuskip=\muskip17
Package: url 2013/09/16  ver 3.4  Verb mode for urls, etc.
) (/usr/local/texlive/2017/texmf-dist/tex/latex/graphics/color.sty
Package: color 2019/11/23 v1.2a Standard LaTeX Color (DPC)
 (/usr/local/texlive/2017/texmf-dist/tex/latex/graphics-cfg/color.cfg
File: color.cfg 2016/01/02 v1.6 sample color configuration
)
Package color Info: Driver file: pdftex.def on input line 147.
 (/usr/local/texlive/2017/texmf-dist/tex/latex/graphics-def/pdftex.def
File: pdftex.def 2018/01/08 v1.0l Graphics/color driver for pdftex
)) (/usr/local/texlive/2017/texmf-dist/tex/latex/subfigure/subfigure.sty
Package: subfigure 2002/03/15 v2.1.5 subfigure package
\subfigtopskip=\skip69
\subfigcapskip=\skip70
\subfigcaptopadj=\dimen256
\subfigbottomskip=\skip71
\subfigcapmargin=\dimen257
\subfiglabelskip=\skip72
\c@subfigure=\count302
\c@lofdepth=\count303
\c@subtable=\count304
\c@lotdepth=\count305

****************************************
* Local config file subfigure.cfg used *
****************************************
(/usr/local/texlive/2017/texmf-dist/tex/latex/subfigure/subfigure.cfg)
\subfig@top=\skip73
\subfig@bottom=\skip74
) (/usr/local/texlive/2017/texmf-dist/tex/latex/graphics/graphicx.sty
Package: graphicx 2019/11/30 v1.2a Enhanced LaTeX Graphics (DPC,SPQR)
 (/usr/local/texlive/2017/texmf-dist/tex/latex/graphics/graphics.sty
Package: graphics 2019/11/30 v1.4a Standard LaTeX Graphics (DPC,SPQR)
 (/usr/local/texlive/2017/texmf-dist/tex/latex/graphics/trig.sty
Package: trig 2016/01/03 v1.10 sin cos tan (DPC)
) (/usr/local/texlive/2017/texmf-dist/tex/latex/graphics-cfg/graphics.cfg
File: graphics.cfg 2016/06/04 v1.11 sample graphics configuration
)
Package graphics Info: Driver file: pdftex.def on input line 105.
)
\Gin@req@height=\dimen258
\Gin@req@width=\dimen259
) (/usr/local/texlive/2017/texmf-dist/tex/latex/graphics/lscape.sty
Package: lscape 2000/10/22 v3.01 Landscape Pages (DPC)
) (/usr/local/texlive/2017/texmf-dist/tex/latex/amscls/amsthm.sty
Package: amsthm 2017/10/31 v2.20.4
\thm@style=\toks28
\thm@bodyfont=\toks29
\thm@headfont=\toks30
\thm@notefont=\toks31
\thm@headpunct=\toks32
\thm@preskip=\skip75
\thm@postskip=\skip76
\thm@headsep=\skip77
\dth@everypar=\toks33
) (/usr/local/texlive/2017/texmf-dist/tex/latex/blindtext/blindtext.sty
Package: blindtext 2012/01/06 V2.0 blindtext-Package
 (/usr/local/texlive/2017/texmf-dist/tex/latex/tools/xspace.sty
Package: xspace 2014/10/28 v1.13 Space after command names (DPC,MH)
)
\c@blindtext=\count306
\c@Blindtext=\count307
\c@blind@countparstart=\count308
\blind@countxx=\count309
\blindtext@numBlindtext=\count310
\blind@countyy=\count311
\c@blindlist=\count312
\c@blindlistlevel=\count313
\c@blindlist@level=\count314
\blind@listitem=\count315
\c@blind@listcount=\count316
\c@blind@levelcount=\count317
\blind@mathformula=\count318
\blind@Mathformula=\count319
\c@blind@randomcount=\count320
\c@blind@randommax=\count321
\c@blind@pangramcount=\count322
\c@blind@pangrammax=\count323
) (/usr/local/texlive/2017/texmf-dist/tex/latex/tools/hhline.sty
Package: hhline 2020/01/04 v2.04 Table rule package (DPC)
) (/usr/local/texlive/2017/texmf-dist/tex/latex/arydshln/arydshln.sty
Package: arydshln 2019/02/21 v1.76 
\dashlinedash=\dimen260
\dashlinegap=\dimen261
\adl@box=\box106
\adl@height=\dimen262
\adl@heightsave=\dimen263
\adl@depth=\dimen264
\adl@depthsave=\dimen265
\adl@finaldepth=\dimen266
\adl@columns=\count324
\adl@ncol=\count325
\adl@currentcolumn=\count326
\adl@currentcolumnsave=\count327
\adl@totalheight=\count328
\adl@totalheightsave=\count329
\adl@dash=\count330
\adl@gap=\count331
\adl@cla=\count332
\adl@clb=\count333
\adl@everyvbox=\toks34
\adl@LTpagetotal=\dimen267
) (/usr/local/texlive/2017/texmf-dist/tex/latex/tools/verbatim.sty
Package: verbatim 2019/11/10 v1.5r LaTeX2e package for verbatim enhancements
\every@verbatim=\toks35
\verbatim@line=\toks36
\verbatim@in@stream=\read2
) (/usr/local/texlive/2017/texmf-dist/tex/latex/dblfloatfix/dblfloatfix.sty
Package: dblfloatfix 2012/12/31 v1.0a (JAW)
 (/usr/local/texlive/2017/texmf-dist/tex/latex/base/fixltx2e.sty
Package: fixltx2e 2016/12/29 v2.1a fixes to LaTeX (obsolete)
Applying: [2015/01/01] Old fixltx2e package on input line 46.


Package fixltx2e Warning: fixltx2e is not required with releases after 2015
(fixltx2e)                All fixes are now in the LaTeX kernel.
(fixltx2e)                See the latexrelease package for details.

Already applied: [0000/00/00] Old fixltx2e package on input line 53.
)
\@dblbotnum=\count334
\c@dblbotnumber=\count335
) (/usr/local/texlive/2017/texmf-dist/tex/latex/multirow/multirow.sty
Package: multirow 2019/05/31 v2.5 Span multiple rows of a table
\multirow@colwidth=\skip78
\multirow@cntb=\count336
\multirow@dima=\skip79
\bigstrutjot=\dimen268
) (/usr/local/texlive/2017/texmf-dist/tex/latex/tools/xr.sty
Package: xr 2019/07/22 v5.05 eXternal References (DPC)
) (/usr/local/texlive/2017/texmf-dist/tex/latex/ragged2e/ragged2e.sty
Package: ragged2e 2019/07/28 v2.2 ragged2e Package (MS)


LaTeX Warning: Command \@arrayparboxrestore  has changed.
               Check if current package is valid.

(/usr/local/texlive/2017/texmf-dist/tex/latex/ms/everysel.sty
Package: everysel 2011/10/28 v1.2 EverySelectfont Package (MS)
) (/usr/local/texlive/2017/texmf-dist/tex/latex/footmisc/footmisc.sty
Package: footmisc 2011/06/06 v5.5b a miscellany of footnote facilities
\FN@temptoken=\toks37
\footnotemargin=\dimen269
\c@pp@next@reset=\count337
Package footmisc Info: Declaring symbol style bringhurst on input line 855.
Package footmisc Info: Declaring symbol style chicago on input line 863.
Package footmisc Info: Declaring symbol style wiley on input line 872.
Package footmisc Info: Declaring symbol style lamport-robust on input line 883.
Package footmisc Info: Declaring symbol style lamport* on input line 903.
Package footmisc Info: Declaring symbol style lamport*-robust on input line 924.
)
\CenteringLeftskip=\skip80
\RaggedLeftLeftskip=\skip81
\RaggedRightLeftskip=\skip82
\CenteringRightskip=\skip83
\RaggedLeftRightskip=\skip84
\RaggedRightRightskip=\skip85
\CenteringParfillskip=\skip86
\RaggedLeftParfillskip=\skip87
\RaggedRightParfillskip=\skip88
\JustifyingParfillskip=\skip89
\CenteringParindent=\skip90
\RaggedLeftParindent=\skip91
\RaggedRightParindent=\skip92
\JustifyingParindent=\skip93
) (/usr/local/texlive/2017/texmf-dist/tex/latex/biblatex/biblatex.sty
Package: biblatex 2019/12/01 v3.14 programmable bibliographies (PK/MW)
 (/usr/local/texlive/2017/texmf-dist/tex/latex/pdftexcmds/pdftexcmds.sty
Package: pdftexcmds 2019/11/24 v0.31 Utility functions of pdfTeX for LuaTeX (HO)
 (/usr/local/texlive/2017/texmf-dist/tex/generic/infwarerr/infwarerr.sty
Package: infwarerr 2019/12/03 v1.5 Providing info/warning/error messages (HO)
) (/usr/local/texlive/2017/texmf-dist/tex/generic/ltxcmds/ltxcmds.sty
Package: ltxcmds 2019/12/15 v1.24 LaTeX kernel commands for general use (HO)
)
Package pdftexcmds Info: \pdf@primitive is available.
Package pdftexcmds Info: \pdf@ifprimitive is available.
Package pdftexcmds Info: \pdfdraftmode found.
) (/usr/local/texlive/2017/texmf-dist/tex/latex/etoolbox/etoolbox.sty
Package: etoolbox 2019/09/21 v2.5h e-TeX tools for LaTeX (JAW)
\etb@tempcnta=\count338
) (/usr/local/texlive/2017/texmf-dist/tex/latex/kvoptions/kvoptions.sty
Package: kvoptions 2019/11/29 v3.13 Key value format for package options (HO)
 (/usr/local/texlive/2017/texmf-dist/tex/generic/kvsetkeys/kvsetkeys.sty
Package: kvsetkeys 2019/12/15 v1.18 Key value parser (HO)
)) (/usr/local/texlive/2017/texmf-dist/tex/latex/logreq/logreq.sty
Package: logreq 2010/08/04 v1.0 xml request logger
\lrq@indent=\count339
 (/usr/local/texlive/2017/texmf-dist/tex/latex/logreq/logreq.def
File: logreq.def 2010/08/04 v1.0 logreq spec v1.0
)) (/usr/local/texlive/2017/texmf-dist/tex/latex/base/ifthen.sty
Package: ifthen 2014/09/29 v1.1c Standard LaTeX ifthen package (DPC)
)
\c@tabx@nest=\count340
\c@listtotal=\count341
\c@listcount=\count342
\c@liststart=\count343
\c@liststop=\count344
\c@citecount=\count345
\c@citetotal=\count346
\c@multicitecount=\count347
\c@multicitetotal=\count348
\c@instcount=\count349
\c@maxnames=\count350
\c@minnames=\count351
\c@maxitems=\count352
\c@minitems=\count353
\c@citecounter=\count354
\c@maxcitecounter=\count355
\c@savedcitecounter=\count356
\c@uniquelist=\count357
\c@uniquename=\count358
\c@refsection=\count359
\c@refsegment=\count360
\c@maxextratitle=\count361
\c@maxextratitleyear=\count362
\c@maxextraname=\count363
\c@maxextradate=\count364
\c@maxextraalpha=\count365
\c@abbrvpenalty=\count366
\c@highnamepenalty=\count367
\c@lownamepenalty=\count368
\c@maxparens=\count369
\c@parenlevel=\count370
\blx@tempcnta=\count371
\blx@tempcntb=\count372
\blx@tempcntc=\count373
\blx@maxsection=\count374
\blx@maxsegment@0=\count375
\blx@notetype=\count376
\blx@parenlevel@text=\count377
\blx@parenlevel@foot=\count378
\blx@sectionciteorder@0=\count379
\blx@entrysetcounter=\count380
\labelnumberwidth=\skip94
\labelalphawidth=\skip95
\biblabelsep=\skip96
\bibitemsep=\skip97
\bibnamesep=\skip98
\bibinitsep=\skip99
\bibparsep=\skip100
\bibhang=\skip101
\blx@bcfin=\read3
\blx@bcfout=\write3
\blx@langwohyphens=\language85
\c@mincomprange=\count381
\c@maxcomprange=\count382
\c@mincompwidth=\count383
Package biblatex Info: Trying to load biblatex default data model...
Package biblatex Info: ... file 'blx-dm.def' found.
 (/usr/local/texlive/2017/texmf-dist/tex/latex/biblatex/blx-dm.def
File: blx-dm.def 2019/12/01 v3.14 biblatex localization (PK/MW)
)
Package biblatex Info: Trying to load biblatex style data model...
Package biblatex Info: ... file 'authoryear.dbx' not found.
Package biblatex Info: Trying to load biblatex custom data model...
Package biblatex Info: ... file 'biblatex-dm.cfg' not found.
\c@afterword=\count384
\c@savedafterword=\count385
\c@annotator=\count386
\c@savedannotator=\count387
\c@author=\count388
\c@savedauthor=\count389
\c@bookauthor=\count390
\c@savedbookauthor=\count391
\c@commentator=\count392
\c@savedcommentator=\count393
\c@editor=\count394
\c@savededitor=\count395
\c@editora=\count396
\c@savededitora=\count397
\c@editorb=\count398
\c@savededitorb=\count399
\c@editorc=\count400
\c@savededitorc=\count401
\c@foreword=\count402
\c@savedforeword=\count403
\c@holder=\count404
\c@savedholder=\count405
\c@introduction=\count406
\c@savedintroduction=\count407
\c@namea=\count408
\c@savednamea=\count409
\c@nameb=\count410
\c@savednameb=\count411
\c@namec=\count412
\c@savednamec=\count413
\c@translator=\count414
\c@savedtranslator=\count415
\c@shortauthor=\count416
\c@savedshortauthor=\count417
\c@shorteditor=\count418
\c@savedshorteditor=\count419
\c@labelname=\count420
\c@savedlabelname=\count421
\c@institution=\count422
\c@savedinstitution=\count423
\c@lista=\count424
\c@savedlista=\count425
\c@listb=\count426
\c@savedlistb=\count427
\c@listc=\count428
\c@savedlistc=\count429
\c@listd=\count430
\c@savedlistd=\count431
\c@liste=\count432
\c@savedliste=\count433
\c@listf=\count434
\c@savedlistf=\count435
\c@location=\count436
\c@savedlocation=\count437
\c@organization=\count438
\c@savedorganization=\count439
\c@origlocation=\count440
\c@savedoriglocation=\count441
\c@origpublisher=\count442
\c@savedorigpublisher=\count443
\c@publisher=\count444
\c@savedpublisher=\count445
\c@language=\count446
\c@savedlanguage=\count447
\c@origlanguage=\count448
\c@savedoriglanguage=\count449
\c@pageref=\count450
\c@savedpageref=\count451
\shorthandwidth=\skip102
\shortjournalwidth=\skip103
\shortserieswidth=\skip104
\shorttitlewidth=\skip105
\shortauthorwidth=\skip106
\shorteditorwidth=\skip107
\locallabelnumberwidth=\skip108
\locallabelalphawidth=\skip109
\localshorthandwidth=\skip110
\localshortjournalwidth=\skip111
\localshortserieswidth=\skip112
\localshorttitlewidth=\skip113
\localshortauthorwidth=\skip114
\localshorteditorwidth=\skip115
Package biblatex Info: Trying to load compatibility code...
Package biblatex Info: ... file 'blx-compat.def' found.
 (/usr/local/texlive/2017/texmf-dist/tex/latex/biblatex/blx-compat.def
File: blx-compat.def 2019/12/01 v3.14 biblatex compatibility (PK/MW)
)
Package biblatex Info: Trying to load BibTeX backend compatibility...
Package biblatex Info: ... file 'blx-bibtex.def' found.
 (/usr/local/texlive/2017/texmf-dist/tex/latex/biblatex/blx-bibtex.def
File: blx-bibtex.def 2019/12/01 v3.14 biblatex compatibility (PK/MW)


Package biblatex Warning: Using fall-back BibTeX(8) backend:
(biblatex)                functionality may be reduced/unavailable.

)
Package biblatex Info: Trying to load generic definitions...
Package biblatex Info: ... file 'biblatex.def' found.
 (/usr/local/texlive/2017/texmf-dist/tex/latex/biblatex/biblatex.def
File: biblatex.def 2019/12/01 v3.14 biblatex compatibility (PK/MW)
\c@textcitecount=\count452
\c@textcitetotal=\count453
\c@textcitemaxnames=\count454
\c@biburlbigbreakpenalty=\count455
\c@biburlbreakpenalty=\count456
\c@biburlnumpenalty=\count457
\c@biburlucpenalty=\count458
\c@biburllcpenalty=\count459
\biburlbigskip=\muskip18
\biburlnumskip=\muskip19
\biburlucskip=\muskip20
\biburllcskip=\muskip21
\c@smartand=\count460
)
Package biblatex Info: Trying to load natbib compatibility...
Package biblatex Info: ... file 'blx-natbib.def' found.
 (/usr/local/texlive/2017/texmf-dist/tex/latex/biblatex/blx-natbib.def
File: blx-natbib.def 2019/12/01 v3.14 biblatex compatibility (PK/MW)
Package biblatex Info: Delimiter 'nameyeardelim' in context '' already defined, overwriting.
)
Package biblatex Info: Trying to load bibliography style 'authoryear'...
Package biblatex Info: ... file 'authoryear.bbx' found.
 (/usr/local/texlive/2017/texmf-dist/tex/latex/biblatex/bbx/authoryear.bbx
File: authoryear.bbx 2019/12/01 v3.14 biblatex bibliography style (PK/MW)
Package biblatex Info: Trying to load bibliography style 'standard'...
Package biblatex Info: ... file 'standard.bbx' found.
 (/usr/local/texlive/2017/texmf-dist/tex/latex/biblatex/bbx/standard.bbx
File: standard.bbx 2019/12/01 v3.14 biblatex bibliography style (PK/MW)
\c@bbx:relatedcount=\count461
\c@bbx:relatedtotal=\count462
))
Package biblatex Info: Trying to load citation style 'authoryear'...
Package biblatex Info: ... file 'authoryear.cbx' found.
 (/usr/local/texlive/2017/texmf-dist/tex/latex/biblatex/cbx/authoryear.cbx
File: authoryear.cbx 2019/12/01 v3.14 biblatex citation style (PK/MW)
Package biblatex Info: Redefining '\cite'.
Package biblatex Info: Redefining '\parencite'.
Package biblatex Info: Redefining '\footcite'.
Package biblatex Info: Redefining '\footcitetext'.
Package biblatex Info: Redefining '\smartcite'.
Package biblatex Info: Redefining '\textcite'.
Package biblatex Info: Redefining '\textcites'.
)
Package biblatex Info: Trying to load configuration file...
Package biblatex Info: ... file 'biblatex.cfg' found.
 (/usr/local/texlive/2017/texmf-dist/tex/latex/biblatex/biblatex.cfg
File: biblatex.cfg 
))
\@quotelevel=\count463
\@quotereset=\count464
 (/Users/jamesfranke/Documents/GitHub/PhaseIIPaper/Part2/supdocs/supdoc.aux

LaTeX Warning: Label `fig:var' multiply defined.


LaTeX Warning: Label `fig:var' multiply defined.


LaTeX Warning: Label `fig:error810' multiply defined.


LaTeX Warning: Label `fig:error810' multiply defined.


LaTeX Warning: Label `fig:all_dims' multiply defined.


LaTeX Warning: Label `fig:lpjmlrice' multiply defined.


LaTeX Warning: Label `fig:lpjmlrice' multiply defined.


LaTeX Warning: Label `fig:lpjmlrice' multiply defined.

)
\openout1 = `supdoc.aux'.

LaTeX Font Info:    Checking defaults for OML/cmm/m/it on input line 36.
LaTeX Font Info:    ... okay on input line 36.
LaTeX Font Info:    Checking defaults for OMS/cmsy/m/n on input line 36.
LaTeX Font Info:    ... okay on input line 36.
LaTeX Font Info:    Checking defaults for OT1/cmr/m/n on input line 36.
LaTeX Font Info:    ... okay on input line 36.
LaTeX Font Info:    Checking defaults for T1/cmr/m/n on input line 36.
LaTeX Font Info:    ... okay on input line 36.
LaTeX Font Info:    Checking defaults for TS1/cmr/m/n on input line 36.
LaTeX Font Info:    ... okay on input line 36.
LaTeX Font Info:    Checking defaults for OMX/cmex/m/n on input line 36.
LaTeX Font Info:    ... okay on input line 36.
LaTeX Font Info:    Checking defaults for U/cmr/m/n on input line 36.
LaTeX Font Info:    ... okay on input line 36.

*geometry* driver: auto-detecting
*geometry* detected driver: pdftex
*geometry* verbose mode - [ preamble ] result:
* driver: pdftex
* paper: <default>
* layout: <same size as paper>
* layoutoffset:(h,v)=(0.0pt,0.0pt)
* modes: 
* h-part:(L,W,R)=(72.26999pt, 469.75502pt, 72.26999pt)
* v-part:(T,H,B)=(72.26999pt, 650.43001pt, 72.26999pt)
* \paperwidth=614.295pt
* \paperheight=794.96999pt
* \textwidth=469.75502pt
* \textheight=650.43001pt
* \oddsidemargin=0.0pt
* \evensidemargin=0.0pt
* \topmargin=-37.0pt
* \headheight=12.0pt
* \headsep=25.0pt
* \topskip=12.0pt
* \footskip=30.0pt
* \marginparwidth=44.0pt
* \marginparsep=10.0pt
* \columnsep=10.0pt
* \skip\footins=10.8pt plus 4.0pt minus 2.0pt
* \hoffset=0.0pt
* \voffset=0.0pt
* \mag=1000
* \@twocolumnfalse
* \@twosidefalse
* \@mparswitchfalse
* \@reversemarginfalse
* (1in=72.27pt=25.4mm, 1cm=28.453pt)

(/usr/local/texlive/2017/texmf-dist/tex/latex/translator/translator-basic-dictionary-English.dict
Dictionary: translator-basic-dictionary, Language: English 
) (/usr/local/texlive/2017/texmf-dist/tex/latex/siunitx/siunitx-abbreviations.cfg
File: siunitx-abbreviations.cfg 2017/11/26 v2.7k siunitx: Abbreviated units
)
Package caption Info: Begin \AtBeginDocument code.
Package caption Info: subfigure package is loaded.
Package caption Info: End \AtBeginDocument code.
 (/usr/local/texlive/2017/texmf-dist/tex/context/base/mkii/supp-pdf.mkii
[Loading MPS to PDF converter (version 2006.09.02).]
\scratchcounter=\count465
\scratchdimen=\dimen270
\scratchbox=\box107
\nofMPsegments=\count466
\nofMParguments=\count467
\everyMPshowfont=\toks38
\MPscratchCnt=\count468
\MPscratchDim=\dimen271
\MPnumerator=\count469
\makeMPintoPDFobject=\count470
\everyMPtoPDFconversion=\toks39
) (/usr/local/texlive/2017/texmf-dist/tex/latex/epstopdf-pkg/epstopdf-base.sty
Package: epstopdf-base 2020-01-24 v2.11 Base part for package epstopdf
 (/usr/local/texlive/2017/texmf-dist/tex/latex/grfext/grfext.sty
Package: grfext 2019/12/03 v1.3 Manage graphics extensions (HO)
 (/usr/local/texlive/2017/texmf-dist/tex/generic/kvdefinekeys/kvdefinekeys.sty
Package: kvdefinekeys 2019-12-19 v1.6 Define keys (HO)
))
Package epstopdf-base Info: Redefining graphics rule for `.eps' on input line 485.
Package grfext Info: Graphics extension search list:
(grfext)             [.pdf,.png,.jpg,.mps,.jpeg,.jbig2,.jb2,.PDF,.PNG,.JPG,.JPEG,.JBIG2,.JB2,.eps]
(grfext)             \AppendGraphicsExtensions on input line 504.
 (/usr/local/texlive/2017/texmf-dist/tex/latex/latexconfig/epstopdf-sys.cfg
File: epstopdf-sys.cfg 2010/07/13 v1.3 Configuration of (r)epstopdf for TeX Live
))
Redefining \end@dblfloat\ for use with subfigure
Package ragged2e Info: ABD: executing \RaggedRight on input line 36.
ABD: EverySelectfont initializing macros
LaTeX Info: Redefining \selectfont on input line 36.
Package biblatex Info: Trying to load language 'english'...
Package biblatex Info: ... file 'english.lbx' found.
 (/usr/local/texlive/2017/texmf-dist/tex/latex/biblatex/lbx/english.lbx
File: english.lbx 2019/12/01 v3.14 biblatex localization (PK/MW)
)
Package biblatex Info: Input encoding 'utf8' detected.
Package biblatex Info: Automatic encoding selection.
(biblatex)             Assuming data encoding 'utf8'.
Package biblatex Info: Input encoding 'utf8' specified.
Package biblatex Info: Data encoding 'utf8' specified.
(biblatex)             No need to reencode data.
\openout3 = `supdoc-blx.bib'.

Package biblatex Info: Trying to load bibliographic data...
Package biblatex Info: ... file 'supdoc.bbl' found.
 (/Users/jamesfranke/Documents/GitHub/PhaseIIPaper/Part2/supdocs/supdoc.bbl)
Package biblatex Info: Reference section=0 on input line 36.
Package biblatex Info: Reference segment=0 on input line 36.
LaTeX Font Info:    Trying to load font information for U+msa on input line 36.
 (/usr/local/texlive/2017/texmf-dist/tex/latex/amsfonts/umsa.fd
File: umsa.fd 2013/01/14 v3.01 AMS symbols A
)
LaTeX Font Info:    Trying to load font information for U+msb on input line 36.
 (/usr/local/texlive/2017/texmf-dist/tex/latex/amsfonts/umsb.fd
File: umsb.fd 2013/01/14 v3.01 AMS symbols B
) (/Users/jamesfranke/Documents/GitHub/PhaseIIPaper/Part2/supdocs/supdoc.toc)
\tf@toc=\write4
\openout4 = `supdoc.toc'.

 [1

{/usr/local/texlive/2017/texmf-var/fonts/map/pdftex/updmap/pdftex.map}]
<s_how_many_simulations.png, id=13, 3613.5pt x 2258.4375pt>
File: s_how_many_simulations.png Graphic file (type png)
<use s_how_many_simulations.png>
Package pdftex.def Info: s_how_many_simulations.png  used on input line 113.
(pdftex.def)             Requested size: 469.75502pt x 293.57272pt.
 [2

 </Users/jamesfranke/Documents/GitHub/PhaseIIPaper/Part2/supdocs/s_how_many_simulations.png>]
<cult_area.png, id=20, 504.01099pt x 739.3221pt>
File: cult_area.png Graphic file (type png)
<use cult_area.png>
Package pdftex.def Info: cult_area.png  used on input line 124.
(pdftex.def)             Requested size: 398.33858pt x 584.31754pt.


LaTeX Warning: `!h' float specifier changed to `!ht'.

[3 </Users/jamesfranke/Documents/GitHub/PhaseIIPaper/Part2/supdocs/cult_area.png>]
Underfull \hbox (badness 10000) in paragraph at lines 157--167
 
 []

<HadGEM2-ES_var_change_min.png, id=25, 504.01099pt x 327.52763pt>
File: HadGEM2-ES_var_change_min.png Graphic file (type png)
<use HadGEM2-ES_var_change_min.png>
Package pdftex.def Info: HadGEM2-ES_var_change_min.png  used on input line 185.
(pdftex.def)             Requested size: 398.33858pt x 258.85893pt.

LaTeX Warning: `!h' float specifier changed to `!ht'.

<HadGEM2-ES_var_change_max.png, id=26, 504.01099pt x 327.52763pt>
File: HadGEM2-ES_var_change_max.png Graphic file (type png)
<use HadGEM2-ES_var_change_max.png>
Package pdftex.def Info: HadGEM2-ES_var_change_max.png  used on input line 197.
(pdftex.def)             Requested size: 398.33858pt x 258.85893pt.

LaTeX Warning: `!h' float specifier changed to `!ht'.

<other_models_var_change_max.png, id=27, 504.01099pt x 327.52763pt>
File: other_models_var_change_max.png Graphic file (type png)
<use other_models_var_change_max.png>
Package pdftex.def Info: other_models_var_change_max.png  used on input line 206.
(pdftex.def)             Requested size: 398.33858pt x 258.85893pt.

LaTeX Warning: `!h' float specifier changed to `!ht'.

[4


] [5 </Users/jamesfranke/Documents/GitHub/PhaseIIPaper/Part2/supdocs/HadGEM2-ES_var_change_min.png>] [6 </Users/jamesfranke/Documents/GitHub/PhaseIIPaper/Part2/supdocs/HadGEM2-ES_var_change_max.png> </Users/jamesfranke/Documents/GitHub/PhaseIIPaper/Part2/supdocs/other_models_var_change_max.png>]
<regression_exampleA1.png, id=41, 594.0594pt x 176.48334pt>
File: regression_exampleA1.png Graphic file (type png)
<use regression_exampleA1.png>
Package pdftex.def Info: regression_exampleA1.png  used on input line 225.
(pdftex.def)             Requested size: 463.78pt x 137.78569pt.
<regression_exampleA1_2.png, id=42, 594.20393pt x 179.51868pt>
File: regression_exampleA1_2.png Graphic file (type png)
<use regression_exampleA1_2.png>
Package pdftex.def Info: regression_exampleA1_2.png  used on input line 237.
(pdftex.def)             Requested size: 463.78pt x 140.11711pt.
 [7

 </Users/jamesfranke/Documents/GitHub/PhaseIIPaper/Part2/supdocs/regression_exampleA1.png> </Users/jamesfranke/Documents/GitHub/PhaseIIPaper/Part2/supdocs/regression_exampleA1_2.png>]
<error_grid_810.png, id=49, 590.30136pt x 237.0456pt>
File: error_grid_810.png Graphic file (type png)
<use error_grid_810.png>
Package pdftex.def Info: error_grid_810.png  used on input line 264.
(pdftex.def)             Requested size: 441.01772pt x 177.10374pt.
<error_grid_360_cultivated_A1.png, id=50, 590.30136pt x 237.0456pt>
File: error_grid_360_cultivated_A1.png Graphic file (type png)
<use error_grid_360_cultivated_A1.png>
Package pdftex.def Info: error_grid_360_cultivated_A1.png  used on input line 275.
(pdftex.def)             Requested size: 441.01772pt x 177.10374pt.


LaTeX Warning: `!h' float specifier changed to `!ht'.

<error_grid_360_cultivated_IWD.png, id=51, 590.30136pt x 237.0456pt>
File: error_grid_360_cultivated_IWD.png Graphic file (type png)
<use error_grid_360_cultivated_IWD.png>
Package pdftex.def Info: error_grid_360_cultivated_IWD.png  used on input line 284.
(pdftex.def)             Requested size: 441.01772pt x 177.10374pt.

LaTeX Warning: `!h' float specifier changed to `!ht'.

[8

 </Users/jamesfranke/Documents/GitHub/PhaseIIPaper/Part2/supdocs/error_grid_810.png>] [9 </Users/jamesfranke/Documents/GitHub/PhaseIIPaper/Part2/supdocs/error_grid_360_cultivated_A1.png> </Users/jamesfranke/Documents/GitHub/PhaseIIPaper/Part2/supdocs/error_grid_360_cultivated_IWD.png>]
<LPJMLRCP85comp_30N.png, id=63, 586.68787pt x 170.70174pt>
File: LPJMLRCP85comp_30N.png Graphic file (type png)
<use LPJMLRCP85comp_30N.png>
Package pdftex.def Info: LPJMLRCP85comp_30N.png  used on input line 302.
(pdftex.def)             Requested size: 463.78pt x 134.94666pt.
 [10

 </Users/jamesfranke/Documents/GitHub/PhaseIIPaper/Part2/supdocs/LPJMLRCP85comp_30N.png>]
Overfull \hbox (3.30812pt too wide) in paragraph at lines 311--312
[]\OT1/cmr/m/n/12 This sec-tion am-pli-fies on manuscript Sec-tion 5 with ad-di-tional fig-ures anal-o-gous to manuscript
 []

<em_CTWN_all_crops_color.png, id=68, 562.2606pt x 432.60822pt>
File: em_CTWN_all_crops_color.png Graphic file (type png)
<use em_CTWN_all_crops_color.png>
Package pdftex.def Info: em_CTWN_all_crops_color.png  used on input line 318.
(pdftex.def)             Requested size: 463.78pt x 356.84016pt.
<em_CTWN_all_crops_A1.png, id=69, 562.2606pt x 432.60822pt>
File: em_CTWN_all_crops_A1.png Graphic file (type png)
<use em_CTWN_all_crops_A1.png>
Package pdftex.def Info: em_CTWN_all_crops_A1.png  used on input line 327.
(pdftex.def)             Requested size: 463.78pt x 356.84016pt.

LaTeX Warning: `!h' float specifier changed to `!ht'.

[11

 </Users/jamesfranke/Documents/GitHub/PhaseIIPaper/Part2/supdocs/em_CTWN_all_crops_color.png>] [12 </Users/jamesfranke/Documents/GitHub/PhaseIIPaper/Part2/supdocs/em_CTWN_all_crops_A1.png>]
<LPJmL_pDSSAT_PROMET_RCP85_all_cases_spring_wheat.png, id=78, 532.19627pt x 212.18472pt>
File: LPJmL_pDSSAT_PROMET_RCP85_all_cases_spring_wheat.png Graphic file (type png)
<use LPJmL_pDSSAT_PROMET_RCP85_all_cases_spring_wheat.png>
Package pdftex.def Info: LPJmL_pDSSAT_PROMET_RCP85_all_cases_spring_wheat.png  used on input line 338.
(pdftex.def)             Requested size: 463.78pt x 184.90678pt.
<LPJmL_pDSSAT_PROMET_RCP85_all_cases_soy.png, id=79, 532.19627pt x 212.18472pt>
File: LPJmL_pDSSAT_PROMET_RCP85_all_cases_soy.png Graphic file (type png)
<use LPJmL_pDSSAT_PROMET_RCP85_all_cases_soy.png>
Package pdftex.def Info: LPJmL_pDSSAT_PROMET_RCP85_all_cases_soy.png  used on input line 346.
(pdftex.def)             Requested size: 463.78pt x 184.90678pt.
 [13

 </Users/jamesfranke/Documents/GitHub/PhaseIIPaper/Part2/supdocs/LPJmL_pDSSAT_PROMET_RCP85_all_cases_spring_wheat.png> </Users/jamesfranke/Documents/GitHub/PhaseIIPaper/Part2/supdocs/LPJmL_pDSSAT_PROMET_RCP85_all_cases_soy.png>]
<reduced_lpjml_maize.png, id=86, 505.02277pt x 359.32645pt>
File: reduced_lpjml_maize.png Graphic file (type png)
<use reduced_lpjml_maize.png>
Package pdftex.def Info: reduced_lpjml_maize.png  used on input line 378.
(pdftex.def)             Requested size: 312.9803pt x 222.69237pt.
<reduced_regression_example_1.png, id=87, 612.70506pt x 202.06693pt>
File: reduced_regression_example_1.png Graphic file (type png)
<use reduced_regression_example_1.png>
Package pdftex.def Info: reduced_regression_example_1.png  used on input line 385.
(pdftex.def)             Requested size: 441.01772pt x 145.44798pt.


LaTeX Warning: `!h' float specifier changed to `!ht'.

<reduced_regression_example_2.png, id=88, 612.70506pt x 202.06693pt>
File: reduced_regression_example_2.png Graphic file (type png)
<use reduced_regression_example_2.png>
Package pdftex.def Info: reduced_regression_example_2.png  used on input line 392.
(pdftex.def)             Requested size: 441.01772pt x 145.44798pt.

LaTeX Warning: `!h' float specifier changed to `!ht'.

<reduced_error_grid.png, id=89, 590.30136pt x 237.0456pt>
File: reduced_error_grid.png Graphic file (type png)
<use reduced_error_grid.png>
Package pdftex.def Info: reduced_error_grid.png  used on input line 399.
(pdftex.def)             Requested size: 441.01772pt x 177.10374pt.

LaTeX Warning: `!h' float specifier changed to `!ht'.

<reduced_CARAIB_spatial_error.png, id=90, 504.01099pt x 327.52763pt>
File: reduced_CARAIB_spatial_error.png Graphic file (type png)
<use reduced_CARAIB_spatial_error.png>
Package pdftex.def Info: reduced_CARAIB_spatial_error.png  used on input line 408.
(pdftex.def)             Requested size: 441.01772pt x 286.59596pt.

LaTeX Warning: `!h' float specifier changed to `!ht'.

<reduced_global_em_maize.png, id=91, 532.19627pt x 212.18472pt>
File: reduced_global_em_maize.png Graphic file (type png)
<use reduced_global_em_maize.png>
Package pdftex.def Info: reduced_global_em_maize.png  used on input line 417.
(pdftex.def)             Requested size: 463.78pt x 184.90678pt.

LaTeX Warning: `!h' float specifier changed to `!ht'.

<JULES_soy_bad.png, id=92, 516.15234pt x 676.59174pt>
File: JULES_soy_bad.png Graphic file (type png)
<use JULES_soy_bad.png>
Package pdftex.def Info: JULES_soy_bad.png  used on input line 425.
(pdftex.def)             Requested size: 398.33858pt x 522.17484pt.

LaTeX Warning: `!h' float specifier changed to `!ht'.

<PROMET_rice_bad.png, id=93, 516.15234pt x 676.59174pt>
File: PROMET_rice_bad.png Graphic file (type png)
<use PROMET_rice_bad.png>
Package pdftex.def Info: PROMET_rice_bad.png  used on input line 436.
(pdftex.def)             Requested size: 398.33858pt x 522.17484pt.

LaTeX Warning: `!h' float specifier changed to `!ht'.

[14

 </Users/jamesfranke/Documents/GitHub/PhaseIIPaper/Part2/supdocs/reduced_lpjml_maize.png>] [15 </Users/jamesfranke/Documents/GitHub/PhaseIIPaper/Part2/supdocs/reduced_regression_example_1.png> </Users/jamesfranke/Documents/GitHub/PhaseIIPaper/Part2/supdocs/reduced_regression_example_2.png>] [16 </Users/jamesfranke/Documents/GitHub/PhaseIIPaper/Part2/supdocs/reduced_error_grid.png> </Users/jamesfranke/Documents/GitHub/PhaseIIPaper/Part2/supdocs/reduced_CARAIB_spatial_error.png>] [17 </Users/jamesfranke/Documents/GitHub/PhaseIIPaper/Part2/supdocs/reduced_global_em_maize.png>] [18 </Users/jamesfranke/Documents/GitHub/PhaseIIPaper/Part2/supdocs/JULES_soy_bad.png>] [19 </Users/jamesfranke/Documents/GitHub/PhaseIIPaper/Part2/supdocs/PROMET_rice_bad.png>]
<lpjml_grid.png, id=124, 507.76901pt x 364.67442pt>
File: lpjml_grid.png Graphic file (type png)
<use lpjml_grid.png>
Package pdftex.def Info: lpjml_grid.png  used on input line 466.
(pdftex.def)             Requested size: 469.75502pt x 337.37976pt.
<pdssat_maize.png, id=125, 504.01099pt x 353.25575pt>
File: pdssat_maize.png Graphic file (type png)
<use pdssat_maize.png>
Package pdftex.def Info: pdssat_maize.png  used on input line 472.
(pdftex.def)             Requested size: 469.75502pt x 329.25214pt.


LaTeX Warning: `!h' float specifier changed to `!ht'.

[20

 </Users/jamesfranke/Documents/GitHub/PhaseIIPaper/Part2/supdocs/lpjml_grid.png>] [21 </Users/jamesfranke/Documents/GitHub/PhaseIIPaper/Part2/supdocs/pdssat_maize.png>]
<pDSSAT_spatial_MSE_ton_ha.png, id=134, 504.01099pt x 321.6015pt>
File: pDSSAT_spatial_MSE_ton_ha.png Graphic file (type png)
<use pDSSAT_spatial_MSE_ton_ha.png>
Package pdftex.def Info: pDSSAT_spatial_MSE_ton_ha.png  used on input line 489.
(pdftex.def)             Requested size: 441.01772pt x 281.41043pt.
<PROMET_spatial_MSE_ton_ha.png, id=135, 504.01099pt x 321.6015pt>
File: PROMET_spatial_MSE_ton_ha.png Graphic file (type png)
<use PROMET_spatial_MSE_ton_ha.png>
Package pdftex.def Info: PROMET_spatial_MSE_ton_ha.png  used on input line 495.
(pdftex.def)             Requested size: 441.01772pt x 281.41043pt.
<JULES_spatial_MSE_ton_ha.png, id=136, 504.01099pt x 321.6015pt>
File: JULES_spatial_MSE_ton_ha.png Graphic file (type png)
<use JULES_spatial_MSE_ton_ha.png>
Package pdftex.def Info: JULES_spatial_MSE_ton_ha.png  used on input line 501.
(pdftex.def)             Requested size: 441.01772pt x 281.41043pt.
<EPIC-TAMU_spatial_MSE_ton_ha.png, id=137, 504.01099pt x 321.6015pt>
File: EPIC-TAMU_spatial_MSE_ton_ha.png Graphic file (type png)
<use EPIC-TAMU_spatial_MSE_ton_ha.png>
Package pdftex.def Info: EPIC-TAMU_spatial_MSE_ton_ha.png  used on input line 507.
(pdftex.def)             Requested size: 441.01772pt x 281.41043pt.
<GEPIC_spatial_MSE_ton_ha.png, id=138, 504.01099pt x 321.6015pt>
File: GEPIC_spatial_MSE_ton_ha.png Graphic file (type png)
<use GEPIC_spatial_MSE_ton_ha.png>
Package pdftex.def Info: GEPIC_spatial_MSE_ton_ha.png  used on input line 513.
(pdftex.def)             Requested size: 441.01772pt x 281.41043pt.
<PEPIC_spatial_MSE_ton_ha.png, id=139, 504.01099pt x 321.6015pt>
File: PEPIC_spatial_MSE_ton_ha.png Graphic file (type png)
<use PEPIC_spatial_MSE_ton_ha.png>
Package pdftex.def Info: PEPIC_spatial_MSE_ton_ha.png  used on input line 519.
(pdftex.def)             Requested size: 441.01772pt x 281.41043pt.
 [22

 </Users/jamesfranke/Documents/GitHub/PhaseIIPaper/Part2/supdocs/pDSSAT_spatial_MSE_ton_ha.png>] [23 </Users/jamesfranke/Documents/GitHub/PhaseIIPaper/Part2/supdocs/PROMET_spatial_MSE_ton_ha.png> </Users/jamesfranke/Documents/GitHub/PhaseIIPaper/Part2/supdocs/JULES_spatial_MSE_ton_ha.png>] [24 </Users/jamesfranke/Documents/GitHub/PhaseIIPaper/Part2/supdocs/EPIC-TAMU_spatial_MSE_ton_ha.png> </Users/jamesfranke/Documents/GitHub/PhaseIIPaper/Part2/supdocs/GEPIC_spatial_MSE_ton_ha.png>] [25 </Users/jamesfranke/Documents/GitHub/PhaseIIPaper/Part2/supdocs/PEPIC_spatial_MSE_ton_ha.png>]
Overfull \hbox (17.09831pt too wide) in paragraph at lines 527--527
[][]\OT1/cmr/m/n/12 Portmann, Fe-lix, Ste-fan Siebert, and Pe-tra Doell (Mar. 2010). ``MIRCA2000 - Global Monthly 
 []

[26

] (/Users/jamesfranke/Documents/GitHub/PhaseIIPaper/Part2/supdocs/supdoc.aux)

LaTeX Warning: There were multiply-defined labels.

Package logreq Info: Writing requests to 'supdoc.run.xml'.
\openout1 = `supdoc.run.xml'.

 ) 
Here is how much of TeX's memory you used:
 16043 strings out of 481242
 312489 string characters out of 5918005
 739737 words of memory out of 5000000
 31041 multiletter control sequences out of 15000+600000
 548068 words of font info for 86 fonts, out of 8000000 for 9000
 1141 hyphenation exceptions out of 8191
 53i,11n,74p,1275b,1721s stack positions out of 5000i,500n,10000p,200000b,80000s
{/usr/local/texlive/2017/texmf-dist/fonts/enc/dvips/cm-super/cm-super-ts1.enc}</usr/local/texlive/2017/texmf-dist/fonts/type1/public/amsfonts/cm/cmbx10.pfb></usr/local/texlive/2017/texmf-dist/fonts/type1/public/amsfonts/cm/cmbx12.pfb></usr/local/texlive/2017/texmf-dist/fonts/type1/public/amsfonts/cm/cmbx8.pfb></usr/local/texlive/2017/texmf-dist/fonts/type1/public/amsfonts/cm/cmcsc10.pfb></usr/local/texlive/2017/texmf-dist/fonts/type1/public/amsfonts/cm/cmmi10.pfb></usr/local/texlive/2017/texmf-dist/fonts/type1/public/amsfonts/cm/cmmi7.pfb></usr/local/texlive/2017/texmf-dist/fonts/type1/public/amsfonts/cm/cmmi8.pfb></usr/local/texlive/2017/texmf-dist/fonts/type1/public/amsfonts/cm/cmr10.pfb></usr/local/texlive/2017/texmf-dist/fonts/type1/public/amsfonts/cm/cmr12.pfb></usr/local/texlive/2017/texmf-dist/fonts/type1/public/amsfonts/cm/cmr7.pfb></usr/local/texlive/2017/texmf-dist/fonts/type1/public/amsfonts/cm/cmr8.pfb></usr/local/texlive/2017/texmf-dist/fonts/type1/public/amsfonts/cm/cmsy10.pfb></usr/local/texlive/2017/texmf-dist/fonts/type1/public/amsfonts/cm/cmsy8.pfb></usr/local/texlive/2017/texmf-dist/fonts/type1/public/amsfonts/cm/cmti12.pfb></usr/local/texlive/2017/texmf-dist/fonts/type1/public/amsfonts/cm/cmtt12.pfb></usr/local/texlive/2017/texmf-dist/fonts/type1/public/cm-super/sfrm1200.pfb>
Output written on /Users/jamesfranke/Documents/GitHub/PhaseIIPaper/Part2/supdocs/supdoc.pdf (26 pages, 29151584 bytes).
PDF statistics:
 217 PDF objects out of 1000 (max. 8388607)
 109 compressed objects within 2 object streams
 0 named destinations out of 1000 (max. 500000)
 156 words of extra memory for PDF output out of 10000 (max. 10000000)

