This is pdfTeX, Version 3.14159265-2.6-1.40.20 (TeX Live 2019) (preloaded format=pdflatex 2020.2.12)  26 MAR 2020 08:44
entering extended mode
 restricted \write18 enabled.
 file:line:error style messages enabled.
 %&-line parsing enabled.
**/Users/jamesfranke/Documents/GitHub/PhaseIIPaper/Part1/main1.tex
(/Users/jamesfranke/Documents/GitHub/PhaseIIPaper/Part1/main1.tex
LaTeX2e <2020-02-02> patch level 1
L3 programming layer <2020-02-11> (/Users/jamesfranke/Documents/GitHub/PhaseIIPaper/Part1/copernicus.cls
Document Class: copernicus 2018/10/08 8.82 Copernicus papers
(/usr/local/texlive/2017/texmf-dist/tex/latex/base/fixltx2e.sty
Package: fixltx2e 2016/12/29 v2.1a fixes to LaTeX (obsolete)
Applying: [2015/01/01] Old fixltx2e package on input line 46.


Package fixltx2e Warning: fixltx2e is not required with releases after 2015
(fixltx2e)                All fixes are now in the LaTeX kernel.
(fixltx2e)                See the latexrelease package for details.

Already applied: [0000/00/00] Old fixltx2e package on input line 53.
)
Additional configuration file copernicus.cfg used
(/Users/jamesfranke/Documents/GitHub/PhaseIIPaper/Part1/copernicus.cfg) (/usr/local/texlive/2017/texmf-dist/tex/latex/base/article.cls
Document Class: article 2019/12/20 v1.4l Standard LaTeX document class
(/usr/local/texlive/2017/texmf-dist/tex/latex/base/fleqn.clo
File: fleqn.clo 2016/12/29 v1.2b Standard LaTeX option (flush left equations)
\mathindent=\dimen134
Applying: [2015/01/01] Make \[ robust on input line 50.
LaTeX Info: Redefining \[ on input line 51.
Already applied: [0000/00/00] Make \[ robust on input line 62.
Applying: [2015/01/01] Make \] robust on input line 74.
LaTeX Info: Redefining \] on input line 75.
Already applied: [0000/00/00] Make \] robust on input line 83.
) (/usr/local/texlive/2017/texmf-dist/tex/latex/base/size10.clo
File: size10.clo 2019/12/20 v1.4l Standard LaTeX file (size option)
)
\c@part=\count167
\c@section=\count168
\c@subsection=\count169
\c@subsubsection=\count170
\c@paragraph=\count171
\c@subparagraph=\count172
\c@figure=\count173
\c@table=\count174
\abovecaptionskip=\skip47
\belowcaptionskip=\skip48
\bibindent=\dimen135
)
\bleed=\dimen136
\longtwo@top=\skip49
\longtwo@bottom=\skip50
\longtwo@box=\box45
 (/usr/local/texlive/2017/texmf-dist/tex/generic/ulem/ulem.sty
\UL@box=\box46
\UL@hyphenbox=\box47
\UL@skip=\skip51
\UL@hook=\toks14
\UL@height=\dimen137
\UL@pe=\count175
\UL@pixel=\dimen138
\ULC@box=\box48
Package: ulem 2019/11/18
\ULdepth=\dimen139
) (/usr/local/texlive/2017/texmf-dist/tex/latex/base/fontenc.sty
Package: fontenc 2020/01/25 v2.0m Standard LaTeX package
) (/usr/local/texlive/2017/texmf-dist/tex/latex/base/textcomp.sty
Package: textcomp 2020/02/02 v2.0n Standard LaTeX package
) (/usr/local/texlive/2017/texmf-dist/tex/latex/base/inputenc.sty
Package: inputenc 2018/08/11 v1.3c Input encoding file
\inpenc@prehook=\toks15
\inpenc@posthook=\toks16
)
   defining Unicode char U+0394 (decimal 916)
   defining Unicode char U+8710 (decimal 34576)
   defining Unicode char U+0331 (decimal 817)
   defining Unicode char U+014B (decimal 331)
   defining Unicode char U+2032 (decimal 8242)
 (/usr/local/texlive/2017/texmf-dist/tex/generic/babel/babel.sty
Package: babel 2020/02/03 3.39 The Babel package
 (/usr/local/texlive/2017/texmf-dist/tex/generic/babel/switch.def
File: switch.def 2020/02/03 3.39 Babel switching mechanism
) (/usr/local/texlive/2017/texmf-dist/tex/generic/babel-english/english.ldf
Language: english 2017/06/06 v3.3r English support from the babel system
 (/usr/local/texlive/2017/texmf-dist/tex/generic/babel/babel.def
File: babel.def 2020/02/03 3.39 Babel common definitions
\babel@savecnt=\count176
\U@D=\dimen140
 (/usr/local/texlive/2017/texmf-dist/tex/generic/babel/txtbabel.def)
\bbl@readstream=\read2
\bbl@dirlevel=\count177
)
Package babel Info: \l@canadian = using hyphenrules for english
(babel)             (\language0) on input line 102.
Package babel Info: \l@australian = using hyphenrules for ukenglish
(babel)             (\language21) on input line 105.
Package babel Info: \l@newzealand = using hyphenrules for ukenglish
(babel)             (\language21) on input line 108.
)) (/usr/local/texlive/2017/texmf-dist/tex/latex/tools/array.sty
Package: array 2019/08/31 v2.4l Tabular extension package (FMi)
\col@sep=\dimen141
\ar@mcellbox=\box49
\extrarowheight=\dimen142
\NC@list=\toks17
\extratabsurround=\skip52
\backup@length=\skip53
\ar@cellbox=\box50
) (/usr/local/texlive/2017/texmf-dist/tex/latex/tools/tabularx.sty
Package: tabularx 2020/01/15 v2.11c `tabularx' package (DPC)
\TX@col@width=\dimen143
\TX@old@table=\dimen144
\TX@old@col=\dimen145
\TX@target=\dimen146
\TX@delta=\dimen147
\TX@cols=\count178
\TX@ftn=\toks18
) (/usr/local/texlive/2017/texmf-dist/tex/latex/graphics/graphicx.sty
Package: graphicx 2019/11/30 v1.2a Enhanced LaTeX Graphics (DPC,SPQR)
 (/usr/local/texlive/2017/texmf-dist/tex/latex/graphics/keyval.sty
Package: keyval 2014/10/28 v1.15 key=value parser (DPC)
\KV@toks@=\toks19
) (/usr/local/texlive/2017/texmf-dist/tex/latex/graphics/graphics.sty
Package: graphics 2019/11/30 v1.4a Standard LaTeX Graphics (DPC,SPQR)
 (/usr/local/texlive/2017/texmf-dist/tex/latex/graphics/trig.sty
Package: trig 2016/01/03 v1.10 sin cos tan (DPC)
) (/usr/local/texlive/2017/texmf-dist/tex/latex/graphics-cfg/graphics.cfg
File: graphics.cfg 2016/06/04 v1.11 sample graphics configuration
)
Package graphics Info: Driver file: pdftex.def on input line 105.
 (/usr/local/texlive/2017/texmf-dist/tex/latex/graphics-def/pdftex.def
File: pdftex.def 2018/01/08 v1.0l Graphics/color driver for pdftex
))
\Gin@req@height=\dimen148
\Gin@req@width=\dimen149
) (/usr/local/texlive/2017/texmf-dist/tex/latex/graphics/color.sty
Package: color 2019/11/23 v1.2a Standard LaTeX Color (DPC)
 (/usr/local/texlive/2017/texmf-dist/tex/latex/graphics-cfg/color.cfg
File: color.cfg 2016/01/02 v1.6 sample color configuration
)
Package color Info: Driver file: pdftex.def on input line 147.
) (/usr/local/texlive/2017/texmf-dist/tex/latex/amsfonts/amssymb.sty
Package: amssymb 2013/01/14 v3.01 AMS font symbols
 (/usr/local/texlive/2017/texmf-dist/tex/latex/amsfonts/amsfonts.sty
Package: amsfonts 2013/01/14 v3.01 Basic AMSFonts support
\@emptytoks=\toks20
\symAMSa=\mathgroup4
\symAMSb=\mathgroup5
LaTeX Font Info:    Redeclaring math symbol \hbar on input line 98.
LaTeX Font Info:    Overwriting math alphabet `\mathfrak' in version `bold'
(Font)                  U/euf/m/n --> U/euf/b/n on input line 106.
)) (/usr/local/texlive/2017/texmf-dist/tex/latex/amsmath/amsmath.sty
Package: amsmath 2020/01/20 v2.17e AMS math features
\@mathmargin=\skip54

For additional information on amsmath, use the `?' option.
(/usr/local/texlive/2017/texmf-dist/tex/latex/amsmath/amstext.sty
Package: amstext 2000/06/29 v2.01 AMS text
 (/usr/local/texlive/2017/texmf-dist/tex/latex/amsmath/amsgen.sty
File: amsgen.sty 1999/11/30 v2.0 generic functions
\@emptytoks=\toks21
\ex@=\dimen150
)) (/usr/local/texlive/2017/texmf-dist/tex/latex/amsmath/amsbsy.sty
Package: amsbsy 1999/11/29 v1.2d Bold Symbols
\pmbraise@=\dimen151
) (/usr/local/texlive/2017/texmf-dist/tex/latex/amsmath/amsopn.sty
Package: amsopn 2016/03/08 v2.02 operator names
)
\inf@bad=\count179
LaTeX Info: Redefining \frac on input line 227.
\uproot@=\count180
\leftroot@=\count181
LaTeX Info: Redefining \overline on input line 389.
\classnum@=\count182
\DOTSCASE@=\count183
LaTeX Info: Redefining \ldots on input line 486.
LaTeX Info: Redefining \dots on input line 489.
LaTeX Info: Redefining \cdots on input line 610.
\Mathstrutbox@=\box51
\strutbox@=\box52
\big@size=\dimen152
LaTeX Font Info:    Redeclaring font encoding OML on input line 733.
LaTeX Font Info:    Redeclaring font encoding OMS on input line 734.
\macc@depth=\count184
\c@MaxMatrixCols=\count185
\dotsspace@=\muskip16
\c@parentequation=\count186
\dspbrk@lvl=\count187
\tag@help=\toks22
\row@=\count188
\column@=\count189
\maxfields@=\count190
\andhelp@=\toks23
\eqnshift@=\dimen153
\alignsep@=\dimen154
\tagshift@=\dimen155
\tagwidth@=\dimen156
\totwidth@=\dimen157
\lineht@=\dimen158
\@envbody=\toks24
\multlinegap=\skip55
\multlinetaggap=\skip56
\mathdisplay@stack=\toks25
LaTeX Info: Redefining \[ on input line 2859.
LaTeX Info: Redefining \] on input line 2860.
) (/usr/local/texlive/2017/texmf-dist/tex/latex/amscls/amsthm.sty
Package: amsthm 2017/10/31 v2.20.4
\thm@style=\toks26
\thm@bodyfont=\toks27
\thm@headfont=\toks28
\thm@notefont=\toks29
\thm@headpunct=\toks30
\thm@preskip=\skip57
\thm@postskip=\skip58
\thm@headsep=\skip59
\dth@everypar=\toks31
)
\affilsep=\skip60
\@affilsep=\skip61
\c@Maxaffil=\count191
\c@authors=\count192
\c@affil=\count193
 (/usr/local/texlive/2017/texmf-dist/tex/latex/url/url.sty
\Urlmuskip=\muskip17
Package: url 2013/09/16  ver 3.4  Verb mode for urls, etc.
) (/usr/local/texlive/2017/texmf-dist/tex/latex/accents/accents.sty
Package: accents 2006/05/12 v1.4 Math Accent Tools
\cc@skew=\dimen159
\cc@wd=\dimen160
\cc@code=\count194
\cc@group=\count195
\cc@skewchar=\count196
) (/usr/local/texlive/2017/texmf-dist/tex/latex/cancel/cancel.sty
Package: cancel 2013/04/12 v2.2 Cancel math terms
) (/usr/local/texlive/2017/texmf-dist/tex/latex/multirow/multirow.sty
Package: multirow 2019/05/31 v2.5 Span multiple rows of a table
\multirow@colwidth=\skip62
\multirow@cntb=\count197
\multirow@dima=\skip63
\bigstrutjot=\dimen161
) (/usr/local/texlive/2017/texmf-dist/tex/latex/supertabular/supertabular.sty
Package: supertabular 2020/02/02 v4.1g the supertabular environment
\c@tracingst=\count198
\ST@wd=\dimen162
\ST@rightskip=\skip64
\ST@leftskip=\skip65
\ST@parfillskip=\skip66
\ST@pageleft=\dimen163
\ST@headht=\dimen164
\ST@tailht=\dimen165
\ST@pagesofar=\dimen166
\ST@pboxht=\dimen167
\ST@lineht=\dimen168
\ST@prevht=\dimen169
\ST@toadd=\dimen170
\ST@dimen=\dimen171
\ST@pbox=\box53
) (/usr/local/texlive/2017/texmf-dist/tex/latex/algorithms/algorithmic.sty
Package: algorithmic 2009/08/24 v0.1 Document Style `algorithmic'
 (/usr/local/texlive/2017/texmf-dist/tex/latex/base/ifthen.sty
Package: ifthen 2014/09/29 v1.1c Standard LaTeX ifthen package (DPC)
)
\c@ALC@unique=\count199
\c@ALC@line=\count266
\c@ALC@rem=\count267
\c@ALC@depth=\count268
\ALC@tlm=\skip67
\algorithmicindent=\skip68
) (/usr/local/texlive/2017/texmf-dist/tex/latex/algorithms/algorithm.sty
Package: algorithm 2009/08/24 v0.1 Document Style `algorithm' - floating environment
 (/usr/local/texlive/2017/texmf-dist/tex/latex/float/float.sty
Package: float 2001/11/08 v1.3d Float enhancements (AL)
\c@float@type=\count269
\float@exts=\toks32
\float@box=\box54
\@float@everytoks=\toks33
\@floatcapt=\box55
)
\@float@every@algorithm=\toks34
\c@algorithm=\count270
) (/usr/local/texlive/2017/texmf-dist/tex/latex/caption/caption.sty
Package: caption 2020/01/03 v3.4h Customizing captions (AR)
 (/usr/local/texlive/2017/texmf-dist/tex/latex/caption/caption3.sty
Package: caption3 2020/01/03 v1.8h caption3 kernel (AR)
Package caption3 Info: TeX engine: e-TeX on input line 61.
\captionmargin=\dimen172
\captionmargin@=\dimen173
\captionwidth=\dimen174
\caption@tempdima=\dimen175
\caption@indent=\dimen176
\caption@parindent=\dimen177
\caption@hangindent=\dimen178
Package caption Info: Unknown document class (or package),
(caption)             standard defaults will be used.
Package caption Info: \@makecaption = \long macro:#1#2->\def \@tempa {figure}\ifx \@captype \@tempa \if@stage@final \vskip 0.7\abovecaptionskip \else \vskip \abovecaptionskip \goodbreak \fi \fi {\reset@font \small {\bfseries #1.} #2\par }\if@cop@home \ifonline \ifnum \csname c@\@captype \endcsname =1 \immediate \write \@auxout {\string \gdef \string \@num \@captype {}}\hypertarget {\@captype }{}\fi \fi \fi \def \@tempa {table}\ifx \@captype \@tempa \vskip \abovecaptionskip \if@stage@final \else \goodbreak \fi \fi  on input line 1082.
)

Package caption Warning: Unknown document class (or package),
(caption)                standard defaults will be used.
See the caption package documentation for explanation.

\c@caption@flags=\count271
\c@continuedfloat=\count272
Package caption Info: float package is loaded.
Package caption Info: supertabular package is loaded.
) (/usr/local/texlive/2017/texmf-dist/tex/latex/subfloat/subfloat.sty
Package: subfloat 2003/08/21 version 2.14
 Package `subfloat', Version 2.14 of 2003/08/21.

Package subfloat Warning: Numbers of floats not counted:
(subfloat)                If you use one of the counters subfloatfiguremax or
(subfloat)                subfloattablemax you will get strange error messages
(subfloat)                containing \c@subfloatfiguremax or
(subfloat)                \c@subfloattablemax:
(subfloat)                Please switch on countmax or remove the code using
(subfloat)                the counter then..

) (/Users/jamesfranke/Documents/GitHub/PhaseIIPaper/Part1/natbib.sty
Package: natbib 2006/09/06 7.4a (PWD)
\bibhang=\skip69
\bibsep=\skip70
LaTeX Info: Redefining \cite on input line 541.
\c@NAT@ctr=\count273
) (/usr/local/texlive/2017/texmf-dist/tex/latex/graphics/rotating.sty
Package: rotating 2016/08/11 v2.16d rotated objects in LaTeX
\c@r@tfl@t=\count274
\rotFPtop=\skip71
\rotFPbot=\skip72
\rot@float@box=\box56
\rot@mess@toks=\toks35
) (/usr/local/texlive/2017/texmf-dist/tex/latex/lineno/lineno.sty
Package: lineno 2005/11/02 line numbers on paragraphs v4.41
\linenopenalty=\count275
\output=\toks36
\linenoprevgraf=\count276
\linenumbersep=\dimen179
\linenumberwidth=\dimen180
\c@linenumber=\count277
\c@pagewiselinenumber=\count278
\c@LN@truepage=\count279
\c@internallinenumber=\count280
\c@internallinenumbers=\count281
\quotelinenumbersep=\dimen181
\bframerule=\dimen182
\bframesep=\dimen183
\bframebox=\box57
LaTeX Info: Redefining \\ on input line 3056.
) (/usr/local/texlive/2017/texmf-dist/tex/latex/psnfss/times.sty
Package: times 2005/04/12 PSNFSS-v9.2a (SPQR) 
) (/usr/local/texlive/2017/texmf-dist/tex/latex/psnfss/pifont.sty
Package: pifont 2005/04/12 PSNFSS-v9.2a Pi font support (SPQR) 
LaTeX Font Info:    Trying to load font information for U+pzd on input line 63.
 (/usr/local/texlive/2017/texmf-dist/tex/latex/psnfss/upzd.fd
File: upzd.fd 2001/06/04 font definitions for U/pzd.
)
LaTeX Font Info:    Trying to load font information for U+psy on input line 64.
 (/usr/local/texlive/2017/texmf-dist/tex/latex/psnfss/upsy.fd
File: upsy.fd 2001/06/04 font definitions for U/psy.
)) (/usr/local/texlive/2017/texmf-dist/tex/latex/hyperref/hyperref.sty
Package: hyperref 2020/01/14 v7.00d Hypertext links for LaTeX
 (/usr/local/texlive/2017/texmf-dist/tex/generic/ltxcmds/ltxcmds.sty
Package: ltxcmds 2019/12/15 v1.24 LaTeX kernel commands for general use (HO)
) (/usr/local/texlive/2017/texmf-dist/tex/generic/iftex/iftex.sty
Package: iftex 2019/11/07 v1.0c TeX engine tests
) (/usr/local/texlive/2017/texmf-dist/tex/latex/pdftexcmds/pdftexcmds.sty
Package: pdftexcmds 2019/11/24 v0.31 Utility functions of pdfTeX for LuaTeX (HO)
 (/usr/local/texlive/2017/texmf-dist/tex/generic/infwarerr/infwarerr.sty
Package: infwarerr 2019/12/03 v1.5 Providing info/warning/error messages (HO)
)
Package pdftexcmds Info: \pdf@primitive is available.
Package pdftexcmds Info: \pdf@ifprimitive is available.
Package pdftexcmds Info: \pdfdraftmode found.
) (/usr/local/texlive/2017/texmf-dist/tex/generic/kvsetkeys/kvsetkeys.sty
Package: kvsetkeys 2019/12/15 v1.18 Key value parser (HO)
) (/usr/local/texlive/2017/texmf-dist/tex/generic/kvdefinekeys/kvdefinekeys.sty
Package: kvdefinekeys 2019-12-19 v1.6 Define keys (HO)
) (/usr/local/texlive/2017/texmf-dist/tex/generic/pdfescape/pdfescape.sty
Package: pdfescape 2019/12/09 v1.15 Implements pdfTeX's escape features (HO)
) (/usr/local/texlive/2017/texmf-dist/tex/latex/hycolor/hycolor.sty
Package: hycolor 2020-01-27 v1.10 Color options for hyperref/bookmark (HO)
) (/usr/local/texlive/2017/texmf-dist/tex/latex/letltxmacro/letltxmacro.sty
Package: letltxmacro 2019/12/03 v1.6 Let assignment for LaTeX macros (HO)
) (/usr/local/texlive/2017/texmf-dist/tex/latex/auxhook/auxhook.sty
Package: auxhook 2019-12-17 v1.6 Hooks for auxiliary files (HO)
) (/usr/local/texlive/2017/texmf-dist/tex/latex/kvoptions/kvoptions.sty
Package: kvoptions 2019/11/29 v3.13 Key value format for package options (HO)
)
\@linkdim=\dimen184
\Hy@linkcounter=\count282
\Hy@pagecounter=\count283
 (/usr/local/texlive/2017/texmf-dist/tex/latex/hyperref/pd1enc.def
File: pd1enc.def 2020/01/14 v7.00d Hyperref: PDFDocEncoding definition (HO)
Now handling font encoding PD1 ...
... no UTF-8 mapping file for font encoding PD1
) (/usr/local/texlive/2017/texmf-dist/tex/generic/intcalc/intcalc.sty
Package: intcalc 2019/12/15 v1.3 Expandable calculations with integers (HO)
) (/usr/local/texlive/2017/texmf-dist/tex/generic/etexcmds/etexcmds.sty
Package: etexcmds 2019/12/15 v1.7 Avoid name clashes with e-TeX commands (HO)
)
\Hy@SavedSpaceFactor=\count284
\pdfmajorversion=\count285
Package hyperref Info: Option `final' set `true' on input line 4421.
Package hyperref Info: Option `bookmarks' set `false' on input line 4421.
Package hyperref Info: Hyper figures OFF on input line 4547.
Package hyperref Info: Link nesting OFF on input line 4552.
Package hyperref Info: Hyper index ON on input line 4555.
Package hyperref Info: Plain pages OFF on input line 4562.
Package hyperref Info: Backreferencing OFF on input line 4567.
Package hyperref Info: Implicit mode ON; LaTeX internals redefined.
Package hyperref Info: Bookmarks OFF on input line 4806.
\c@Hy@tempcnt=\count286
LaTeX Info: Redefining \url on input line 5159.
\XeTeXLinkMargin=\dimen185
 (/usr/local/texlive/2017/texmf-dist/tex/generic/bitset/bitset.sty
Package: bitset 2019/12/09 v1.3 Handle bit-vector datatype (HO)
 (/usr/local/texlive/2017/texmf-dist/tex/generic/bigintcalc/bigintcalc.sty
Package: bigintcalc 2019/12/15 v1.5 Expandable calculations on big integers (HO)
))
\Fld@menulength=\count287
\Field@Width=\dimen186
\Fld@charsize=\dimen187
Package hyperref Info: Hyper figures OFF on input line 6430.
Package hyperref Info: Link nesting OFF on input line 6435.
Package hyperref Info: Hyper index ON on input line 6438.
Package hyperref Info: backreferencing OFF on input line 6445.
Package hyperref Info: Link coloring OFF on input line 6450.
Package hyperref Info: Link coloring with OCG OFF on input line 6455.
Package hyperref Info: PDF/A mode OFF on input line 6460.
LaTeX Info: Redefining \ref on input line 6500.
LaTeX Info: Redefining \pageref on input line 6504.
 (/usr/local/texlive/2017/texmf-dist/tex/generic/atbegshi/atbegshi.sty
Package: atbegshi 2019/12/05 v1.19 At begin shipout hook (HO)
)
\Hy@abspage=\count288
\c@Item=\count289
\c@Hfootnote=\count290
)
Package hyperref Info: Driver (autodetected): hpdftex.
 (/usr/local/texlive/2017/texmf-dist/tex/latex/hyperref/hpdftex.def
File: hpdftex.def 2020/01/14 v7.00d Hyperref driver for pdfTeX
 (/usr/local/texlive/2017/texmf-dist/tex/latex/atveryend/atveryend.sty
Package: atveryend 2019-12-11 v1.11 Hooks at the very end of document (HO)
Package atveryend Info: \enddocument detected (standard20110627).
)
\Fld@listcount=\count291
\c@bookmark@seq@number=\count292
 (/usr/local/texlive/2017/texmf-dist/tex/latex/rerunfilecheck/rerunfilecheck.sty
Package: rerunfilecheck 2019/12/05 v1.9 Rerun checks for auxiliary files (HO)
 (/usr/local/texlive/2017/texmf-dist/tex/generic/uniquecounter/uniquecounter.sty
Package: uniquecounter 2019/12/15 v1.4 Provide unlimited unique counter (HO)
)
Package uniquecounter Info: New unique counter `rerunfilecheck' on input line 286.
)
\Hy@SectionHShift=\skip73
)
\c@reaction=\count293
\tabularwidth=\dimen188
Package color Info: Redefining color bgcol on input line 2486.
)
LaTeX Info: Redefining \vec on input line 3.
 (/usr/local/texlive/2017/texmf-dist/tex/latex/l3backend/l3backend-pdfmode.def
File: l3backend-pdfmode.def 2020-02-03 L3 backend support: PDF mode
\l__kernel_color_stack_int=\count294
\l__pdf_internal_box=\box58
) (/Users/jamesfranke/Documents/GitHub/PhaseIIPaper/Part1/main1.aux)
\openout1 = `main1.aux'.

LaTeX Font Info:    Checking defaults for OML/cmm/m/it on input line 6.
LaTeX Font Info:    ... okay on input line 6.
LaTeX Font Info:    Checking defaults for OMS/cmsy/m/n on input line 6.
LaTeX Font Info:    ... okay on input line 6.
LaTeX Font Info:    Checking defaults for OT1/cmr/m/n on input line 6.
LaTeX Font Info:    ... okay on input line 6.
LaTeX Font Info:    Checking defaults for T1/cmr/m/n on input line 6.
LaTeX Font Info:    ... okay on input line 6.
LaTeX Font Info:    Checking defaults for TS1/cmr/m/n on input line 6.
LaTeX Font Info:    ... okay on input line 6.
LaTeX Font Info:    Checking defaults for OMX/cmex/m/n on input line 6.
LaTeX Font Info:    ... okay on input line 6.
LaTeX Font Info:    Checking defaults for U/cmr/m/n on input line 6.
LaTeX Font Info:    ... okay on input line 6.
LaTeX Font Info:    Checking defaults for PD1/pdf/m/n on input line 6.
LaTeX Font Info:    ... okay on input line 6.
LaTeX Font Info:    Trying to load font information for T1+ptm on input line 6.
 (/usr/local/texlive/2017/texmf-dist/tex/latex/psnfss/t1ptm.fd
File: t1ptm.fd 2001/06/04 font definitions for T1/ptm.
) (/usr/local/texlive/2017/texmf-dist/tex/context/base/mkii/supp-pdf.mkii
[Loading MPS to PDF converter (version 2006.09.02).]
\scratchcounter=\count295
\scratchdimen=\dimen189
\scratchbox=\box59
\nofMPsegments=\count296
\nofMParguments=\count297
\everyMPshowfont=\toks37
\MPscratchCnt=\count298
\MPscratchDim=\dimen190
\MPnumerator=\count299
\makeMPintoPDFobject=\count300
\everyMPtoPDFconversion=\toks38
) (/usr/local/texlive/2017/texmf-dist/tex/latex/epstopdf-pkg/epstopdf-base.sty
Package: epstopdf-base 2020-01-24 v2.11 Base part for package epstopdf
Package epstopdf-base Info: Redefining graphics rule for `.eps' on input line 485.
 (/usr/local/texlive/2017/texmf-dist/tex/latex/latexconfig/epstopdf-sys.cfg
File: epstopdf-sys.cfg 2010/07/13 v1.3 Configuration of (r)epstopdf for TeX Live
))
Package caption Info: Begin \AtBeginDocument code.
Package caption Info: hyperref package is loaded.
Package caption Info: rotating package is loaded.
Package caption Info: End \AtBeginDocument code.
\AtBeginShipoutBox=\box60
Package hyperref Info: Link coloring OFF on input line 6.
 (/usr/local/texlive/2017/texmf-dist/tex/latex/hyperref/nameref.sty
Package: nameref 2019/09/16 v2.46 Cross-referencing by name of section
 (/usr/local/texlive/2017/texmf-dist/tex/latex/refcount/refcount.sty
Package: refcount 2019/12/15 v3.6 Data extraction from label references (HO)
) (/usr/local/texlive/2017/texmf-dist/tex/generic/gettitlestring/gettitlestring.sty
Package: gettitlestring 2019/12/15 v1.6 Cleanup title references (HO)
)
\c@section@level=\count301
)
LaTeX Info: Redefining \ref on input line 6.
LaTeX Info: Redefining \pageref on input line 6.
LaTeX Info: Redefining \nameref on input line 6.
LaTeX Font Info:    Trying to load font information for U+msa on input line 75.
 (/usr/local/texlive/2017/texmf-dist/tex/latex/amsfonts/umsa.fd
File: umsa.fd 2013/01/14 v3.01 AMS symbols A
)
LaTeX Font Info:    Trying to load font information for U+msb on input line 75.
 (/usr/local/texlive/2017/texmf-dist/tex/latex/amsfonts/umsb.fd
File: umsb.fd 2013/01/14 v3.01 AMS symbols B
)
Underfull \hbox (badness 2126) in paragraph at lines 75--85
[][]\T1/ptm/b/n/10 Abstract.[] \T1/ptm/m/n/10 Con-cerns about food se-cu-rity un-der cli-mate
 []

LaTeX Font Info:    Trying to load font information for T1+phv on input line 85.
(/usr/local/texlive/2017/texmf-dist/tex/latex/psnfss/t1phv.fd
File: t1phv.fd 2001/06/04 scalable font definitions for T1/phv.
)
LaTeX Font Info:    Font shape `T1/phv/m/n' will be
(Font)              scaled to size 4.74998pt on input line 85.

Underfull \vbox (badness 10000) has occurred while \output is active []


Underfull \vbox (badness 10000) has occurred while \output is active []


Underfull \hbox (badness 10000) has occurred while \output is active
[]
 []

[1{/usr/local/texlive/2017/texmf-var/fonts/map/pdftex/updmap/pdftex.map}


]
Underfull \hbox (badness 7869) in paragraph at lines 110--117
[]\T1/ptm/m/n/10 The Global Grid-ded Crop Model In-ter-com-par-i-son
 []

[2]
<Fig1.png, id=192, 558.50256pt x 570.78847pt>
File: Fig1.png Graphic file (type png)
<use Fig1.png>
Package pdftex.def Info: Fig1.png  used on input line 142.
(pdftex.def)             Requested size: 426.79134pt x 436.17273pt.

Underfull \hbox (badness 1199) in paragraph at lines 156--161
\T1/ptm/m/n/10 for 1980-2010 from the 0.5 de-gree NASA Ag-MERRA
 []

[3]
Underfull \vbox (badness 10000) has occurred while \output is active []


Underfull \vbox (badness 10000) has occurred while \output is active []

 [4 </Users/jamesfranke/Documents/GitHub/PhaseIIPaper/Part1/Fig1.png>]
Underfull \vbox (badness 10000) has occurred while \output is active []


Underfull \hbox (badness 1540) in paragraph at lines 218--225
\T1/ptm/m/n/10 ver-sion of ERA-Interim, the 3-hour WFDEI (WATCH-
 []


Underfull \vbox (badness 10000) has occurred while \output is active []

 [5] [6] [7]
Overfull \hbox (4.05501pt too wide) in paragraph at lines 371--371
[]|\T1/ptm/b/n/9 Soybean| 
 []


Underfull \hbox (badness 10000) in paragraph at lines 371--371
[]|\T1/ptm/b/n/9 Winter
 []


Underfull \hbox (badness 10000) in paragraph at lines 371--371
[]|\T1/ptm/b/n/9 Spring
 []


Underfull \vbox (badness 10000) has occurred while \output is active []

 [8]
Underfull \hbox (badness 10000) in paragraph at lines 412--413
[]\T1/ptm/m/it/10 low \T1/ptm/m/n/10 as only 4 pairs: C360_N10, C360_N200,
 []

<Fig2.png, id=391, 690.54839pt x 675.46843pt>
File: Fig2.png Graphic file (type png)
<use Fig2.png>
Package pdftex.def Info: Fig2.png  used on input line 434.
(pdftex.def)             Requested size: 412.56496pt x 403.56294pt.
[9]
Underfull \vbox (badness 10000) has occurred while \output is active []


Underfull \vbox (badness 10000) has occurred while \output is active []

 [10 </Users/jamesfranke/Documents/GitHub/PhaseIIPaper/Part1/Fig2.png>]
<Fig3.png, id=455, 560.95975pt x 570.78847pt>
File: Fig3.png Graphic file (type png)
<use Fig3.png>
Package pdftex.def Info: Fig3.png  used on input line 475.
(pdftex.def)             Requested size: 426.79134pt x 434.28276pt.
<Fig4.png, id=457, 956.8548pt x 456.4252pt>
File: Fig4.png Graphic file (type png)
<use Fig4.png>
Package pdftex.def Info: Fig4.png  used on input line 491.
(pdftex.def)             Requested size: 426.79134pt x 203.57867pt.
<Fig5.png, id=461, 690.54839pt x 555.01843pt>
File: Fig5.png Graphic file (type png)
<use Fig5.png>
Package pdftex.def Info: Fig5.png  used on input line 506.
(pdftex.def)             Requested size: 426.79134pt x 343.03232pt.
<Fig6.png, id=462, 690.54839pt x 556.06169pt>
File: Fig6.png Graphic file (type png)
<use Fig6.png>
Package pdftex.def Info: Fig6.png  used on input line 528.
(pdftex.def)             Requested size: 426.79134pt x 343.67711pt.
 [11]
Underfull \vbox (badness 10000) has occurred while \output is active []


Underfull \vbox (badness 10000) has occurred while \output is active []

 [12 </Users/jamesfranke/Documents/GitHub/PhaseIIPaper/Part1/Fig3.png>]
Underfull \vbox (badness 10000) has occurred while \output is active []


Underfull \vbox (badness 10000) has occurred while \output is active []

 [13 </Users/jamesfranke/Documents/GitHub/PhaseIIPaper/Part1/Fig4.png>]
Underfull \vbox (badness 10000) has occurred while \output is active []


Underfull \vbox (badness 10000) has occurred while \output is active []

 [14 </Users/jamesfranke/Documents/GitHub/PhaseIIPaper/Part1/Fig5.png>]
Underfull \vbox (badness 10000) has occurred while \output is active []


Underfull \vbox (badness 10000) has occurred while \output is active []

 [15 </Users/jamesfranke/Documents/GitHub/PhaseIIPaper/Part1/Fig6.png>]
Underfull \vbox (badness 10000) has occurred while \output is active []


Underfull \hbox (badness 10000) in paragraph at lines 718--718
[]|\T1/ptm/b/n/9 Winter
 []


Underfull \hbox (badness 10000) in paragraph at lines 718--718
[]|\T1/ptm/b/n/9 Spring
 []


LaTeX Warning: `h' float specifier changed to `ht'.


Underfull \hbox (badness 2165) in paragraph at lines 718--718
\T1/ptm/m/n/9 grow-ing sea-sons and sec-ond fer-til-izer dates and the qual-ity
 []


Underfull \hbox (badness 2856) in paragraph at lines 718--718
\T1/ptm/m/n/9 All in-put data are avail-able via globus.org (reg-is-tra-tion re-
 []


Underfull \hbox (badness 3460) in paragraph at lines 718--718
\T1/ptm/m/n/9 quired, free of charge): Min-i-mum crop-land mask is avail-
 []


Underfull \hbox (badness 10000) in paragraph at lines 718--718
\T1/ptm/m/n/9 able at[]$https : / / app . globus . org / ^^\le-[]manager ? origin _ id =
 []


Underfull \hbox (badness 10000) in paragraph at lines 718--718
\T1/ptm/m/n/9 e4c16e81-[]6d04-[]11e5-[]ba46-[]22000b92c6ec & origin _ path =
 []


Underfull \hbox (badness 10000) in paragraph at lines 718--718
\T1/ptm/m/n/9 the file boolean_cropmask_ggcmi_phase2.nc4 Grow-ing pe-
 []


Underfull \hbox (badness 10000) in paragraph at lines 718--718
\T1/ptm/m/n/9 id = e4c16e81-[]6d04-[]11e5-[]ba46-[]22000b92c6ec & origin _ path =
 []


Underfull \hbox (badness 6592) in paragraph at lines 718--718
\T1/ptm/m/n/9 %2FAgMIP . input % 2Fother . inputs % 2FAGMIP _ GROWING _
 []


Underfull \hbox (badness 1810) in paragraph at lines 718--718
\T1/ptm/m/n/9 SEASON . HARM . version2 . 0 % 2F$[] whereas all other grow-ing
 []


Underfull \hbox (badness 10000) in paragraph at lines 718--718
\T1/ptm/m/n/9 origin _ id = e4c16e81-[]6d04-[]11e5-[]ba46-[]22000b92c6ec & origin _
 []


Underfull \vbox (badness 10000) has occurred while \output is active []

 [16] (/Users/jamesfranke/Documents/GitHub/PhaseIIPaper/Part1/main1.bbl
Underfull \hbox (badness 10000) in paragraph at lines 11--14
[]\T1/ptm/m/n/9 Allen, R., Pereira, L., Dirk, R., and Smith, M.: Crop
 []


Underfull \hbox (badness 10000) in paragraph at lines 11--14
\T1/ptm/m/n/9 evapotranspiration-Guidelines for com-put-ing crop wa-ter
 []


Underfull \hbox (badness 10000) in paragraph at lines 17--21
[]\T1/ptm/m/n/9 Angulo, C., Röt-ter, R., Lock, R., En-ders, A., Fronzek,
 []


Underfull \hbox (badness 6575) in paragraph at lines 17--21
\T1/ptm/m/n/9 S., and Ew-ert, F.: Im-pli-ca-tion of crop model cal-i-bra-
 []


Underfull \hbox (badness 4205) in paragraph at lines 17--21
\T1/ptm/m/n/9 tion strate-gies for as-sess-ing re-gional im-pacts of cli-mate
 []


Underfull \hbox (badness 2600) in paragraph at lines 17--21
\T1/ptm/m/n/9 change in Eu-rope, Agric. For. Me-te-o-rol., 170, 32 -- 46,
 []


Underfull \hbox (badness 3942) in paragraph at lines 63--68
[]\T1/ptm/m/n/9 Balkovi£, J., van der Velde, M., Skalský, R., Xiong, W.,
 []


Underfull \hbox (badness 1946) in paragraph at lines 63--68
\T1/ptm/m/n/9 Fol-berth, C., Khabarov, N., Smirnov, A., Mueller, N. D.,
 []


Underfull \hbox (badness 1552) in paragraph at lines 63--68
\T1/ptm/m/n/9 path-ways, Global and Plan-e-tary Change, 122, 107 -- 121,
 []


Underfull \hbox (badness 10000) in paragraph at lines 75--79
[]\T1/ptm/m/n/9 Bodirsky, B. L., Rolin-ski, S., Biewald, A., Weindl, I.,
 []


Underfull \hbox (badness 10000) in paragraph at lines 75--79
\T1/ptm/m/n/9 Popp, A., and Lotze-Campen, H.: Global Food De-
 []


Underfull \hbox (badness 10000) in paragraph at lines 75--79
\T1/ptm/m/n/9 mand Sce-nar-ios for the 21st Cen-tury, PLOS ONE,
 []


Underfull \hbox (badness 10000) in paragraph at lines 75--79
\T1/ptm/m/n/9 10, 1--27, https://doi.org/[]10.1371/journal.pone.0139201[],
 []


Underfull \vbox (badness 10000) has occurred while \output is active []

 [17]
Underfull \hbox (badness 3780) in paragraph at lines 128--133
\T1/ptm/m/n/9 jh-nuwala, K., Best, N., Wilde, M., and Fos-ter, I.: The
 []


Underfull \hbox (badness 2142) in paragraph at lines 128--133
\T1/ptm/m/n/9 par-al-lel sys-tem for in-te-grat-ing im-pact mod-els and sec-tors
 []


Underfull \hbox (badness 1205) in paragraph at lines 137--143
\T1/ptm/m/n/9 T., Iza-u-r-ralde, R. C., Mueller, N. D., Ray, D. K., Rosen-
 []


Underfull \vbox (badness 10000) has occurred while \output is active []


Underfull \hbox (badness 2582) in paragraph at lines 233--237
[]\T1/ptm/m/n/9 Glotter, M., El-liott, J., McIn-er-ney, D., Best, N., Fos-ter, I.,
 []


Underfull \hbox (badness 6204) in paragraph at lines 233--237
\T1/ptm/m/n/9 and Moyer, E. J.: Eval-u-at-ing the util-ity of dy-nam-i-cal
 []


Underfull \hbox (badness 4013) in paragraph at lines 233--237
\T1/ptm/m/n/9 of the Na-tional Academy of Sci-ences, 111, 8776--8781,
 []


Underfull \hbox (badness 4391) in paragraph at lines 258--263
[]\T1/ptm/m/n/9 Harris, I., Jones, P., Os-born, T., and Lis-ter, D.: Up-dated
 []


Underfull \hbox (badness 1107) in paragraph at lines 258--263
\T1/ptm/m/n/9 CRU TS3.10 Dataset, In-ter-na-tional Jour-nal of Cli-ma-tol-ogy,
 []


Underfull \hbox (badness 1048) in paragraph at lines 258--263
\T1/ptm/m/n/9 34, 623--642, https://doi.org/[]10.1002/joc.3711[], []$https : / / rmets .
 []


Underfull \hbox (badness 1831) in paragraph at lines 273--277
[]\T1/ptm/m/n/9 Haugen, M., Stein, M., Moyer, E., and Sriver, R.: Es-ti-mat-
 []


Underfull \hbox (badness 1057) in paragraph at lines 273--277
\T1/ptm/m/n/9 ing changes in tem-per-a-ture dis-tri-bu-tions in a large en-sem-
 []


Underfull \vbox (badness 10000) has occurred while \output is active []

 [18]
Underfull \hbox (badness 10000) in paragraph at lines 321--325
[]\T1/ptm/m/n/9 Izaurralde, R., Williams, J., Mcgill, W., Rosen-berg, N.,
 []


Underfull \hbox (badness 10000) in paragraph at lines 321--325
\T1/ptm/m/n/9 and Quiroga Jakas, M.: Sim-u-lat-ing soil C dy-nam-
 []


Underfull \hbox (badness 10000) in paragraph at lines 321--325
\T1/ptm/m/n/9 ics with EPIC: Model de-scrip-tion and test-ing against
 []


Underfull \hbox (badness 10000) in paragraph at lines 321--325
\T1/ptm/m/n/9 long-term data, Eco-log-i-cal Mod-elling, 192, 362--384,
 []


Underfull \hbox (badness 7451) in paragraph at lines 327--330
[]\T1/ptm/m/n/9 Jägermeyr, J. and Frieler, K.: Spa-tial vari-a-tions in crop
 []


Underfull \hbox (badness 4582) in paragraph at lines 327--330
\T1/ptm/m/n/9 grow-ing sea-sons piv-otal to re-pro-duce global fluc-tu-a-tions
 []


Underfull \hbox (badness 3281) in paragraph at lines 327--330
\T1/ptm/m/n/9 in maize and wheat yields, Sci-ence Ad-vances, 4, 4517,
 []


Underfull \vbox (badness 10000) has occurred while \output is active []


Underfull \hbox (badness 1565) in paragraph at lines 366--373
\T1/ptm/m/n/9 M., Holz-worth, D., Huth, N., Har-g-reaves, J., Meinke, H.,
 []


Underfull \hbox (badness 3158) in paragraph at lines 389--393
[]\T1/ptm/m/n/9 Liu, W., Yang, H., Fol-berth, C., Wang, X., Luo, Q., and
 []


Underfull \hbox (badness 10000) in paragraph at lines 389--393
\T1/ptm/m/n/9 Schulin, R.: Global in-ves-ti-ga-tion of im-pacts of PET
 []


Underfull \hbox (badness 10000) in paragraph at lines 389--393
\T1/ptm/m/n/9 meth-ods on sim-u-lat-ing crop-water re-la-tions for maize,
 []


Underfull \hbox (badness 7064) in paragraph at lines 389--393
\T1/ptm/m/n/9 Agri-cul-tural and For-est Me-te-o-rol-ogy, 221, 164 -- 175,
 []


Underfull \hbox (badness 2894) in paragraph at lines 413--417
[]\T1/ptm/m/n/9 Mauser, W., Klep-per, G., Zabel, F., Delzeit, R., Hank, T.,
 []


Underfull \hbox (badness 1052) in paragraph at lines 413--417
\T1/ptm/m/n/9 Putzen-lech-ner, B., and Calzadilla, A.: Global biomass pro-
 []


Underfull \hbox (badness 2042) in paragraph at lines 413--417
\T1/ptm/m/n/9 duc-tion po-ten-tials ex-ceed ex-pected fu-ture de-mand with-out
 []


Underfull \hbox (badness 10000) in paragraph at lines 428--432
[]\T1/ptm/m/n/9 McGrath, J. M. and Lo-bell, D. B.: Re-gional dis-par-i-
 []


Underfull \hbox (badness 10000) in paragraph at lines 428--432
\T1/ptm/m/n/9 ties in the CO2fertilization ef-fect and im-pli-ca-tions
 []


Underfull \hbox (badness 10000) in paragraph at lines 428--432
\T1/ptm/m/n/9 for crop yields, En-vi-ron-men-tal Re-search Let-ters, 8,
 []


Underfull \hbox (badness 10000) in paragraph at lines 428--432
\T1/ptm/m/n/9 014054, https://doi.org/[]10.1088/1748-9326/8/1/014054[],
 []


Underfull \vbox (badness 10000) has occurred while \output is active []

 [19]
Underfull \hbox (badness 3514) in paragraph at lines 449--457
[]\T1/ptm/m/n/9 Müller, C., El-liott, J., Chrys-san-tha-copou-los, J., Ar-neth, A.,
 []


Underfull \hbox (badness 2165) in paragraph at lines 462--469
[]\T1/ptm/m/n/9 Nelson, G. C., Mens-brug-ghe, D., Aham-mad, H., Blanc, E.,
 []


Underfull \hbox (badness 1383) in paragraph at lines 480--484
[]\T1/ptm/m/n/9 Osborne, T., Gor-nall, J., Hooker, J., Williams, K., Wilt-shire,
 []


Underfull \hbox (badness 1675) in paragraph at lines 480--484
\T1/ptm/m/n/9 A., Betts, R., and Wheeler, T.: JULES-crop: a parametri-
 []


Underfull \hbox (badness 1817) in paragraph at lines 480--484
\T1/ptm/m/n/9 sa-tion of crops in the Joint UK Land En-vi-ron-ment Sim-
 []


Underfull \hbox (badness 6284) in paragraph at lines 480--484
\T1/ptm/m/n/9 u-la-tor, Geo-sci-en-tific Model De-vel-op-ment, 8, 1139--1155,
 []


Underfull \vbox (badness 10000) has occurred while \output is active []


Underfull \hbox (badness 1210) in paragraph at lines 524--531
[]\T1/ptm/m/n/9 Porwollik, V., Müller, C., El-liott, J., Chrys-san-tha-copou-los, J.,
 []


Underfull \hbox (badness 2088) in paragraph at lines 524--531
\T1/ptm/m/n/9 J., Ciais, P., Deryng, D., Fol-berth, C., Iza-u-r-ralde, R. C.,
 []


Underfull \hbox (badness 1168) in paragraph at lines 524--531
\T1/ptm/m/n/9 A., and Wu, X.: Spa-tial and tem-po-ral un-cer-tainty of crop
 []


Underfull \hbox (badness 2150) in paragraph at lines 555--561
\T1/ptm/m/n/9 As-seng, S., Basso, B., Ew-ert, F., Wal-lach, D., Baig-or-ria,
 []


Underfull \hbox (badness 1178) in paragraph at lines 555--561
\T1/ptm/m/n/9 ies, Agri-cul-tural and For-est Me-te-o-rol-ogy, 170, 166 -- 182,
 []


Underfull \hbox (badness 3386) in paragraph at lines 565--571
\T1/ptm/m/n/9 C., Ar-neth, A., Boote, K. J., Fol-berth, C., Glot-ter, M.,
 []


Underfull \hbox (badness 1184) in paragraph at lines 565--571
\T1/ptm/m/n/9 Khabarov, N., Neu-mann, K., Pi-o-ntek, F., Pugh, T. A. M.,
 []


Underfull \hbox (badness 1107) in paragraph at lines 565--571
\T1/ptm/m/n/9 Schmid, E., Ste-hfest, E., Yang, H., and Jones, J. W.: As-
 []


Underfull \hbox (badness 3525) in paragraph at lines 576--585
[]\T1/ptm/m/n/9 Rosenzweig, C., Ru-ane, A. C., An-tle, J., El-liott, J., Ash-
 []


Underfull \hbox (badness 1661) in paragraph at lines 576--585
\T1/ptm/m/n/9 A: Math-e-mat-i-cal, Phys-i-cal and En-gi-neer-ing Sci-ences, 376,
 []


Underfull \hbox (badness 1960) in paragraph at lines 593--598
\T1/ptm/m/n/9 Jones, J. W., Romero, C. C., and Ce-cil, L. D.: Carbon-
 []


Underfull \vbox (badness 10000) has occurred while \output is active []

 [20]
Underfull \hbox (badness 10000) in paragraph at lines 601--605
[]\T1/ptm/m/n/9 Ruane, A. C., Gold-berg, R., and Chrys-san-tha-copou-los,
 []


Underfull \hbox (badness 10000) in paragraph at lines 601--605
\T1/ptm/m/n/9 J.: Cli-mate forc-ing datasets for agri-cul-tural mod-el-ing:
 []


Underfull \hbox (badness 2042) in paragraph at lines 601--605
\T1/ptm/m/n/9 Merged prod-ucts for gap-filling and his-tor-i-cal cli-mate se-
 []


Underfull \hbox (badness 7064) in paragraph at lines 601--605
\T1/ptm/m/n/9 ries es-ti-ma-tion, Agric. For-est Me-te-o-rol., 200, 233--248,
 []


Underfull \hbox (badness 4391) in paragraph at lines 641--644
[]\T1/ptm/m/n/9 Sacks, W. J., Deryng, D., Fo-ley, J. A., and Ra-mankutty,
 []


Underfull \hbox (badness 10000) in paragraph at lines 641--644
\T1/ptm/m/n/9 N.: Crop plant-ing dates: an anal-y-sis of global pat-
 []


Underfull \hbox (badness 7064) in paragraph at lines 641--644
\T1/ptm/m/n/9 terns, Global Ecol-ogy and Bio-geog-ra-phy, 19, 607--620,
 []


Underfull \hbox (badness 1270) in paragraph at lines 684--689
[]\T1/ptm/m/n/9 Stevanovi¢, M., Popp, A., Lotze-Campen, H., Di-et-rich, J. P.,
 []


Underfull \hbox (badness 5133) in paragraph at lines 684--689
\T1/ptm/m/n/9 Müller, C., Bon-sch, M., Schmitz, C., Bodirsky, B. L.,
 []


Underfull \hbox (badness 2020) in paragraph at lines 684--689
\T1/ptm/m/n/9 Humpenöder, F., and Weindl, I.: The im-pact of high-end
 []


Underfull \hbox (badness 1796) in paragraph at lines 684--689
\T1/ptm/m/n/9 cli-mate change on agri-cul-tural wel-fare, Sci-ence Ad-vances,
 []


Underfull \hbox (badness 3547) in paragraph at lines 684--689
\T1/ptm/m/n/9 2, https://doi.org/[]10.1126/sciadv.1501452[], []$https : / / advances .
 []


Underfull \vbox (badness 10000) has occurred while \output is active []


Underfull \hbox (badness 2671) in paragraph at lines 747--750
[]\T1/ptm/m/n/9 Wolf, J. and Oi-jen, M.: Mod-elling the de-pen-dence of Eu-
 []


Underfull \hbox (badness 5711) in paragraph at lines 747--750
\T1/ptm/m/n/9 ro-pean potato yields on changes in cli-mate and CO2,
 []


Underfull \hbox (badness 7064) in paragraph at lines 747--750
\T1/ptm/m/n/9 Agri-cul-tural and For-est Me-te-o-rol-ogy, 112, 217 -- 231,
 []


Underfull \hbox (badness 1418) in paragraph at lines 755--762
\T1/ptm/m/n/9 lec, T., Bern-hofer, C., Grün-wald, T., Moureaux, C., Man-
 []


Underfull \hbox (badness 1603) in paragraph at lines 755--762
\T1/ptm/m/n/9 agro-land sur-face model: model de-scrip-tion and eval-u-a-tion
 []

) [21]
Package atveryend Info: Empty hook `BeforeClearDocument' on input line 724.
Package atveryend Info: Empty hook `AfterLastShipout' on input line 724.
 (/Users/jamesfranke/Documents/GitHub/PhaseIIPaper/Part1/main1.aux)
Package atveryend Info: Executing hook `AtVeryEndDocument' on input line 724.
Package atveryend Info: Empty hook `AtEndAfterFileList' on input line 724.
Package atveryend Info: Empty hook `AtVeryVeryEnd' on input line 724.
 ) 
Here is how much of TeX's memory you used:
 10600 strings out of 481242
 154641 string characters out of 5918005
 517959 words of memory out of 5000000
 25478 multiletter control sequences out of 15000+600000
 572868 words of font info for 84 fonts, out of 8000000 for 9000
 1141 hyphenation exceptions out of 8191
 49i,10n,46p,2055b,621s stack positions out of 5000i,500n,10000p,200000b,80000s
{/usr/local/texlive/2017/texmf-dist/fonts/enc/dvips/base/8r.enc}</usr/local/texlive/2017/texmf-dist/fonts/type1/public/amsfonts/cm/cmbx12.pfb></usr/local/texlive/2017/texmf-dist/fonts/type1/public/amsfonts/cm/cmmi10.pfb></usr/local/texlive/2017/texmf-dist/fonts/type1/public/amsfonts/cm/cmmi9.pfb></usr/local/texlive/2017/texmf-dist/fonts/type1/public/amsfonts/cm/cmr10.pfb></usr/local/texlive/2017/texmf-dist/fonts/type1/public/amsfonts/cm/cmr6.pfb></usr/local/texlive/2017/texmf-dist/fonts/type1/public/amsfonts/cm/cmr7.pfb></usr/local/texlive/2017/texmf-dist/fonts/type1/public/amsfonts/cm/cmr9.pfb></usr/local/texlive/2017/texmf-dist/fonts/type1/public/amsfonts/cm/cmsy10.pfb></usr/local/texlive/2017/texmf-dist/fonts/type1/public/amsfonts/cm/cmsy6.pfb></usr/local/texlive/2017/texmf-dist/fonts/type1/public/amsfonts/cm/cmsy7.pfb></usr/local/texlive/2017/texmf-dist/fonts/type1/public/amsfonts/cm/cmsy9.pfb></usr/local/texlive/2017/texmf-dist/fonts/type1/urw/helvetic/uhvr8a.pfb></usr/local/texlive/2017/texmf-dist/fonts/type1/urw/times/utmb8a.pfb></usr/local/texlive/2017/texmf-dist/fonts/type1/urw/times/utmr8a.pfb></usr/local/texlive/2017/texmf-dist/fonts/type1/urw/times/utmri8a.pfb>
Output written on /Users/jamesfranke/Documents/GitHub/PhaseIIPaper/Part1/main1.pdf (21 pages, 37743322 bytes).
PDF statistics:
 783 PDF objects out of 1000 (max. 8388607)
 725 compressed objects within 8 object streams
 137 named destinations out of 1000 (max. 500000)
 31 words of extra memory for PDF output out of 10000 (max. 10000000)

